Initializing random seed 23
Thread-5
Thread-5  switching off for  776  ms
Thread-6
Thread-6  switching off for  890  ms
Thread-4
Thread-4  switching off for  668  ms
Thread-3
Thread-3  switching off for  26  ms
Thread-7
Thread-7  switching off for  268  ms
Thread-8
Thread-8  switching off for  165  ms
Thread-2
Thread-2  switching off for  226  ms
Thread-9
Thread-9  switching off for  41  ms
Thread-1
Thread-1  switching off for  63  ms
Thread-0
Thread-0  switching off for  176  ms
Thread-1  Flow # 1  size:  2507  bytes syn_fct:  1113  get_fct:  48
Thread-1  switching off for  458  ms
Thread-6  Flow # 1  size:  5927  bytes syn_fct:  323  get_fct:  81
Thread-6  switching off for  266  ms
Thread-8  Flow # 1  size:  8967  bytes syn_fct:  1069  get_fct:  102
Thread-8  switching off for  321  ms
Thread-3  Flow # 1  size:  24979  bytes syn_fct:  1268  get_fct:  162
Thread-3  switching off for  291  ms
Thread-5  Flow # 1  size:  44472  bytes syn_fct:  646  get_fct:  289
Thread-5  switching off for  1059  ms
Thread-2  Flow # 1  size:  54688  bytes syn_fct:  1204  get_fct:  297
Thread-2  switching off for  135  ms
Thread-7  Flow # 1  size:  71873  bytes syn_fct:  1242  get_fct:  378
Thread-7  switching off for  137  ms
Thread-0  Flow # 1  size:  123790  bytes syn_fct:  1535  get_fct:  583
Thread-0  switching off for  379  ms
Thread-4  Flow # 1  size:  132504  bytes syn_fct:  1088  get_fct:  623
Thread-4  switching off for  267  ms
Thread-9  Flow # 1  size:  60702  bytes syn_fct:  1724  get_fct:  637
Thread-9  switching off for  177  ms
Thread-1  Flow # 2  size:  8963  bytes syn_fct:  131  get_fct:  131
Thread-1  switching off for  308  ms
Thread-3  Flow # 2  size:  37744  bytes syn_fct:  359  get_fct:  359
Thread-3  switching off for  59  ms
Thread-7  Flow # 2  size:  64258  bytes syn_fct:  389  get_fct:  389
Thread-7  switching off for  65  ms
Thread-8  Flow # 2  size:  84874  bytes syn_fct:  549  get_fct:  548
Thread-8  switching off for  96  ms
Thread-1  Flow # 3  size:  12137  bytes syn_fct:  61  get_fct:  61
Thread-1  switching off for  255  ms
Thread-9  Flow # 2  size:  20092  bytes syn_fct:  197  get_fct:  197
Thread-9  switching off for  515  ms
Thread-7  Flow # 3  size:  3971  bytes syn_fct:  51  get_fct:  51
Thread-7  switching off for  120  ms
Thread-0  Flow # 2  size:  10381  bytes syn_fct:  73  get_fct:  73
Thread-0  switching off for  138  ms
Thread-2  Flow # 2  size:  108037  bytes syn_fct:  604  get_fct:  604
Thread-2  switching off for  102  ms
Thread-3  Flow # 3  size:  39069  bytes syn_fct:  167  get_fct:  167
Thread-3  switching off for  109  ms
Thread-3  Flow # 4  size:  11331  bytes syn_fct:  234  get_fct:  234
Thread-3  switching off for  81  ms
Thread-7  Flow # 4  size:  29897  bytes syn_fct:  331  get_fct:  331
Thread-7  switching off for  753  ms
Thread-6  Flow # 2  size:  142622  bytes syn_fct:  1208  get_fct:  1208
Thread-6  switching off for  872  ms
Thread-4  Flow # 2  size:  169213  bytes syn_fct:  790  get_fct:  790
Thread-4  switching off for  54  ms
Thread-2  Flow # 3  size:  79627  bytes syn_fct:  583  get_fct:  583
Thread-2  switching off for  1106  ms
Thread-4  Flow # 3  size:  5754  bytes syn_fct:  99  get_fct:  99
Thread-4  switching off for  161  ms
Thread-9  Flow # 3  size:  89819  bytes syn_fct:  437  get_fct:  437
Thread-9  switching off for  7  ms
Thread-1  Flow # 4  size:  122807  bytes syn_fct:  704  get_fct:  704
Thread-1  switching off for  497  ms
Thread-8  Flow # 3  size:  150319  bytes syn_fct:  907  get_fct:  907
Thread-8  switching off for  1091  ms
Thread-0  Flow # 3  size:  153159  bytes syn_fct:  1079  get_fct:  1079
Thread-0  switching off for  232  ms
Thread-3  Flow # 5  size:  78851  bytes syn_fct:  820  get_fct:  820
Thread-3  switching off for  1332  ms
Thread-5  Flow # 2  size:  176355  bytes syn_fct:  1083  get_fct:  1083
Thread-5  switching off for  127  ms
Thread-9  Flow # 4  size:  116220  bytes syn_fct:  516  get_fct:  516
Thread-9  switching off for  64  ms
Thread-9  Flow # 5  size:  7891  bytes syn_fct:  190  get_fct:  190
Thread-9  switching off for  65  ms
Thread-0  Flow # 4  size:  47320  bytes syn_fct:  597  get_fct:  597
Thread-0  switching off for  32  ms
Thread-5  Flow # 3  size:  62728  bytes syn_fct:  831  get_fct:  831
Thread-5  switching off for  55  ms
Thread-8  Flow # 4  size:  24328  bytes syn_fct:  323  get_fct:  323
Thread-8  switching off for  235  ms
Thread-4  Flow # 4  size:  163456  bytes syn_fct:  1747  get_fct:  1747
Thread-4  switching off for  693  ms
Thread-6  Flow # 3  size:  138235  bytes syn_fct:  1717  get_fct:  1717
Thread-6  switching off for  176  ms
Thread-3  Flow # 6  size:  29177  bytes syn_fct:  547  get_fct:  547
Thread-3  switching off for  125  ms
Thread-0  Flow # 5  size:  75283  bytes syn_fct:  1189  get_fct:  1188
Thread-0  switching off for  504  ms
Thread-8  Flow # 5  size:  54775  bytes syn_fct:  763  get_fct:  763
Thread-8  switching off for  349  ms
Thread-4  Flow # 5  size:  53208  bytes syn_fct:  783  get_fct:  783
Thread-4  switching off for  306  ms
Thread-7  Flow # 5  size:  297256  bytes syn_fct:  3567  get_fct:  3567
Thread-7  switching off for  104  ms
Thread-5  Flow # 4  size:  167580  bytes syn_fct:  2974  get_fct:  2974
Thread-5  switching off for  443  ms
Thread-4  Flow # 6  size:  27236  bytes syn_fct:  1011  get_fct:  1010
Thread-4  switching off for  244  ms
Thread-9  Flow # 6  size:  271172  bytes syn_fct:  3818  get_fct:  3818
Thread-9  switching off for  239  ms
Thread-8  Flow # 6  size:  118098  bytes syn_fct:  2327  get_fct:  2327
Thread-8  switching off for  121  ms
Thread-7  Flow # 6  size:  52698  bytes syn_fct:  1331  get_fct:  1331
Thread-7  switching off for  541  ms
Thread-9  Flow # 7  size:  11478  bytes syn_fct:  623  get_fct:  623
Thread-9  switching off for  85  ms
Thread-2  Flow # 4  size:  300484  bytes syn_fct:  4745  get_fct:  4745
Thread-2  switching off for  24  ms
Thread-3  Flow # 7  size:  222867  bytes syn_fct:  3516  get_fct:  3516
Thread-3  switching off for  80  ms
Thread-1  Flow # 5  size:  366481  bytes syn_fct:  6130  get_fct:  6130
Thread-1  switching off for  190  ms
Thread-8  Flow # 7  size:  81951  bytes syn_fct:  1598  get_fct:  1598
Thread-8  switching off for  380  ms
Thread-6  Flow # 4  size:  225552  bytes syn_fct:  4511  get_fct:  4511
Thread-6  switching off for  1  ms
Thread-0  Flow # 6  size:  177089  bytes syn_fct:  4068  get_fct:  4068
Thread-0  switching off for  461  ms
Thread-5  Flow # 5  size:  99760  bytes syn_fct:  2438  get_fct:  2438
Thread-5  switching off for  606  ms
Thread-8  Flow # 8  size:  15299  bytes syn_fct:  380  get_fct:  379
Thread-8  switching off for  342  ms
Thread-2  Flow # 5  size:  82558  bytes syn_fct:  2201  get_fct:  2201
Thread-2  switching off for  57  ms
Thread-0  Flow # 7  size:  22764  bytes syn_fct:  577  get_fct:  577
Thread-0  switching off for  360  ms
Thread-3  Flow # 8  size:  82291  bytes syn_fct:  2105  get_fct:  2105
Thread-3  switching off for  196  ms
Thread-7  Flow # 7  size:  78048  bytes syn_fct:  2239  get_fct:  2239
Thread-7  switching off for  350  ms
Thread-6  Flow # 5  size:  47349  bytes syn_fct:  1557  get_fct:  1557
Thread-6  switching off for  106  ms
Thread-5  Flow # 6  size:  8533  bytes syn_fct:  542  get_fct:  542
Thread-5  switching off for  687  ms
Thread-6  Flow # 6  size:  9035  bytes syn_fct:  907  get_fct:  907
Thread-6  switching off for  597  ms
Thread-1  Flow # 6  size:  59710  bytes syn_fct:  2847  get_fct:  2847
Thread-1  switching off for  206  ms
Thread-8  Flow # 9  size:  54913  bytes syn_fct:  2462  get_fct:  2462
Thread-8  switching off for  278  ms
Thread-2  Flow # 6  size:  59660  bytes syn_fct:  2740  get_fct:  2740
Thread-2  switching off for  103  ms
Thread-4  Flow # 7  size:  175181  bytes syn_fct:  6171  get_fct:  6171
Thread-4  switching off for  107  ms
Thread-3  Flow # 9  size:  77464  bytes syn_fct:  5754  get_fct:  5754
Thread-3  switching off for  125  ms
Thread-7  Flow # 8  size:  74681  bytes syn_fct:  5611  get_fct:  5611
Thread-7  switching off for  147  ms
Thread-8  Flow # 10  size:  38514  bytes syn_fct:  3364  get_fct:  3364
Thread-8  switching off for  163  ms
Thread-0  Flow # 8  size:  81163  bytes syn_fct:  5737  get_fct:  5736
Thread-0  switching off for  508  ms
Thread-2  Flow # 7  size:  42982  bytes syn_fct:  3385  get_fct:  3385
Thread-2  switching off for  242  ms
Thread-2  Flow # 8  size:  9330  bytes syn_fct:  204  get_fct:  204
Thread-2  switching off for  91  ms
Thread-7  Flow # 9  size:  29501  bytes syn_fct:  537  get_fct:  537
Thread-7  switching off for  209  ms
Thread-8  Flow # 11  size:  32582  bytes syn_fct:  638  get_fct:  638
Thread-8  switching off for  35  ms
Thread-6  Flow # 7  size:  111891  bytes syn_fct:  4825  get_fct:  4825
Thread-6  switching off for  186  ms
Thread-0  Flow # 9  size:  24495  bytes syn_fct:  340  get_fct:  340
Thread-0  switching off for  250  ms
Thread-8  Flow # 12  size:  12888  bytes syn_fct:  209  get_fct:  209
Thread-8  switching off for  90  ms
Thread-3  Flow # 10  size:  64962  bytes syn_fct:  1012  get_fct:  1012
Thread-3  switching off for  570  ms
Thread-1  Flow # 7  size:  150035  bytes syn_fct:  5405  get_fct:  5405
Thread-1  switching off for  301  ms
Thread-1  Flow # 8  size:  4361  bytes syn_fct:  137  get_fct:  137
Thread-1  switching off for  96  ms
Thread-0  Flow # 10  size:  28449  bytes syn_fct:  577  get_fct:  577
Thread-0  switching off for  134  ms
Thread-5  Flow # 7  size:  209245  bytes syn_fct:  6579  get_fct:  6579
Thread-5  switching off for  47  ms
Thread-9  Flow # 8  size:  302656  bytes syn_fct:  10208  get_fct:  10207
Thread-9  switching off for  28  ms
Thread-7  Flow # 10  size:  58363  bytes syn_fct:  1131  get_fct:  1131
Thread-7  switching off for  104  ms
Thread-7  Flow # 11  size:  8151  bytes syn_fct:  129  get_fct:  128
Thread-7  switching off for  740  ms
Thread-9  Flow # 9  size:  50372  bytes syn_fct:  651  get_fct:  650
Thread-9  switching off for  319  ms
Thread-2  Flow # 9  size:  191237  bytes syn_fct:  2326  get_fct:  2326
Thread-2  switching off for  1121  ms
Thread-9  Flow # 10  size:  18594  bytes syn_fct:  231  get_fct:  230
Thread-9  switching off for  60  ms
Thread-0  Flow # 11  size:  113769  bytes syn_fct:  1245  get_fct:  1245
Thread-0  switching off for  5  ms
Thread-0  Flow # 12  size:  14983  bytes syn_fct:  290  get_fct:  290
Thread-0  switching off for  394  ms
Thread-6  Flow # 8  size:  195393  bytes syn_fct:  2402  get_fct:  2402
Thread-6  switching off for  189  ms
Thread-1  Flow # 9  size:  134042  bytes syn_fct:  1817  get_fct:  1817
Thread-1  switching off for  370  ms
Thread-3  Flow # 11  size:  164597  bytes syn_fct:  1977  get_fct:  1977
Thread-3  switching off for  441  ms
Thread-4  Flow # 8  size:  321147  bytes syn_fct:  6620  get_fct:  6620
Thread-4  switching off for  517  ms
Thread-5  Flow # 8  size:  181667  bytes syn_fct:  2116  get_fct:  2115
Thread-5  switching off for  268  ms
Thread-9  Flow # 11  size:  94417  bytes syn_fct:  1028  get_fct:  1028
Thread-9  switching off for  583  ms
Thread-2  Flow # 10  size:  9704  bytes syn_fct:  105  get_fct:  105
Thread-2  switching off for  166  ms
Thread-6  Flow # 9  size:  84348  bytes syn_fct:  759  get_fct:  758
Thread-6  switching off for  228  ms
Thread-3  Flow # 12  size:  14397  bytes syn_fct:  297  get_fct:  297
Thread-3  switching off for  587  ms
Thread-1  Flow # 10  size:  39580  bytes syn_fct:  427  get_fct:  427
Thread-1  switching off for  171  ms
Thread-5  Flow # 9  size:  23078  bytes syn_fct:  293  get_fct:  292
Thread-5  switching off for  134  ms
Thread-0  Flow # 13  size:  92357  bytes syn_fct:  859  get_fct:  859
Thread-0  switching off for  112  ms
Thread-4  Flow # 9  size:  38089  bytes syn_fct:  642  get_fct:  642
Thread-4  switching off for  1211  ms
Thread-3  Flow # 13  size:  13833  bytes syn_fct:  211  get_fct:  211
Thread-3  switching off for  143  ms
Thread-2  Flow # 11  size:  96663  bytes syn_fct:  963  get_fct:  963
Thread-2  switching off for  533  ms
Thread-7  Flow # 12  size:  242834  bytes syn_fct:  2534  get_fct:  2534
Thread-7  switching off for  12  ms
Thread-1  Flow # 11  size:  105330  bytes syn_fct:  1148  get_fct:  1148
Thread-1  switching off for  386  ms
Thread-8  Flow # 13  size:  405209  bytes syn_fct:  4701  get_fct:  4701
Thread-8  switching off for  425  ms
Thread-7  Flow # 13  size:  50263  bytes syn_fct:  453  get_fct:  453
Thread-7  switching off for  70  ms
Thread-5  Flow # 10  size:  136571  bytes syn_fct:  1406  get_fct:  1406
Thread-5  switching off for  156  ms
Thread-7  Flow # 14  size:  6032  bytes syn_fct:  46  get_fct:  46
Thread-7  switching off for  167  ms
Thread-4  Flow # 10  size:  37933  bytes syn_fct:  451  get_fct:  451
Thread-4  switching off for  113  ms
Thread-2  Flow # 12  size:  76591  bytes syn_fct:  681  get_fct:  681
Thread-2  switching off for  333  ms
Thread-8  Flow # 14  size:  28227  bytes syn_fct:  368  get_fct:  368
Thread-8  switching off for  57  ms
Thread-3  Flow # 14  size:  148717  bytes syn_fct:  1483  get_fct:  1482
Thread-3  switching off for  257  ms
Thread-9  Flow # 12  size:  217574  bytes syn_fct:  2153  get_fct:  2153
Thread-9  switching off for  1028  ms
Thread-7  Flow # 15  size:  53505  bytes syn_fct:  666  get_fct:  665
Thread-7  switching off for  292  ms
Thread-5  Flow # 11  size:  88997  bytes syn_fct:  1239  get_fct:  1239
Thread-5  switching off for  753  ms
Thread-6  Flow # 10  size:  259648  bytes syn_fct:  2819  get_fct:  2819
Thread-6  switching off for  1193  ms
Thread-4  Flow # 11  size:  58961  bytes syn_fct:  827  get_fct:  827
Thread-4  switching off for  324  ms
Thread-2  Flow # 13  size:  76870  bytes syn_fct:  933  get_fct:  933
Thread-2  switching off for  19  ms
Thread-3  Flow # 15  size:  55800  bytes syn_fct:  887  get_fct:  887
Thread-3  switching off for  144  ms
Thread-1  Flow # 12  size:  173126  bytes syn_fct:  2023  get_fct:  2023
Thread-1  switching off for  10  ms
Thread-3  Flow # 16  size:  5880  bytes syn_fct:  117  get_fct:  117
Thread-3  switching off for  404  ms
Thread-7  Flow # 16  size:  93721  bytes syn_fct:  1111  get_fct:  1111
Thread-7  switching off for  370  ms
Thread-9  Flow # 13  size:  49662  bytes syn_fct:  470  get_fct:  470
Thread-9  switching off for  331  ms
Thread-4  Flow # 12  size:  56253  bytes syn_fct:  599  get_fct:  598
Thread-4  switching off for  95  ms
Thread-8  Flow # 15  size:  172447  bytes syn_fct:  1790  get_fct:  1790
Thread-8  switching off for  276  ms
Thread-5  Flow # 12  size:  49517  bytes syn_fct:  425  get_fct:  424
Thread-5  switching off for  19  ms
Thread-4  Flow # 13  size:  18470  bytes syn_fct:  193  get_fct:  193
Thread-4  switching off for  38  ms
Thread-0  Flow # 14  size:  398640  bytes syn_fct:  3975  get_fct:  3975
Thread-0  switching off for  307  ms
Thread-9  Flow # 14  size:  6999  bytes syn_fct:  83  get_fct:  83
Thread-9  switching off for  290  ms
Thread-4  Flow # 14  size:  15732  bytes syn_fct:  287  get_fct:  286
Thread-4  switching off for  416  ms
Thread-8  Flow # 16  size:  37039  bytes syn_fct:  593  get_fct:  593
Thread-8  switching off for  65  ms
Thread-3  Flow # 17  size:  72253  bytes syn_fct:  898  get_fct:  898
Thread-3  switching off for  93  ms
Thread-7  Flow # 17  size:  64099  bytes syn_fct:  826  get_fct:  826
Thread-7  switching off for  100  ms
Thread-5  Flow # 13  size:  88691  bytes syn_fct:  959  get_fct:  959
Thread-5  switching off for  203  ms
Thread-2  Flow # 14  size:  183382  bytes syn_fct:  1713  get_fct:  1713
Thread-2  switching off for  236  ms
Thread-6  Flow # 11  size:  78197  bytes syn_fct:  1015  get_fct:  1015
Thread-6  switching off for  987  ms
Thread-4  Flow # 15  size:  42646  bytes syn_fct:  343  get_fct:  343
Thread-4  switching off for  468  ms
Thread-5  Flow # 14  size:  2247  bytes syn_fct:  42  get_fct:  42
Thread-5  switching off for  694  ms
Thread-9  Flow # 15  size:  75839  bytes syn_fct:  771  get_fct:  770
Thread-9  switching off for  49  ms
Thread-0  Flow # 15  size:  93251  bytes syn_fct:  843  get_fct:  843
Thread-0  switching off for  350  ms
Thread-7  Flow # 18  size:  34990  bytes syn_fct:  244  get_fct:  244
Thread-7  switching off for  329  ms
Thread-7  Flow # 19  size:  11921  bytes syn_fct:  165  get_fct:  165
Thread-7  switching off for  35  ms
Thread-2  Flow # 15  size:  84333  bytes syn_fct:  679  get_fct:  679
Thread-2  switching off for  24  ms
Thread-5  Flow # 15  size:  8478  bytes syn_fct:  126  get_fct:  126
Thread-5  switching off for  381  ms
Thread-3  Flow # 18  size:  156419  bytes syn_fct:  1429  get_fct:  1429
Thread-3  switching off for  215  ms
Thread-3  Flow # 19  size:  31754  bytes syn_fct:  641  get_fct:  641
Thread-3  switching off for  255  ms
Thread-1  Flow # 13  size:  367811  bytes syn_fct:  3785  get_fct:  3785
Thread-1  switching off for  1466  ms
Thread-5  Flow # 16  size:  99947  bytes syn_fct:  1290  get_fct:  1289
Thread-5  switching off for  625  ms
Thread-7  Flow # 20  size:  175601  bytes syn_fct:  2209  get_fct:  2209
Thread-7  switching off for  65  ms
Thread-2  Flow # 16  size:  158657  bytes syn_fct:  2185  get_fct:  2185
Thread-2  switching off for  398  ms
Thread-9  Flow # 16  size:  294148  bytes syn_fct:  2975  get_fct:  2975
Thread-9  switching off for  22  ms
Thread-0  Flow # 16  size:  253748  bytes syn_fct:  2993  get_fct:  2993
Thread-0  switching off for  18  ms
Thread-3  Flow # 20  size:  104034  bytes syn_fct:  1078  get_fct:  1078
Thread-3  switching off for  326  ms
Thread-5  Flow # 17  size:  19367  bytes syn_fct:  333  get_fct:  333
Thread-5  switching off for  1115  ms
Thread-2  Flow # 17  size:  24505  bytes syn_fct:  291  get_fct:  291
Thread-2  switching off for  0  ms
Thread-8  Flow # 17  size:  381435  bytes syn_fct:  3996  get_fct:  3996
Thread-8  switching off for  252  ms
Thread-0  Flow # 17  size:  15349  bytes syn_fct:  192  get_fct:  192
Thread-0  switching off for  254  ms
Thread-0  Flow # 18  size:  15009  bytes syn_fct:  274  get_fct:  273
Thread-0  switching off for  478  ms
Thread-7  Flow # 21  size:  131593  bytes syn_fct:  1286  get_fct:  1286
Thread-7  switching off for  131  ms
Thread-4  Flow # 16  size:  349454  bytes syn_fct:  3935  get_fct:  3935
Thread-4  switching off for  215  ms
Thread-6  Flow # 12  size:  315091  bytes syn_fct:  3581  get_fct:  3581
Thread-6  switching off for  703  ms
Thread-9  Flow # 17  size:  171590  bytes syn_fct:  1698  get_fct:  1698
Thread-9  switching off for  118  ms
Thread-0  Flow # 19  size:  8534  bytes syn_fct:  241  get_fct:  241
Thread-0  switching off for  333  ms
Thread-8  Flow # 18  size:  101159  bytes syn_fct:  1111  get_fct:  1111
Thread-8  switching off for  535  ms
Thread-1  Flow # 14  size:  142365  bytes syn_fct:  1485  get_fct:  1485
Thread-1  switching off for  69  ms
Thread-2  Flow # 18  size:  165805  bytes syn_fct:  1614  get_fct:  1614
Thread-2  switching off for  46  ms
Thread-5  Flow # 18  size:  53505  bytes syn_fct:  778  get_fct:  778
Thread-5  switching off for  1114  ms
Thread-7  Flow # 22  size:  87650  bytes syn_fct:  1074  get_fct:  1073
Thread-7  switching off for  285  ms
Thread-0  Flow # 20  size:  15062  bytes syn_fct:  243  get_fct:  243
Thread-0  switching off for  167  ms
Thread-3  Flow # 21  size:  159937  bytes syn_fct:  1755  get_fct:  1754
Thread-3  switching off for  212  ms
Thread-9  Flow # 18  size:  94661  bytes syn_fct:  1112  get_fct:  1112
Thread-9  switching off for  806  ms
Thread-2  Flow # 19  size:  87535  bytes syn_fct:  1117  get_fct:  1117
Thread-2  switching off for  483  ms
Thread-0  Flow # 21  size:  73874  bytes syn_fct:  877  get_fct:  876
Thread-0  switching off for  92  ms
Thread-4  Flow # 17  size:  192018  bytes syn_fct:  2157  get_fct:  2157
Thread-4  switching off for  519  ms
Thread-7  Flow # 23  size:  76950  bytes syn_fct:  1071  get_fct:  1071
Thread-7  switching off for  379  ms
Thread-3  Flow # 22  size:  89964  bytes syn_fct:  1084  get_fct:  1084
Thread-3  switching off for  909  ms
Thread-1  Flow # 15  size:  158777  bytes syn_fct:  1689  get_fct:  1689
Thread-1  switching off for  212  ms
Thread-6  Flow # 13  size:  163062  bytes syn_fct:  1738  get_fct:  1738
Thread-6  switching off for  132  ms
Thread-2  Flow # 20  size:  13653  bytes syn_fct:  165  get_fct:  165
Thread-2  switching off for  208  ms
Thread-8  Flow # 19  size:  165836  bytes syn_fct:  1734  get_fct:  1734
Thread-8  switching off for  138  ms
Thread-6  Flow # 14  size:  22958  bytes syn_fct:  1172  get_fct:  1172
Thread-6  switching off for  52  ms
Thread-0  Flow # 22  size:  91666  bytes syn_fct:  1709  get_fct:  1709
Thread-0  switching off for  85  ms
Thread-2  Flow # 21  size:  10439  bytes syn_fct:  1087  get_fct:  1087
Thread-2  switching off for  11  ms
Thread-4  Flow # 18  size:  28466  bytes syn_fct:  1219  get_fct:  1219
Thread-4  switching off for  448  ms
Thread-3  Flow # 23  size:  61525  bytes syn_fct:  1311  get_fct:  1311
Thread-3  switching off for  49  ms
Thread-6  Flow # 15  size:  79894  bytes syn_fct:  1760  get_fct:  1760
Thread-6  switching off for  303  ms
Thread-5  Flow # 19  size:  182727  bytes syn_fct:  3782  get_fct:  3782
Thread-5  switching off for  427  ms
Thread-5  Flow # 20  size:  5478  bytes syn_fct:  170  get_fct:  170
Thread-5  switching off for  788  ms
Thread-3  Flow # 24  size:  82487  bytes syn_fct:  1854  get_fct:  1854
Thread-3  switching off for  92  ms
Thread-7  Flow # 24  size:  146219  bytes syn_fct:  3956  get_fct:  3956
Thread-7  switching off for  187  ms
Thread-2  Flow # 22  size:  89812  bytes syn_fct:  2762  get_fct:  2762
Thread-2  switching off for  453  ms
Thread-6  Flow # 16  size:  59186  bytes syn_fct:  983  get_fct:  983
Thread-6  switching off for  123  ms
Thread-7  Flow # 25  size:  9701  bytes syn_fct:  466  get_fct:  466
Thread-7  switching off for  155  ms
Thread-4  Flow # 19  size:  133257  bytes syn_fct:  3161  get_fct:  3161
Thread-4  switching off for  141  ms
Thread-9  Flow # 19  size:  246759  bytes syn_fct:  5604  get_fct:  5604
Thread-9  switching off for  57  ms
Thread-8  Flow # 20  size:  216412  bytes syn_fct:  5509  get_fct:  5509
Thread-8  switching off for  866  ms
Thread-2  Flow # 23  size:  65395  bytes syn_fct:  1544  get_fct:  1544
Thread-2  switching off for  7  ms
Thread-6  Flow # 17  size:  55864  bytes syn_fct:  1837  get_fct:  1837
Thread-6  switching off for  451  ms
Thread-3  Flow # 25  size:  134101  bytes syn_fct:  3127  get_fct:  3126
Thread-3  switching off for  395  ms
Thread-8  Flow # 21  size:  11193  bytes syn_fct:  554  get_fct:  553
Thread-8  switching off for  443  ms
Thread-7  Flow # 26  size:  109796  bytes syn_fct:  2737  get_fct:  2737
Thread-7  switching off for  994  ms
Thread-4  Flow # 20  size:  131923  bytes syn_fct:  3479  get_fct:  3479
Thread-4  switching off for  777  ms
Thread-4  Flow # 21  size:  15523  bytes syn_fct:  372  get_fct:  372
Thread-4  switching off for  106  ms
Thread-5  Flow # 21  size:  157294  bytes syn_fct:  5571  get_fct:  5571
Thread-5  switching off for  221  ms
Thread-3  Flow # 26  size:  98424  bytes syn_fct:  3126  get_fct:  3126
Thread-3  switching off for  303  ms
Thread-7  Flow # 27  size:  100403  bytes syn_fct:  2295  get_fct:  2295
Thread-7  switching off for  291  ms
Thread-6  Flow # 18  size:  118092  bytes syn_fct:  4276  get_fct:  4276
Thread-6  switching off for  291  ms
Thread-9  Flow # 20  size:  212081  bytes syn_fct:  5538  get_fct:  5538
Thread-9  switching off for  153  ms
Thread-1  Flow # 16  size:  411046  bytes syn_fct:  11117  get_fct:  11117
Thread-1  switching off for  275  ms
Thread-4  Flow # 22  size:  75469  bytes syn_fct:  1237  get_fct:  1237
Thread-4  switching off for  154  ms
Thread-2  Flow # 24  size:  195473  bytes syn_fct:  5203  get_fct:  5203
Thread-2  switching off for  3  ms
Thread-6  Flow # 19  size:  16685  bytes syn_fct:  421  get_fct:  421
Thread-6  switching off for  199  ms
Thread-1  Flow # 17  size:  8470  bytes syn_fct:  271  get_fct:  271
Thread-1  switching off for  129  ms
Thread-7  Flow # 28  size:  41403  bytes syn_fct:  629  get_fct:  628
Thread-7  switching off for  781  ms
Thread-4  Flow # 23  size:  35697  bytes syn_fct:  560  get_fct:  560
Thread-4  switching off for  563  ms
Thread-2  Flow # 25  size:  40948  bytes syn_fct:  710  get_fct:  710
Thread-2  switching off for  96  ms
Thread-2  Flow # 26  size:  12361  bytes syn_fct:  309  get_fct:  309
Thread-2  switching off for  282  ms
Thread-0  Flow # 23  size:  469527  bytes syn_fct:  11091  get_fct:  11091
Thread-0  switching off for  77  ms
Thread-9  Flow # 21  size:  134486  bytes syn_fct:  1756  get_fct:  1755
Thread-9  switching off for  29  ms
Thread-2  Flow # 27  size:  28202  bytes syn_fct:  591  get_fct:  591
Thread-2  switching off for  354  ms
Thread-8  Flow # 22  size:  293653  bytes syn_fct:  5533  get_fct:  5533
Thread-8  switching off for  88  ms
Thread-0  Flow # 24  size:  55338  bytes syn_fct:  856  get_fct:  855
Thread-0  switching off for  1085  ms
Thread-1  Flow # 18  size:  109387  bytes syn_fct:  1682  get_fct:  1682
Thread-1  switching off for  348  ms
Thread-6  Flow # 20  size:  151648  bytes syn_fct:  2067  get_fct:  2067
Thread-6  switching off for  48  ms
Thread-5  Flow # 22  size:  305423  bytes syn_fct:  3723  get_fct:  3723
Thread-5  switching off for  411  ms
Thread-9  Flow # 22  size:  98617  bytes syn_fct:  1219  get_fct:  1219
Thread-9  switching off for  394  ms
Thread-3  Flow # 27  size:  291096  bytes syn_fct:  3394  get_fct:  3394
Thread-3  switching off for  124  ms
Thread-9  Flow # 23  size:  5283  bytes syn_fct:  215  get_fct:  215
Thread-9  switching off for  141  ms
Thread-7  Flow # 29  size:  217263  bytes syn_fct:  2976  get_fct:  2975
Thread-7  switching off for  470  ms
Thread-9  Flow # 24  size:  37814  bytes syn_fct:  706  get_fct:  706
Thread-9  switching off for  37  ms
Thread-9  Flow # 25  size:  6367  bytes syn_fct:  422  get_fct:  422
Thread-9  switching off for  36  ms
Thread-6  Flow # 21  size:  131066  bytes syn_fct:  2127  get_fct:  2127
Thread-6  switching off for  602  ms
Thread-7  Flow # 30  size:  12265  bytes syn_fct:  229  get_fct:  229
Thread-7  switching off for  131  ms
Thread-3  Flow # 28  size:  88689  bytes syn_fct:  1806  get_fct:  1806
Thread-3  switching off for  31  ms
Thread-0  Flow # 25  size:  78376  bytes syn_fct:  2052  get_fct:  2052
Thread-0  switching off for  254  ms
Thread-7  Flow # 31  size:  40446  bytes syn_fct:  1097  get_fct:  1097
Thread-7  switching off for  396  ms
Thread-8  Flow # 23  size:  261457  bytes syn_fct:  4408  get_fct:  4408
Thread-8  switching off for  289  ms
Thread-9  Flow # 26  size:  57126  bytes syn_fct:  1787  get_fct:  1787
Thread-9  switching off for  572  ms
Thread-0  Flow # 26  size:  60860  bytes syn_fct:  1476  get_fct:  1476
Thread-0  switching off for  411  ms
Thread-5  Flow # 23  size:  189681  bytes syn_fct:  3940  get_fct:  3939
Thread-5  switching off for  210  ms
Thread-3  Flow # 29  size:  110858  bytes syn_fct:  2426  get_fct:  2426
Thread-3  switching off for  393  ms
Thread-9  Flow # 27  size:  33159  bytes syn_fct:  826  get_fct:  826
Thread-9  switching off for  522  ms
Thread-6  Flow # 22  size:  137684  bytes syn_fct:  2576  get_fct:  2576
Thread-6  switching off for  233  ms
Thread-4  Flow # 24  size:  420300  bytes syn_fct:  7202  get_fct:  7202
Thread-4  switching off for  13  ms
Thread-7  Flow # 32  size:  143695  bytes syn_fct:  2206  get_fct:  2206
Thread-7  switching off for  734  ms
Thread-2  Flow # 28  size:  398140  bytes syn_fct:  6496  get_fct:  6496
Thread-2  switching off for  565  ms
Thread-5  Flow # 24  size:  153554  bytes syn_fct:  2107  get_fct:  2107
Thread-5  switching off for  78  ms
Thread-4  Flow # 25  size:  64904  bytes syn_fct:  1714  get_fct:  1714
Thread-4  switching off for  63  ms
Thread-0  Flow # 27  size:  147961  bytes syn_fct:  2759  get_fct:  2759
Thread-0  switching off for  11  ms
Thread-1  Flow # 19  size:  408420  bytes syn_fct:  7696  get_fct:  7696
Thread-1  switching off for  34  ms
Thread-6  Flow # 23  size:  102307  bytes syn_fct:  2773  get_fct:  2773
Thread-6  switching off for  265  ms
Thread-2  Flow # 29  size:  57857  bytes syn_fct:  2831  get_fct:  2831
Thread-2  switching off for  492  ms
Thread-3  Flow # 30  size:  185199  bytes syn_fct:  4603  get_fct:  4603
Thread-3  switching off for  88  ms
Thread-8  Flow # 24  size:  231466  bytes syn_fct:  7173  get_fct:  7173
Thread-8  switching off for  284  ms
Thread-9  Flow # 28  size:  129744  bytes syn_fct:  6092  get_fct:  6092
Thread-9  switching off for  468  ms
Thread-2  Flow # 30  size:  18898  bytes syn_fct:  1966  get_fct:  1966
Thread-2  switching off for  36  ms
Thread-4  Flow # 26  size:  85970  bytes syn_fct:  4609  get_fct:  4609
Thread-4  switching off for  146  ms
Thread-4  Flow # 27  size:  157  bytes syn_fct:  59  get_fct:  59
Thread-4  switching off for  156  ms
Thread-2  Flow # 31  size:  23008  bytes syn_fct:  600  get_fct:  600
Thread-2  switching off for  59  ms
Thread-5  Flow # 25  size:  107087  bytes syn_fct:  5843  get_fct:  5843
Thread-5  switching off for  76  ms
Thread-8  Flow # 25  size:  57020  bytes syn_fct:  1424  get_fct:  1424
Thread-8  switching off for  304  ms
Thread-3  Flow # 31  size:  73895  bytes syn_fct:  3337  get_fct:  3337
Thread-3  switching off for  104  ms
Thread-5  Flow # 26  size:  27395  bytes syn_fct:  715  get_fct:  715
Thread-5  switching off for  58  ms
Thread-3  Flow # 32  size:  8951  bytes syn_fct:  405  get_fct:  405
Thread-3  switching off for  728  ms
Thread-6  Flow # 24  size:  142146  bytes syn_fct:  5187  get_fct:  5187
Thread-6  switching off for  12  ms
Thread-8  Flow # 26  size:  22472  bytes syn_fct:  563  get_fct:  563
Thread-8  switching off for  71  ms
Thread-5  Flow # 27  size:  21377  bytes syn_fct:  468  get_fct:  468
Thread-5  switching off for  0  ms
Thread-0  Flow # 28  size:  210417  bytes syn_fct:  7110  get_fct:  7110
Thread-0  switching off for  7  ms
Thread-7  Flow # 33  size:  216772  bytes syn_fct:  7760  get_fct:  7760
Thread-7  switching off for  118  ms
Thread-5  Flow # 28  size:  46428  bytes syn_fct:  1302  get_fct:  1302
Thread-5  switching off for  297  ms
Thread-6  Flow # 25  size:  77686  bytes syn_fct:  1894  get_fct:  1894
Thread-6  switching off for  602  ms
Thread-5  Flow # 29  size:  8330  bytes syn_fct:  290  get_fct:  290
Thread-5  switching off for  94  ms
Thread-2  Flow # 32  size:  178215  bytes syn_fct:  3835  get_fct:  3835
Thread-2  switching off for  29  ms
Thread-0  Flow # 29  size:  52988  bytes syn_fct:  1951  get_fct:  1951
Thread-0  switching off for  64  ms
Thread-2  Flow # 33  size:  8759  bytes syn_fct:  3838  get_fct:  3838
Thread-2  switching off for  45  ms
Thread-6  Flow # 26  size:  14262  bytes syn_fct:  4075  get_fct:  4075
Thread-6  switching off for  27  ms
Thread-8  Flow # 27  size:  127395  bytes syn_fct:  7340  get_fct:  7340
Thread-8  switching off for  205  ms
Thread-7  Flow # 34  size:  66199  bytes syn_fct:  6778  get_fct:  6778
Thread-7  switching off for  499  ms
Thread-4  Flow # 28  size:  200782  bytes syn_fct:  9197  get_fct:  9197
Thread-4  switching off for  14  ms
Thread-0  Flow # 30  size:  28481  bytes syn_fct:  5158  get_fct:  5158
Thread-0  switching off for  329  ms
Thread-4  Flow # 29  size:  4641  bytes syn_fct:  209  get_fct:  208
Thread-4  switching off for  2  ms
Thread-3  Flow # 33  size:  133823  bytes syn_fct:  8144  get_fct:  8144
Thread-3  switching off for  0  ms
Thread-2  Flow # 34  size:  75172  bytes syn_fct:  4321  get_fct:  4321
Thread-2  switching off for  112  ms
Thread-4  Flow # 30  size:  70458  bytes syn_fct:  2947  get_fct:  2947
Thread-4  switching off for  260  ms
Thread-8  Flow # 28  size:  70983  bytes syn_fct:  3378  get_fct:  3378
Thread-8  switching off for  10  ms
Thread-3  Flow # 34  size:  51408  bytes syn_fct:  2758  get_fct:  2758
Thread-3  switching off for  329  ms
Thread-5  Flow # 30  size:  147869  bytes syn_fct:  9894  get_fct:  9894
Thread-5  switching off for  556  ms
Thread-7  Flow # 35  size:  98058  bytes syn_fct:  4208  get_fct:  4208
Thread-7  switching off for  513  ms
Thread-9  Flow # 29  size:  328518  bytes syn_fct:  14329  get_fct:  14328
Thread-9  switching off for  27  ms
Thread-1  Flow # 20  size:  459727  bytes syn_fct:  19511  get_fct:  19511
Thread-1  switching off for  362  ms
Thread-4  Flow # 31  size:  79557  bytes syn_fct:  2371  get_fct:  2371
Thread-4  switching off for  113  ms
Thread-6  Flow # 27  size:  190963  bytes syn_fct:  7394  get_fct:  7393
Thread-6  switching off for  112  ms
Thread-5  Flow # 31  size:  66793  bytes syn_fct:  1454  get_fct:  1454
Thread-5  switching off for  76  ms
Thread-0  Flow # 31  size:  189380  bytes syn_fct:  6039  get_fct:  6039
Thread-0  switching off for  706  ms
Thread-8  Flow # 29  size:  140252  bytes syn_fct:  3790  get_fct:  3790
Thread-8  switching off for  17  ms
Thread-5  Flow # 32  size:  27538  bytes syn_fct:  640  get_fct:  640
Thread-5  switching off for  151  ms
Thread-4  Flow # 32  size:  97508  bytes syn_fct:  2338  get_fct:  2338
Thread-4  switching off for  698  ms
Thread-3  Flow # 35  size:  180258  bytes syn_fct:  4598  get_fct:  4598
Thread-3  switching off for  74  ms
Thread-3  Flow # 36  size:  9754  bytes syn_fct:  525  get_fct:  525
Thread-3  switching off for  76  ms
Thread-7  Flow # 36  size:  158195  bytes syn_fct:  4958  get_fct:  4958
Thread-7  switching off for  35  ms
Thread-5  Flow # 33  size:  84868  bytes syn_fct:  3421  get_fct:  3421
Thread-5  switching off for  251  ms
Thread-7  Flow # 37  size:  9431  bytes syn_fct:  616  get_fct:  616
Thread-7  switching off for  15  ms
Thread-6  Flow # 28  size:  154230  bytes syn_fct:  4504  get_fct:  4504
Thread-6  switching off for  147  ms
Thread-9  Flow # 30  size:  185598  bytes syn_fct:  5766  get_fct:  5766
Thread-9  switching off for  491  ms
Thread-5  Flow # 34  size:  9977  bytes syn_fct:  489  get_fct:  488
Thread-5  switching off for  9  ms
Thread-0  Flow # 32  size:  117434  bytes syn_fct:  4331  get_fct:  4331
Thread-0  switching off for  392  ms
Thread-7  Flow # 38  size:  31006  bytes syn_fct:  1009  get_fct:  1009
Thread-7  switching off for  18  ms
Thread-3  Flow # 37  size:  55188  bytes syn_fct:  2492  get_fct:  2492
Thread-3  switching off for  808  ms
Thread-9  Flow # 31  size:  19343  bytes syn_fct:  434  get_fct:  434
Thread-9  switching off for  89  ms
Thread-4  Flow # 33  size:  71775  bytes syn_fct:  2990  get_fct:  2990
Thread-4  switching off for  589  ms
Thread-9  Flow # 32  size:  18040  bytes syn_fct:  766  get_fct:  766
Thread-9  switching off for  696  ms
Thread-3  Flow # 38  size:  17045  bytes syn_fct:  360  get_fct:  360
Thread-3  switching off for  403  ms
Thread-8  Flow # 30  size:  203852  bytes syn_fct:  6089  get_fct:  6089
Thread-8  switching off for  944  ms
Thread-2  Flow # 35  size:  314633  bytes syn_fct:  9882  get_fct:  9882
Thread-2  switching off for  1080  ms
Thread-0  Flow # 33  size:  41624  bytes syn_fct:  1208  get_fct:  1208
Thread-0  switching off for  51  ms
Thread-9  Flow # 33  size:  2477  bytes syn_fct:  64  get_fct:  64
Thread-9  switching off for  230  ms
Thread-3  Flow # 39  size:  21290  bytes syn_fct:  684  get_fct:  684
Thread-3  switching off for  73  ms
Thread-9  Flow # 34  size:  26554  bytes syn_fct:  575  get_fct:  575
Thread-9  switching off for  261  ms
Thread-7  Flow # 39  size:  136843  bytes syn_fct:  3261  get_fct:  3261
Thread-7  switching off for  381  ms
Thread-8  Flow # 31  size:  44279  bytes syn_fct:  1131  get_fct:  1131
Thread-8  switching off for  62  ms
Thread-5  Flow # 35  size:  164425  bytes syn_fct:  4052  get_fct:  4052
Thread-5  switching off for  505  ms
Thread-1  Flow # 21  size:  368712  bytes syn_fct:  9531  get_fct:  9531
Thread-1  switching off for  179  ms
Thread-4  Flow # 34  size:  151496  bytes syn_fct:  2959  get_fct:  2959
Thread-4  switching off for  234  ms
Thread-3  Flow # 40  size:  61513  bytes syn_fct:  1464  get_fct:  1464
Thread-3  switching off for  23  ms
Thread-9  Flow # 35  size:  81213  bytes syn_fct:  1182  get_fct:  1182
Thread-9  switching off for  898  ms
Thread-0  Flow # 34  size:  130049  bytes syn_fct:  2747  get_fct:  2747
Thread-0  switching off for  423  ms
Thread-6  Flow # 29  size:  231833  bytes syn_fct:  5352  get_fct:  5352
Thread-6  switching off for  581  ms
Thread-5  Flow # 36  size:  41434  bytes syn_fct:  1241  get_fct:  1241
Thread-5  switching off for  620  ms
Thread-3  Flow # 41  size:  61338  bytes syn_fct:  1686  get_fct:  1686
Thread-3  switching off for  4  ms
Thread-6  Flow # 30  size:  39982  bytes syn_fct:  876  get_fct:  876
Thread-6  switching off for  183  ms
Thread-1  Flow # 22  size:  103201  bytes syn_fct:  2121  get_fct:  2121
Thread-1  switching off for  643  ms
Thread-7  Flow # 40  size:  143875  bytes syn_fct:  2631  get_fct:  2631
Thread-7  switching off for  54  ms
Thread-7  Flow # 41  size:  3672  bytes syn_fct:  108  get_fct:  108
Thread-7  switching off for  418  ms
Thread-8  Flow # 32  size:  162610  bytes syn_fct:  2980  get_fct:  2979
Thread-8  switching off for  458  ms
Thread-6  Flow # 31  size:  22389  bytes syn_fct:  420  get_fct:  420
Thread-6  switching off for  140  ms
Thread-2  Flow # 36  size:  249950  bytes syn_fct:  4311  get_fct:  4311
Thread-2  switching off for  65  ms
Thread-9  Flow # 36  size:  114110  bytes syn_fct:  1931  get_fct:  1931
Thread-9  switching off for  224  ms
Thread-3  Flow # 42  size:  83820  bytes syn_fct:  1255  get_fct:  1255
Thread-3  switching off for  126  ms
Thread-1  Flow # 23  size:  25316  bytes syn_fct:  409  get_fct:  409
Thread-1  switching off for  853  ms
Thread-5  Flow # 37  size:  97061  bytes syn_fct:  1252  get_fct:  1252
Thread-5  switching off for  48  ms
Thread-2  Flow # 37  size:  38433  bytes syn_fct:  571  get_fct:  571
Thread-2  switching off for  95  ms
Thread-3  Flow # 43  size:  28595  bytes syn_fct:  497  get_fct:  497
Thread-3  switching off for  113  ms
Thread-8  Flow # 33  size:  40261  bytes syn_fct:  755  get_fct:  755
Thread-8  switching off for  59  ms
Thread-6  Flow # 32  size:  81531  bytes syn_fct:  1548  get_fct:  1548
Thread-6  switching off for  254  ms
Thread-5  Flow # 38  size:  36599  bytes syn_fct:  989  get_fct:  989
Thread-5  switching off for  209  ms
Thread-4  Flow # 35  size:  226463  bytes syn_fct:  4350  get_fct:  4350
Thread-4  switching off for  277  ms
Thread-9  Flow # 37  size:  82992  bytes syn_fct:  1412  get_fct:  1412
Thread-9  switching off for  59  ms
Thread-2  Flow # 38  size:  66882  bytes syn_fct:  1038  get_fct:  1038
Thread-2  switching off for  459  ms
Thread-7  Flow # 42  size:  117480  bytes syn_fct:  1816  get_fct:  1816
Thread-7  switching off for  1304  ms
Thread-1  Flow # 24  size:  56561  bytes syn_fct:  866  get_fct:  866
Thread-1  switching off for  59  ms
Thread-1  Flow # 25  size:  1387  bytes syn_fct:  108  get_fct:  108
Thread-1  switching off for  39  ms
Thread-0  Flow # 35  size:  325212  bytes syn_fct:  4671  get_fct:  4671
Thread-0  switching off for  398  ms
Thread-2  Flow # 39  size:  9637  bytes syn_fct:  288  get_fct:  288
Thread-2  switching off for  27  ms
Thread-5  Flow # 39  size:  51432  bytes syn_fct:  751  get_fct:  750
Thread-5  switching off for  105  ms
Thread-5  Flow # 40  size:  2100  bytes syn_fct:  154  get_fct:  154
Thread-5  switching off for  170  ms
Thread-9  Flow # 38  size:  95724  bytes syn_fct:  1229  get_fct:  1229
Thread-9  switching off for  390  ms
Thread-4  Flow # 36  size:  52413  bytes syn_fct:  1104  get_fct:  1104
Thread-4  switching off for  717  ms
Thread-6  Flow # 33  size:  90572  bytes syn_fct:  1237  get_fct:  1237
Thread-6  switching off for  252  ms
Thread-8  Flow # 34  size:  126861  bytes syn_fct:  2031  get_fct:  2031
Thread-8  switching off for  499  ms
Thread-3  Flow # 44  size:  171636  bytes syn_fct:  2440  get_fct:  2440
Thread-3  switching off for  126  ms
Thread-5  Flow # 41  size:  49304  bytes syn_fct:  490  get_fct:  489
Thread-5  switching off for  48  ms
Thread-2  Flow # 40  size:  97357  bytes syn_fct:  1023  get_fct:  1023
Thread-2  switching off for  78  ms
Thread-7  Flow # 43  size:  48067  bytes syn_fct:  597  get_fct:  597
Thread-7  switching off for  45  ms
Thread-2  Flow # 41  size:  12361  bytes syn_fct:  269  get_fct:  269
Thread-2  switching off for  5  ms
Thread-8  Flow # 35  size:  38306  bytes syn_fct:  457  get_fct:  457
Thread-8  switching off for  294  ms
Thread-1  Flow # 26  size:  117058  bytes syn_fct:  1871  get_fct:  1871
Thread-1  switching off for  24  ms
Thread-5  Flow # 42  size:  54711  bytes syn_fct:  611  get_fct:  611
Thread-5  switching off for  899  ms
Thread-7  Flow # 44  size:  43662  bytes syn_fct:  387  get_fct:  387
Thread-7  switching off for  415  ms
Thread-6  Flow # 34  size:  120573  bytes syn_fct:  1141  get_fct:  1140
Thread-6  switching off for  364  ms
Thread-3  Flow # 45  size:  117968  bytes syn_fct:  1086  get_fct:  1086
Thread-3  switching off for  6  ms
Thread-9  Flow # 39  size:  143093  bytes syn_fct:  1300  get_fct:  1300
Thread-9  switching off for  81  ms
Thread-3  Flow # 46  size:  31897  bytes syn_fct:  247  get_fct:  247
Thread-3  switching off for  305  ms
Thread-7  Flow # 45  size:  2186  bytes syn_fct:  62  get_fct:  61
Thread-7  switching off for  134  ms
Thread-4  Flow # 37  size:  137929  bytes syn_fct:  1193  get_fct:  1193
Thread-4  switching off for  98  ms
Thread-2  Flow # 42  size:  121996  bytes syn_fct:  1006  get_fct:  1005
Thread-2  switching off for  36  ms
Thread-7  Flow # 46  size:  26693  bytes syn_fct:  235  get_fct:  235
Thread-7  switching off for  607  ms
Thread-2  Flow # 43  size:  26817  bytes syn_fct:  401  get_fct:  401
Thread-2  switching off for  329  ms
Thread-9  Flow # 40  size:  89454  bytes syn_fct:  749  get_fct:  748
Thread-9  switching off for  134  ms
Thread-8  Flow # 36  size:  163864  bytes syn_fct:  1317  get_fct:  1317
Thread-8  switching off for  25  ms
Thread-5  Flow # 43  size:  67336  bytes syn_fct:  660  get_fct:  660
Thread-5  switching off for  648  ms
Thread-6  Flow # 35  size:  137939  bytes syn_fct:  1136  get_fct:  1136
Thread-6  switching off for  526  ms
Thread-7  Flow # 47  size:  43641  bytes syn_fct:  248  get_fct:  248
Thread-7  switching off for  425  ms
Thread-3  Flow # 47  size:  133444  bytes syn_fct:  1075  get_fct:  1075
Thread-3  switching off for  385  ms
Thread-8  Flow # 37  size:  53292  bytes syn_fct:  482  get_fct:  482
Thread-8  switching off for  92  ms
Thread-2  Flow # 44  size:  114632  bytes syn_fct:  661  get_fct:  661
Thread-2  switching off for  549  ms
Thread-4  Flow # 38  size:  190236  bytes syn_fct:  1384  get_fct:  1384
Thread-4  switching off for  215  ms
Thread-3  Flow # 48  size:  23506  bytes syn_fct:  158  get_fct:  158
Thread-3  switching off for  65  ms
Thread-8  Flow # 38  size:  113944  bytes syn_fct:  702  get_fct:  702
Thread-8  switching off for  118  ms
Thread-5  Flow # 44  size:  106660  bytes syn_fct:  602  get_fct:  602
Thread-5  switching off for  125  ms
Thread-4  Flow # 39  size:  86370  bytes syn_fct:  552  get_fct:  552
Thread-4  switching off for  140  ms
Thread-6  Flow # 36  size:  127342  bytes syn_fct:  843  get_fct:  843
Thread-6  switching off for  79  ms
Thread-9  Flow # 41  size:  341928  bytes syn_fct:  1711  get_fct:  1711
Thread-9  switching off for  141  ms
Thread-3  Flow # 49  size:  96085  bytes syn_fct:  689  get_fct:  689
Thread-3  switching off for  372  ms
Thread-1  Flow # 27  size:  529701  bytes syn_fct:  3409  get_fct:  3409
Thread-1  switching off for  52  ms
Thread-4  Flow # 40  size:  88918  bytes syn_fct:  607  get_fct:  607
Thread-4  switching off for  223  ms
Thread-6  Flow # 37  size:  57838  bytes syn_fct:  539  get_fct:  539
Thread-6  switching off for  176  ms
Thread-9  Flow # 42  size:  70966  bytes syn_fct:  551  get_fct:  551
Thread-9  switching off for  604  ms
Thread-8  Flow # 39  size:  155980  bytes syn_fct:  1060  get_fct:  1060
Thread-8  switching off for  318  ms
Thread-7  Flow # 48  size:  264925  bytes syn_fct:  1689  get_fct:  1689
Thread-7  switching off for  325  ms
Thread-0  Flow # 36  size:  731645  bytes syn_fct:  5191  get_fct:  5191
Thread-0  switching off for  167  ms
Thread-5  Flow # 45  size:  180742  bytes syn_fct:  1086  get_fct:  1086
Thread-5  switching off for  340  ms
Thread-1  Flow # 28  size:  104688  bytes syn_fct:  692  get_fct:  692
Thread-1  switching off for  21  ms
Thread-3  Flow # 50  size:  72578  bytes syn_fct:  672  get_fct:  672
Thread-3  switching off for  133  ms
Thread-4  Flow # 41  size:  51379  bytes syn_fct:  326  get_fct:  326
Thread-4  switching off for  142  ms
Thread-8  Flow # 40  size:  5496  bytes syn_fct:  80  get_fct:  80
Thread-8  switching off for  67  ms
Thread-6  Flow # 38  size:  69580  bytes syn_fct:  395  get_fct:  395
Thread-6  switching off for  79  ms
Thread-1  Flow # 29  size:  24940  bytes syn_fct:  183  get_fct:  183
Thread-1  switching off for  177  ms
Thread-7  Flow # 49  size:  5036  bytes syn_fct:  77  get_fct:  77
Thread-7  switching off for  102  ms
Thread-4  Flow # 42  size:  6265  bytes syn_fct:  55  get_fct:  55
Thread-4  switching off for  673  ms
Thread-0  Flow # 37  size:  57609  bytes syn_fct:  349  get_fct:  349
Thread-0  switching off for  299  ms
Thread-7  Flow # 50  size:  1369  bytes syn_fct:  51  get_fct:  51
Thread-7  switching off for  136  ms
Thread-8  Flow # 41  size:  30233  bytes syn_fct:  234  get_fct:  234
Thread-8  switching off for  523  ms
Thread-5  Flow # 46  size:  60957  bytes syn_fct:  378  get_fct:  378
Thread-5  switching off for  553  ms
Thread-0  Flow # 38  size:  3961  bytes syn_fct:  62  get_fct:  62
Thread-0  switching off for  65  ms
Thread-3  Flow # 51  size:  67649  bytes syn_fct:  508  get_fct:  508
Thread-3  switching off for  148  ms
Thread-9  Flow # 43  size:  59410  bytes syn_fct:  480  get_fct:  480
Thread-9  switching off for  691  ms
Thread-3  Flow # 52  size:  7387  bytes syn_fct:  91  get_fct:  90
Thread-3  switching off for  290  ms
Thread-7  Flow # 51  size:  113572  bytes syn_fct:  760  get_fct:  760
Thread-7  switching off for  230  ms
Thread-6  Flow # 39  size:  144235  bytes syn_fct:  1027  get_fct:  1027
Thread-6  switching off for  184  ms
Thread-8  Flow # 42  size:  53004  bytes syn_fct:  362  get_fct:  362
Thread-8  switching off for  459  ms
Thread-3  Flow # 53  size:  20371  bytes syn_fct:  143  get_fct:  143
Thread-3  switching off for  47  ms
Thread-6  Flow # 40  size:  1592  bytes syn_fct:  65  get_fct:  65
Thread-6  switching off for  13  ms
Thread-9  Flow # 44  size:  9222  bytes syn_fct:  95  get_fct:  95
Thread-9  switching off for  127  ms
Thread-3  Flow # 54  size:  35251  bytes syn_fct:  262  get_fct:  262
Thread-3  switching off for  187  ms
Thread-9  Flow # 45  size:  1825  bytes syn_fct:  76  get_fct:  76
Thread-9  switching off for  101  ms
Thread-7  Flow # 52  size:  35686  bytes syn_fct:  305  get_fct:  305
Thread-7  switching off for  79  ms
Thread-0  Flow # 39  size:  156482  bytes syn_fct:  1194  get_fct:  1194
Thread-0  switching off for  1069  ms
Thread-9  Flow # 46  size:  5599  bytes syn_fct:  77  get_fct:  77
Thread-9  switching off for  81  ms
Thread-6  Flow # 41  size:  63340  bytes syn_fct:  1169  get_fct:  1169
Thread-6  switching off for  263  ms
Thread-7  Flow # 53  size:  40438  bytes syn_fct:  970  get_fct:  970
Thread-7  switching off for  85  ms
Thread-8  Flow # 43  size:  77903  bytes syn_fct:  1279  get_fct:  1278
Thread-8  switching off for  181  ms
Thread-5  Flow # 47  size:  176959  bytes syn_fct:  2088  get_fct:  2088
Thread-5  switching off for  13  ms
Thread-2  Flow # 45  size:  618839  bytes syn_fct:  5122  get_fct:  5122
Thread-2  switching off for  441  ms
Thread-0  Flow # 40  size:  32189  bytes syn_fct:  1063  get_fct:  1063
Thread-0  switching off for  120  ms
Thread-6  Flow # 42  size:  30840  bytes syn_fct:  1097  get_fct:  1097
Thread-6  switching off for  1712  ms
Thread-5  Flow # 48  size:  26139  bytes syn_fct:  939  get_fct:  939
Thread-5  switching off for  119  ms
Thread-9  Flow # 47  size:  107677  bytes syn_fct:  2411  get_fct:  2411
Thread-9  switching off for  180  ms
Thread-7  Flow # 54  size:  77266  bytes syn_fct:  1555  get_fct:  1555
Thread-7  switching off for  616  ms
Thread-4  Flow # 43  size:  277953  bytes syn_fct:  3538  get_fct:  3537
Thread-4  switching off for  44  ms
Thread-0  Flow # 41  size:  38931  bytes syn_fct:  379  get_fct:  379
Thread-0  switching off for  126  ms
Thread-1  Flow # 30  size:  360299  bytes syn_fct:  4586  get_fct:  4586
Thread-1  switching off for  43  ms
Thread-4  Flow # 44  size:  50154  bytes syn_fct:  388  get_fct:  388
Thread-4  switching off for  158  ms
Thread-7  Flow # 55  size:  6811  bytes syn_fct:  74  get_fct:  74
Thread-7  switching off for  22  ms
Thread-1  Flow # 31  size:  18946  bytes syn_fct:  183  get_fct:  182
Thread-1  switching off for  107  ms
Thread-4  Flow # 45  size:  13941  bytes syn_fct:  132  get_fct:  132
Thread-4  switching off for  704  ms
Thread-3  Flow # 55  size:  267328  bytes syn_fct:  3494  get_fct:  3494
Thread-3  switching off for  429  ms
Thread-2  Flow # 46  size:  190530  bytes syn_fct:  1274  get_fct:  1274
Thread-2  switching off for  120  ms
Thread-9  Flow # 48  size:  152197  bytes syn_fct:  1031  get_fct:  1031
Thread-9  switching off for  159  ms
Thread-7  Flow # 56  size:  56343  bytes syn_fct:  493  get_fct:  493
Thread-7  switching off for  79  ms
Thread-2  Flow # 47  size:  38820  bytes syn_fct:  224  get_fct:  224
Thread-2  switching off for  96  ms
Thread-7  Flow # 57  size:  2017  bytes syn_fct:  49  get_fct:  49
Thread-7  switching off for  15  ms
Thread-5  Flow # 49  size:  224546  bytes syn_fct:  1579  get_fct:  1579
Thread-5  switching off for  431  ms
Thread-3  Flow # 56  size:  3885  bytes syn_fct:  108  get_fct:  108
Thread-3  switching off for  186  ms
Thread-0  Flow # 42  size:  200601  bytes syn_fct:  1352  get_fct:  1352
Thread-0  switching off for  46  ms
Thread-1  Flow # 32  size:  105527  bytes syn_fct:  840  get_fct:  840
Thread-1  switching off for  5  ms
Thread-7  Flow # 58  size:  26386  bytes syn_fct:  327  get_fct:  327
Thread-7  switching off for  511  ms
Thread-8  Flow # 44  size:  412046  bytes syn_fct:  2857  get_fct:  2857
Thread-8  switching off for  646  ms
Thread-2  Flow # 48  size:  71391  bytes syn_fct:  680  get_fct:  680
Thread-2  switching off for  295  ms
Thread-9  Flow # 49  size:  70124  bytes syn_fct:  808  get_fct:  808
Thread-9  switching off for  190  ms
Thread-5  Flow # 50  size:  46155  bytes syn_fct:  1079  get_fct:  1079
Thread-5  switching off for  247  ms
Thread-2  Flow # 49  size:  36791  bytes syn_fct:  710  get_fct:  710
Thread-2  switching off for  18  ms
Thread-4  Flow # 46  size:  129090  bytes syn_fct:  1650  get_fct:  1649
Thread-4  switching off for  648  ms
Thread-8  Flow # 45  size:  47779  bytes syn_fct:  845  get_fct:  845
Thread-8  switching off for  140  ms
Thread-5  Flow # 51  size:  7060  bytes syn_fct:  99  get_fct:  98
Thread-5  switching off for  1273  ms
Thread-2  Flow # 50  size:  44107  bytes syn_fct:  341  get_fct:  340
Thread-2  switching off for  50  ms
Thread-7  Flow # 59  size:  87936  bytes syn_fct:  1428  get_fct:  1428
Thread-7  switching off for  197  ms
Thread-0  Flow # 43  size:  219731  bytes syn_fct:  2177  get_fct:  2177
Thread-0  switching off for  96  ms
Thread-3  Flow # 57  size:  200624  bytes syn_fct:  2268  get_fct:  2268
Thread-3  switching off for  271  ms
Thread-2  Flow # 51  size:  78300  bytes syn_fct:  469  get_fct:  469
Thread-2  switching off for  240  ms
Thread-8  Flow # 46  size:  128177  bytes syn_fct:  743  get_fct:  743
Thread-8  switching off for  353  ms
Thread-7  Flow # 60  size:  31833  bytes syn_fct:  258  get_fct:  258
Thread-7  switching off for  418  ms
Thread-6  Flow # 43  size:  263721  bytes syn_fct:  2977  get_fct:  2977
Thread-6  switching off for  197  ms
Thread-9  Flow # 50  size:  192845  bytes syn_fct:  2010  get_fct:  2010
Thread-9  switching off for  48  ms
Thread-2  Flow # 52  size:  19714  bytes syn_fct:  104  get_fct:  104
Thread-2  switching off for  114  ms
Thread-4  Flow # 47  size:  92771  bytes syn_fct:  598  get_fct:  598
Thread-4  switching off for  1406  ms
Thread-1  Flow # 33  size:  261272  bytes syn_fct:  2839  get_fct:  2839
Thread-1  switching off for  151  ms
Thread-2  Flow # 53  size:  69425  bytes syn_fct:  477  get_fct:  477
Thread-2  switching off for  1136  ms
Thread-1  Flow # 34  size:  44247  bytes syn_fct:  338  get_fct:  338
Thread-1  switching off for  208  ms
Thread-6  Flow # 44  size:  76721  bytes syn_fct:  572  get_fct:  572
Thread-6  switching off for  12  ms
Thread-7  Flow # 61  size:  101145  bytes syn_fct:  651  get_fct:  651
Thread-7  switching off for  30  ms
Thread-3  Flow # 58  size:  152748  bytes syn_fct:  914  get_fct:  914
Thread-3  switching off for  181  ms
Thread-7  Flow # 62  size:  32844  bytes syn_fct:  197  get_fct:  197
Thread-7  switching off for  178  ms
Thread-1  Flow # 35  size:  23780  bytes syn_fct:  178  get_fct:  178
Thread-1  switching off for  173  ms
Thread-5  Flow # 52  size:  132713  bytes syn_fct:  901  get_fct:  901
Thread-5  switching off for  316  ms
Thread-9  Flow # 51  size:  186467  bytes syn_fct:  1072  get_fct:  1072
Thread-9  switching off for  346  ms
Thread-0  Flow # 44  size:  289482  bytes syn_fct:  1633  get_fct:  1633
Thread-0  switching off for  15  ms
Thread-7  Flow # 63  size:  12400  bytes syn_fct:  103  get_fct:  103
Thread-7  switching off for  183  ms
Thread-8  Flow # 47  size:  233670  bytes syn_fct:  1257  get_fct:  1257
Thread-8  switching off for  572  ms
Thread-1  Flow # 36  size:  27066  bytes syn_fct:  184  get_fct:  184
Thread-1  switching off for  498  ms
Thread-5  Flow # 53  size:  1422  bytes syn_fct:  41  get_fct:  41
Thread-5  switching off for  50  ms
Thread-0  Flow # 45  size:  40478  bytes syn_fct:  214  get_fct:  214
Thread-0  switching off for  404  ms
Thread-3  Flow # 59  size:  75530  bytes syn_fct:  412  get_fct:  412
Thread-3  switching off for  566  ms
Thread-9  Flow # 52  size:  5698  bytes syn_fct:  57  get_fct:  57
Thread-9  switching off for  171  ms
Thread-6  Flow # 45  size:  168355  bytes syn_fct:  823  get_fct:  823
Thread-6  switching off for  336  ms
Thread-7  Flow # 64  size:  33887  bytes syn_fct:  190  get_fct:  190
Thread-7  switching off for  1038  ms
Thread-2  Flow # 54  size:  6518  bytes syn_fct:  62  get_fct:  62
Thread-2  switching off for  41  ms
Thread-5  Flow # 54  size:  85714  bytes syn_fct:  462  get_fct:  462
Thread-5  switching off for  128  ms
Thread-0  Flow # 46  size:  23212  bytes syn_fct:  151  get_fct:  150
Thread-0  switching off for  104  ms
Thread-0  Flow # 47  size:  17637  bytes syn_fct:  143  get_fct:  143
Thread-0  switching off for  102  ms
Thread-8  Flow # 48  size:  71173  bytes syn_fct:  455  get_fct:  455
Thread-8  switching off for  42  ms
Thread-5  Flow # 55  size:  44772  bytes syn_fct:  309  get_fct:  309
Thread-5  switching off for  305  ms
Thread-6  Flow # 46  size:  78735  bytes syn_fct:  471  get_fct:  471
Thread-6  switching off for  6  ms
Thread-0  Flow # 48  size:  27798  bytes syn_fct:  179  get_fct:  179
Thread-0  switching off for  124  ms
Thread-2  Flow # 55  size:  105436  bytes syn_fct:  738  get_fct:  738
Thread-2  switching off for  398  ms
Thread-1  Flow # 37  size:  87595  bytes syn_fct:  729  get_fct:  729
Thread-1  switching off for  498  ms
Thread-9  Flow # 53  size:  209149  bytes syn_fct:  1101  get_fct:  1101
Thread-9  switching off for  115  ms
Thread-9  Flow # 54  size:  40197  bytes syn_fct:  227  get_fct:  227
Thread-9  switching off for  216  ms
Thread-0  Flow # 49  size:  97045  bytes syn_fct:  499  get_fct:  499
Thread-0  switching off for  232  ms
Thread-5  Flow # 56  size:  105026  bytes syn_fct:  522  get_fct:  522
Thread-5  switching off for  63  ms
Thread-6  Flow # 47  size:  164999  bytes syn_fct:  829  get_fct:  829
Thread-6  switching off for  26  ms
Thread-2  Flow # 56  size:  29617  bytes syn_fct:  224  get_fct:  224
Thread-2  switching off for  7  ms
Thread-8  Flow # 49  size:  191034  bytes syn_fct:  892  get_fct:  892
Thread-8  switching off for  500  ms
Thread-1  Flow # 38  size:  26255  bytes syn_fct:  183  get_fct:  183
Thread-1  switching off for  229  ms
Thread-2  Flow # 57  size:  16974  bytes syn_fct:  116  get_fct:  116
Thread-2  switching off for  309  ms
Thread-7  Flow # 65  size:  140167  bytes syn_fct:  650  get_fct:  649
Thread-7  switching off for  23  ms
Thread-3  Flow # 60  size:  241112  bytes syn_fct:  1385  get_fct:  1385
Thread-3  switching off for  435  ms
Thread-6  Flow # 48  size:  23968  bytes syn_fct:  164  get_fct:  164
Thread-6  switching off for  47  ms
Thread-4  Flow # 48  size:  427684  bytes syn_fct:  1960  get_fct:  1960
Thread-4  switching off for  344  ms
Thread-9  Flow # 55  size:  54678  bytes syn_fct:  214  get_fct:  214
Thread-9  switching off for  146  ms
Thread-0  Flow # 50  size:  37177  bytes syn_fct:  171  get_fct:  171
Thread-0  switching off for  146  ms
Thread-5  Flow # 57  size:  97047  bytes syn_fct:  365  get_fct:  365
Thread-5  switching off for  236  ms
Thread-1  Flow # 39  size:  17908  bytes syn_fct:  96  get_fct:  96
Thread-1  switching off for  514  ms
Thread-2  Flow # 58  size:  15830  bytes syn_fct:  90  get_fct:  90
Thread-2  switching off for  58  ms
Thread-4  Flow # 49  size:  19441  bytes syn_fct:  94  get_fct:  94
Thread-4  switching off for  184  ms
Thread-7  Flow # 66  size:  137521  bytes syn_fct:  509  get_fct:  509
Thread-7  switching off for  307  ms
Thread-9  Flow # 56  size:  47163  bytes syn_fct:  175  get_fct:  175
Thread-9  switching off for  92  ms
Thread-5  Flow # 58  size:  6431  bytes syn_fct:  52  get_fct:  52
Thread-5  switching off for  174  ms
Thread-6  Flow # 49  size:  122316  bytes syn_fct:  526  get_fct:  526
Thread-6  switching off for  792  ms
Thread-3  Flow # 61  size:  64617  bytes syn_fct:  254  get_fct:  254
Thread-3  switching off for  100  ms
Thread-2  Flow # 59  size:  97786  bytes syn_fct:  406  get_fct:  406
Thread-2  switching off for  1  ms
Thread-4  Flow # 50  size:  50208  bytes syn_fct:  202  get_fct:  202
Thread-4  switching off for  54  ms
Thread-9  Flow # 57  size:  68498  bytes syn_fct:  259  get_fct:  259
Thread-9  switching off for  273  ms
Thread-5  Flow # 59  size:  43469  bytes syn_fct:  192  get_fct:  192
Thread-5  switching off for  52  ms
Thread-8  Flow # 50  size:  154181  bytes syn_fct:  514  get_fct:  513
Thread-8  switching off for  193  ms
Thread-7  Flow # 67  size:  12250  bytes syn_fct:  92  get_fct:  92
Thread-7  switching off for  1085  ms
Thread-2  Flow # 60  size:  50250  bytes syn_fct:  265  get_fct:  265
Thread-2  switching off for  91  ms
Thread-5  Flow # 60  size:  38581  bytes syn_fct:  206  get_fct:  206
Thread-5  switching off for  82  ms
Thread-1  Flow # 40  size:  96223  bytes syn_fct:  471  get_fct:  471
Thread-1  switching off for  372  ms
Thread-4  Flow # 51  size:  70180  bytes syn_fct:  353  get_fct:  352
Thread-4  switching off for  22  ms
Thread-8  Flow # 51  size:  41178  bytes syn_fct:  221  get_fct:  220
Thread-8  switching off for  40  ms
Thread-2  Flow # 61  size:  27674  bytes syn_fct:  130  get_fct:  130
Thread-2  switching off for  105  ms
Thread-0  Flow # 51  size:  255925  bytes syn_fct:  1019  get_fct:  1019
Thread-0  switching off for  236  ms
Thread-3  Flow # 62  size:  126011  bytes syn_fct:  616  get_fct:  615
Thread-3  switching off for  48  ms
Thread-9  Flow # 58  size:  107658  bytes syn_fct:  368  get_fct:  368
Thread-9  switching off for  37  ms
Thread-5  Flow # 61  size:  75404  bytes syn_fct:  281  get_fct:  281
Thread-5  switching off for  360  ms
Thread-3  Flow # 63  size:  19731  bytes syn_fct:  117  get_fct:  117
Thread-3  switching off for  34  ms
Thread-1  Flow # 41  size:  3385  bytes syn_fct:  45  get_fct:  45
Thread-1  switching off for  9  ms
Thread-0  Flow # 52  size:  22406  bytes syn_fct:  140  get_fct:  140
Thread-0  switching off for  5  ms
Thread-2  Flow # 62  size:  106329  bytes syn_fct:  443  get_fct:  443
Thread-2  switching off for  145  ms
Thread-8  Flow # 52  size:  60995  bytes syn_fct:  563  get_fct:  563
Thread-8  switching off for  506  ms
Thread-6  Flow # 50  size:  145135  bytes syn_fct:  675  get_fct:  674
Thread-6  switching off for  256  ms
Thread-3  Flow # 64  size:  85490  bytes syn_fct:  496  get_fct:  496
Thread-3  switching off for  571  ms
Thread-7  Flow # 68  size:  19288  bytes syn_fct:  152  get_fct:  152
Thread-7  switching off for  473  ms
Thread-4  Flow # 52  size:  187355  bytes syn_fct:  971  get_fct:  971
Thread-4  switching off for  463  ms
Thread-9  Flow # 59  size:  149624  bytes syn_fct:  783  get_fct:  783
Thread-9  switching off for  88  ms
Thread-0  Flow # 53  size:  135537  bytes syn_fct:  707  get_fct:  707
Thread-0  switching off for  412  ms
Thread-9  Flow # 60  size:  3192  bytes syn_fct:  50  get_fct:  50
Thread-9  switching off for  218  ms
Thread-8  Flow # 53  size:  18781  bytes syn_fct:  144  get_fct:  144
Thread-8  switching off for  204  ms
Thread-3  Flow # 65  size:  2542  bytes syn_fct:  81  get_fct:  81
Thread-3  switching off for  263  ms
Thread-5  Flow # 62  size:  163427  bytes syn_fct:  953  get_fct:  953
Thread-5  switching off for  648  ms
Thread-2  Flow # 63  size:  149163  bytes syn_fct:  820  get_fct:  820
Thread-2  switching off for  191  ms
Thread-7  Flow # 69  size:  64088  bytes syn_fct:  523  get_fct:  523
Thread-7  switching off for  524  ms
Thread-2  Flow # 64  size:  16047  bytes syn_fct:  151  get_fct:  150
Thread-2  switching off for  293  ms
Thread-8  Flow # 54  size:  68182  bytes syn_fct:  628  get_fct:  628
Thread-8  switching off for  121  ms
Thread-0  Flow # 54  size:  77427  bytes syn_fct:  593  get_fct:  593
Thread-0  switching off for  48  ms
Thread-4  Flow # 53  size:  84148  bytes syn_fct:  749  get_fct:  749
Thread-4  switching off for  217  ms
Thread-1  Flow # 42  size:  300626  bytes syn_fct:  1819  get_fct:  1818
Thread-1  switching off for  104  ms
Thread-5  Flow # 63  size:  186  bytes syn_fct:  42  get_fct:  42
Thread-5  switching off for  689  ms
Thread-6  Flow # 51  size:  199417  bytes syn_fct:  1288  get_fct:  1288
Thread-6  switching off for  736  ms
Thread-7  Flow # 70  size:  27482  bytes syn_fct:  186  get_fct:  186
Thread-7  switching off for  189  ms
Thread-3  Flow # 66  size:  160199  bytes syn_fct:  890  get_fct:  890
Thread-3  switching off for  339  ms
Thread-4  Flow # 54  size:  29802  bytes syn_fct:  244  get_fct:  244
Thread-4  switching off for  31  ms
Thread-4  Flow # 55  size:  5935  bytes syn_fct:  71  get_fct:  71
Thread-4  switching off for  804  ms
Thread-7  Flow # 71  size:  1396  bytes syn_fct:  80  get_fct:  80
Thread-7  switching off for  406  ms
Thread-1  Flow # 43  size:  52079  bytes syn_fct:  595  get_fct:  595
Thread-1  switching off for  189  ms
Thread-2  Flow # 65  size:  174084  bytes syn_fct:  772  get_fct:  772
Thread-2  switching off for  588  ms
Thread-0  Flow # 55  size:  137800  bytes syn_fct:  782  get_fct:  782
Thread-0  switching off for  237  ms
Thread-9  Flow # 61  size:  260381  bytes syn_fct:  1783  get_fct:  1783
Thread-9  switching off for  5  ms
Thread-8  Flow # 55  size:  143767  bytes syn_fct:  988  get_fct:  988
Thread-8  switching off for  235  ms
Thread-1  Flow # 44  size:  30294  bytes syn_fct:  288  get_fct:  288
Thread-1  switching off for  23  ms
Thread-1  Flow # 45  size:  10849  bytes syn_fct:  124  get_fct:  123
Thread-1  switching off for  1008  ms
Thread-8  Flow # 56  size:  26748  bytes syn_fct:  422  get_fct:  422
Thread-8  switching off for  177  ms
Thread-7  Flow # 72  size:  77258  bytes syn_fct:  653  get_fct:  653
Thread-7  switching off for  1034  ms
Thread-6  Flow # 52  size:  119380  bytes syn_fct:  938  get_fct:  938
Thread-6  switching off for  211  ms
Thread-4  Flow # 56  size:  34620  bytes syn_fct:  481  get_fct:  481
Thread-4  switching off for  114  ms
Thread-3  Flow # 67  size:  62396  bytes syn_fct:  1156  get_fct:  1156
Thread-3  switching off for  55  ms
Thread-3  Flow # 68  size:  7441  bytes syn_fct:  133  get_fct:  133
Thread-3  switching off for  35  ms
Thread-3  Flow # 69  size:  4002  bytes syn_fct:  74  get_fct:  73
Thread-3  switching off for  422  ms
Thread-0  Flow # 56  size:  160913  bytes syn_fct:  1486  get_fct:  1486
Thread-0  switching off for  52  ms
Thread-4  Flow # 57  size:  84284  bytes syn_fct:  663  get_fct:  663
Thread-4  switching off for  655  ms
Thread-8  Flow # 57  size:  75233  bytes syn_fct:  782  get_fct:  782
Thread-8  switching off for  95  ms
Thread-6  Flow # 53  size:  73463  bytes syn_fct:  805  get_fct:  805
Thread-6  switching off for  287  ms
Thread-1  Flow # 46  size:  70325  bytes syn_fct:  531  get_fct:  531
Thread-1  switching off for  192  ms
Thread-2  Flow # 66  size:  169205  bytes syn_fct:  1553  get_fct:  1553
Thread-2  switching off for  296  ms
Thread-0  Flow # 57  size:  50877  bytes syn_fct:  401  get_fct:  401
Thread-0  switching off for  130  ms
Thread-7  Flow # 73  size:  65430  bytes syn_fct:  321  get_fct:  321
Thread-7  switching off for  95  ms
Thread-3  Flow # 70  size:  44796  bytes syn_fct:  429  get_fct:  429
Thread-3  switching off for  74  ms
Thread-5  Flow # 64  size:  321633  bytes syn_fct:  2434  get_fct:  2434
Thread-5  switching off for  443  ms
Thread-7  Flow # 74  size:  211  bytes syn_fct:  71  get_fct:  71
Thread-7  switching off for  728  ms
Thread-4  Flow # 58  size:  13445  bytes syn_fct:  140  get_fct:  140
Thread-4  switching off for  65  ms
Thread-4  Flow # 59  size:  24648  bytes syn_fct:  347  get_fct:  347
Thread-4  switching off for  47  ms
Thread-6  Flow # 54  size:  66850  bytes syn_fct:  730  get_fct:  730
Thread-6  switching off for  209  ms
Thread-5  Flow # 65  size:  13946  bytes syn_fct:  226  get_fct:  226
Thread-5  switching off for  356  ms
Thread-3  Flow # 71  size:  108046  bytes syn_fct:  929  get_fct:  929
Thread-3  switching off for  522  ms
Thread-0  Flow # 58  size:  161384  bytes syn_fct:  1368  get_fct:  1368
Thread-0  switching off for  367  ms
Thread-8  Flow # 58  size:  225641  bytes syn_fct:  1741  get_fct:  1741
Thread-8  switching off for  206  ms
Thread-4  Flow # 60  size:  62451  bytes syn_fct:  687  get_fct:  687
Thread-4  switching off for  17  ms
Thread-7  Flow # 75  size:  77719  bytes syn_fct:  605  get_fct:  604
Thread-7  switching off for  104  ms
Thread-2  Flow # 67  size:  160603  bytes syn_fct:  1400  get_fct:  1400
Thread-2  switching off for  960  ms
Thread-9  Flow # 62  size:  470811  bytes syn_fct:  3721  get_fct:  3721
Thread-9  switching off for  164  ms
Thread-7  Flow # 76  size:  13731  bytes syn_fct:  124  get_fct:  124
Thread-7  switching off for  296  ms
Thread-4  Flow # 61  size:  21399  bytes syn_fct:  252  get_fct:  252
Thread-4  switching off for  1096  ms
Thread-6  Flow # 55  size:  116182  bytes syn_fct:  891  get_fct:  891
Thread-6  switching off for  159  ms
Thread-8  Flow # 59  size:  41246  bytes syn_fct:  274  get_fct:  274
Thread-8  switching off for  703  ms
Thread-0  Flow # 59  size:  40488  bytes syn_fct:  198  get_fct:  198
Thread-0  switching off for  208  ms
Thread-3  Flow # 72  size:  130123  bytes syn_fct:  614  get_fct:  614
Thread-3  switching off for  381  ms
Thread-1  Flow # 47  size:  272665  bytes syn_fct:  2253  get_fct:  2253
Thread-1  switching off for  148  ms
Thread-9  Flow # 63  size:  120005  bytes syn_fct:  751  get_fct:  751
Thread-9  switching off for  269  ms
Thread-7  Flow # 77  size:  87494  bytes syn_fct:  608  get_fct:  608
Thread-7  switching off for  201  ms
Thread-1  Flow # 48  size:  59116  bytes syn_fct:  1454  get_fct:  1454
Thread-1  switching off for  20  ms
Thread-1  Flow # 49  size:  6880  bytes syn_fct:  329  get_fct:  329
Thread-1  switching off for  50  ms
Thread-8  Flow # 60  size:  44550  bytes syn_fct:  1794  get_fct:  1794
Thread-8  switching off for  139  ms
Thread-6  Flow # 56  size:  145541  bytes syn_fct:  2439  get_fct:  2439
Thread-6  switching off for  1042  ms
Thread-1  Flow # 50  size:  9135  bytes syn_fct:  509  get_fct:  509
Thread-1  switching off for  730  ms
Thread-4  Flow # 62  size:  38739  bytes syn_fct:  2035  get_fct:  2035
Thread-4  switching off for  349  ms
Thread-0  Flow # 60  size:  140624  bytes syn_fct:  2827  get_fct:  2827
Thread-0  switching off for  800  ms
Thread-7  Flow # 78  size:  48029  bytes syn_fct:  2524  get_fct:  2524
Thread-7  switching off for  947  ms
Thread-0  Flow # 61  size:  260  bytes syn_fct:  95  get_fct:  95
Thread-0  switching off for  975  ms
Thread-6  Flow # 57  size:  8241  bytes syn_fct:  439  get_fct:  439
Thread-6  switching off for  125  ms
Thread-9  Flow # 64  size:  71274  bytes syn_fct:  3207  get_fct:  3206
Thread-9  switching off for  318  ms
Thread-2  Flow # 68  size:  96905  bytes syn_fct:  3726  get_fct:  3726
Thread-2  switching off for  1293  ms
Thread-8  Flow # 61  size:  51202  bytes syn_fct:  1697  get_fct:  1696
Thread-8  switching off for  223  ms
Thread-5  Flow # 66  size:  360283  bytes syn_fct:  5263  get_fct:  5263
Thread-5  switching off for  358  ms
Thread-3  Flow # 73  size:  125352  bytes syn_fct:  3847  get_fct:  3847
Thread-3  switching off for  29  ms
Thread-8  Flow # 62  size:  372  bytes syn_fct:  47  get_fct:  46
Thread-8  switching off for  147  ms
Thread-7  Flow # 79  size:  39848  bytes syn_fct:  666  get_fct:  666
Thread-7  switching off for  600  ms
Thread-4  Flow # 63  size:  105445  bytes syn_fct:  1937  get_fct:  1937
Thread-4  switching off for  182  ms
Thread-9  Flow # 65  size:  89294  bytes syn_fct:  1999  get_fct:  1999
Thread-9  switching off for  73  ms
Thread-1  Flow # 51  size:  163390  bytes syn_fct:  3537  get_fct:  3537
Thread-1  switching off for  195  ms
Thread-1  Flow # 52  size:  1886  bytes syn_fct:  168  get_fct:  168
Thread-1  switching off for  254  ms
Thread-4  Flow # 64  size:  55306  bytes syn_fct:  2234  get_fct:  2234
Thread-4  switching off for  20  ms
Thread-1  Flow # 53  size:  6107  bytes syn_fct:  192  get_fct:  192
Thread-1  switching off for  61  ms
Thread-9  Flow # 66  size:  46424  bytes syn_fct:  1629  get_fct:  1629
Thread-9  switching off for  428  ms
Thread-2  Flow # 69  size:  65102  bytes syn_fct:  2771  get_fct:  2771
Thread-2  switching off for  1338  ms
Thread-7  Flow # 80  size:  72749  bytes syn_fct:  2787  get_fct:  2787
Thread-7  switching off for  435  ms
Thread-3  Flow # 74  size:  162655  bytes syn_fct:  4475  get_fct:  4475
Thread-3  switching off for  218  ms
Thread-1  Flow # 54  size:  61270  bytes syn_fct:  2096  get_fct:  2096
Thread-1  switching off for  565  ms
Thread-1  Flow # 55  size:  1306  bytes syn_fct:  162  get_fct:  162
Thread-1  switching off for  351  ms
Thread-8  Flow # 63  size:  185603  bytes syn_fct:  7425  get_fct:  7425
Thread-8  switching off for  664  ms
Thread-4  Flow # 65  size:  81967  bytes syn_fct:  4806  get_fct:  4805
Thread-4  switching off for  798  ms
Thread-7  Flow # 81  size:  57164  bytes syn_fct:  3710  get_fct:  3710
Thread-7  switching off for  151  ms
Thread-0  Flow # 62  size:  197945  bytes syn_fct:  7683  get_fct:  7683
Thread-0  switching off for  160  ms
Thread-5  Flow # 67  size:  218165  bytes syn_fct:  9378  get_fct:  9378
Thread-5  switching off for  531  ms
Thread-3  Flow # 75  size:  79131  bytes syn_fct:  5140  get_fct:  5140
Thread-3  switching off for  117  ms
Thread-0  Flow # 63  size:  21351  bytes syn_fct:  1575  get_fct:  1575
Thread-0  switching off for  432  ms
Thread-7  Flow # 82  size:  26848  bytes syn_fct:  1897  get_fct:  1897
Thread-7  switching off for  206  ms
Thread-3  Flow # 76  size:  1626  bytes syn_fct:  194  get_fct:  194
Thread-3  switching off for  112  ms
Thread-0  Flow # 64  size:  319  bytes syn_fct:  84  get_fct:  84
Thread-0  switching off for  331  ms
Thread-6  Flow # 58  size:  306619  bytes syn_fct:  11122  get_fct:  11122
Thread-6  switching off for  156  ms
Thread-5  Flow # 68  size:  35724  bytes syn_fct:  787  get_fct:  787
Thread-5  switching off for  240  ms
Thread-1  Flow # 56  size:  127120  bytes syn_fct:  5059  get_fct:  5059
Thread-1  switching off for  296  ms
Thread-9  Flow # 67  size:  170498  bytes syn_fct:  7851  get_fct:  7851
Thread-9  switching off for  90  ms
Thread-4  Flow # 66  size:  135475  bytes syn_fct:  4253  get_fct:  4253
Thread-4  switching off for  9  ms
Thread-9  Flow # 68  size:  19320  bytes syn_fct:  1096  get_fct:  1095
Thread-9  switching off for  8  ms
Thread-5  Flow # 69  size:  85799  bytes syn_fct:  2783  get_fct:  2783
Thread-5  switching off for  77  ms
Thread-1  Flow # 57  size:  92983  bytes syn_fct:  3093  get_fct:  3093
Thread-1  switching off for  110  ms
Thread-8  Flow # 64  size:  210576  bytes syn_fct:  6814  get_fct:  6814
Thread-8  switching off for  377  ms
Thread-4  Flow # 67  size:  127677  bytes syn_fct:  2532  get_fct:  2531
Thread-4  switching off for  59  ms
Thread-1  Flow # 58  size:  41329  bytes syn_fct:  578  get_fct:  578
Thread-1  switching off for  93  ms
Thread-6  Flow # 59  size:  229973  bytes syn_fct:  5038  get_fct:  5038
Thread-6  switching off for  695  ms
Thread-4  Flow # 68  size:  25903  bytes syn_fct:  310  get_fct:  310
Thread-4  switching off for  146  ms
Thread-2  Flow # 70  size:  347610  bytes syn_fct:  10900  get_fct:  10900
Thread-2  switching off for  949  ms
Thread-7  Flow # 83  size:  310108  bytes syn_fct:  6091  get_fct:  6091
Thread-7  switching off for  46  ms
Thread-9  Flow # 69  size:  254319  bytes syn_fct:  3376  get_fct:  3376
Thread-9  switching off for  71  ms
Thread-5  Flow # 70  size:  242092  bytes syn_fct:  2466  get_fct:  2466
Thread-5  switching off for  108  ms
Thread-8  Flow # 65  size:  118618  bytes syn_fct:  1127  get_fct:  1127
Thread-8  switching off for  76  ms
Thread-9  Flow # 70  size:  42260  bytes syn_fct:  470  get_fct:  470
Thread-9  switching off for  45  ms
Thread-5  Flow # 71  size:  24504  bytes syn_fct:  395  get_fct:  395
Thread-5  switching off for  101  ms
Thread-8  Flow # 66  size:  40327  bytes syn_fct:  530  get_fct:  530
Thread-8  switching off for  35  ms
Thread-8  Flow # 67  size:  2805  bytes syn_fct:  43  get_fct:  43
Thread-8  switching off for  85  ms
Thread-7  Flow # 84  size:  96445  bytes syn_fct:  889  get_fct:  888
Thread-7  switching off for  216  ms
Thread-2  Flow # 71  size:  31104  bytes syn_fct:  315  get_fct:  315
Thread-2  switching off for  111  ms
Thread-6  Flow # 60  size:  88320  bytes syn_fct:  984  get_fct:  984
Thread-6  switching off for  82  ms
Thread-3  Flow # 77  size:  451690  bytes syn_fct:  7571  get_fct:  7571
Thread-3  switching off for  134  ms
Thread-8  Flow # 68  size:  51120  bytes syn_fct:  420  get_fct:  420
Thread-8  switching off for  253  ms
Thread-9  Flow # 71  size:  148918  bytes syn_fct:  1387  get_fct:  1387
Thread-9  switching off for  259  ms
Thread-4  Flow # 69  size:  273107  bytes syn_fct:  2365  get_fct:  2365
Thread-4  switching off for  206  ms
Thread-3  Flow # 78  size:  44666  bytes syn_fct:  524  get_fct:  524
Thread-3  switching off for  56  ms
Thread-0  Flow # 65  size:  498364  bytes syn_fct:  7752  get_fct:  7752
Thread-0  switching off for  24  ms
