Initializing random seed 23
Thread-4
Thread-4  switching off for  776  ms
Thread-5
Thread-5  switching off for  890  ms
Thread-3
Thread-3  switching off for  668  ms
Thread-6
Thread-6  switching off for  26  ms
Thread-2
Thread-2  switching off for  268  ms
Thread-7
Thread-7  switching off for  165  ms
Thread-1
Thread-1  switching off for  226  ms
Thread-8
Thread-8  switching off for  41  ms
Thread-9
Thread-9  switching off for  63  ms
Thread-0
Thread-0  switching off for  176  ms
Thread-9  Flow # 1  size:  2507  bytes syn_fct:  196  get_fct:  118
Thread-9  switching off for  215  ms
Thread-7  Flow # 1  size:  8967  bytes syn_fct:  514  get_fct:  458
Thread-7  switching off for  458  ms
Thread-3  Flow # 1  size:  5927  bytes syn_fct:  141  get_fct:  89
Thread-3  switching off for  321  ms
Thread-6  Flow # 1  size:  24979  bytes syn_fct:  2224  get_fct:  2107
Thread-6  switching off for  427  ms
Thread-9  Flow # 2  size:  44472  bytes syn_fct:  3264  get_fct:  3264
Thread-9  switching off for  254  ms
Thread-7  Flow # 2  size:  45065  bytes syn_fct:  2672  get_fct:  2672
Thread-7  switching off for  324  ms
Thread-6  Flow # 2  size:  45994  bytes syn_fct:  1152  get_fct:  1152
Thread-6  switching off for  113  ms
Thread-6  Flow # 3  size:  8963  bytes syn_fct:  176  get_fct:  175
Thread-6  switching off for  379  ms
Thread-1  Flow # 1  size:  54688  bytes syn_fct:  5234  get_fct:  5179
Thread-1  switching off for  308  ms
Thread-6  Flow # 4  size:  59321  bytes syn_fct:  1271  get_fct:  1271
Thread-6  switching off for  59  ms
Thread-1  Flow # 2  size:  20092  bytes syn_fct:  340  get_fct:  340
Thread-1  switching off for  507  ms
Thread-6  Flow # 5  size:  39069  bytes syn_fct:  399  get_fct:  399
Thread-6  switching off for  65  ms
Thread-8  Flow # 1  size:  60702  bytes syn_fct:  6248  get_fct:  6147
Thread-8  switching off for  36  ms
Thread-8  Flow # 2  size:  3971  bytes syn_fct:  73  get_fct:  73
Thread-8  switching off for  96  ms
Thread-6  Flow # 6  size:  10381  bytes syn_fct:  155  get_fct:  155
Thread-6  switching off for  255  ms
Thread-9  Flow # 3  size:  64258  bytes syn_fct:  2515  get_fct:  2515
Thread-9  switching off for  120  ms
Thread-9  Flow # 4  size:  34035  bytes syn_fct:  870  get_fct:  869
Thread-9  switching off for  450  ms
Thread-6  Flow # 7  size:  36353  bytes syn_fct:  834  get_fct:  834
Thread-6  switching off for  238  ms
Thread-1  Flow # 3  size:  46148  bytes syn_fct:  1062  get_fct:  1062
Thread-1  switching off for  89  ms
Thread-1  Flow # 4  size:  11331  bytes syn_fct:  221  get_fct:  221
Thread-1  switching off for  529  ms
Thread-1  Flow # 5  size:  27184  bytes syn_fct:  239  get_fct:  239
Thread-1  switching off for  236  ms
Thread-4  Flow # 1  size:  88946  bytes syn_fct:  9813  get_fct:  9758
Thread-4  switching off for  269  ms
Thread-5  Flow # 1  size:  97019  bytes syn_fct:  10740  get_fct:  10669
Thread-5  switching off for  54  ms
Thread-7  Flow # 3  size:  89308  bytes syn_fct:  7595  get_fct:  7594
Thread-7  switching off for  17  ms
Thread-7  Flow # 4  size:  53823  bytes syn_fct:  752  get_fct:  752
Thread-7  switching off for  7  ms
Thread-9  Flow # 5  size:  122807  bytes syn_fct:  7769  get_fct:  7769
Thread-9  switching off for  348  ms
Thread-0  Flow # 1  size:  123790  bytes syn_fct:  15623  get_fct:  15568
Thread-0  switching off for  1091  ms
Thread-2  Flow # 1  size:  132504  bytes syn_fct:  17862  get_fct:  17809
Thread-2  switching off for  232  ms
Thread-6  Flow # 8  size:  153159  bytes syn_fct:  12731  get_fct:  12731
Thread-6  switching off for  414  ms
Thread-6  Flow # 9  size:  42486  bytes syn_fct:  345  get_fct:  344
Thread-6  switching off for  1099  ms
Thread-9  Flow # 6  size:  163456  bytes syn_fct:  5331  get_fct:  5331
Thread-9  switching off for  141  ms
Thread-7  Flow # 5  size:  165843  bytes syn_fct:  9053  get_fct:  9053
Thread-7  switching off for  23  ms
Thread-9  Flow # 7  size:  21482  bytes syn_fct:  348  get_fct:  348
Thread-9  switching off for  65  ms
Thread-7  Flow # 6  size:  62728  bytes syn_fct:  1476  get_fct:  1475
Thread-7  switching off for  72  ms
Thread-7  Flow # 7  size:  10926  bytes syn_fct:  127  get_fct:  127
Thread-7  switching off for  225  ms
Thread-7  Flow # 8  size:  18594  bytes syn_fct:  184  get_fct:  184
Thread-7  switching off for  235  ms
Thread-7  Flow # 9  size:  167580  bytes syn_fct:  2096  get_fct:  2096
Thread-7  switching off for  87  ms
Thread-7  Flow # 10  size:  54775  bytes syn_fct:  431  get_fct:  431
Thread-7  switching off for  693  ms
Thread-8  Flow # 3  size:  171848  bytes syn_fct:  20113  get_fct:  20113
Thread-8  switching off for  176  ms
Thread-8  Flow # 4  size:  41973  bytes syn_fct:  343  get_fct:  343
Thread-8  switching off for  668  ms
Thread-7  Flow # 11  size:  168069  bytes syn_fct:  2286  get_fct:  2285
Thread-7  switching off for  349  ms
Thread-7  Flow # 12  size:  53208  bytes syn_fct:  400  get_fct:  400
Thread-7  switching off for  354  ms
Thread-7  Flow # 13  size:  177089  bytes syn_fct:  1300  get_fct:  1300
Thread-7  switching off for  306  ms
Thread-7  Flow # 14  size:  27236  bytes syn_fct:  248  get_fct:  248
Thread-7  switching off for  104  ms
Thread-7  Flow # 15  size:  52698  bytes syn_fct:  415  get_fct:  415
Thread-7  switching off for  443  ms
Thread-7  Flow # 16  size:  81439  bytes syn_fct:  617  get_fct:  617
Thread-7  switching off for  239  ms
Thread-7  Flow # 17  size:  175181  bytes syn_fct:  1260  get_fct:  1260
Thread-7  switching off for  34  ms
Thread-7  Flow # 18  size:  99760  bytes syn_fct:  735  get_fct:  734
Thread-7  switching off for  121  ms
Thread-7  Flow # 19  size:  81951  bytes syn_fct:  618  get_fct:  618
Thread-7  switching off for  541  ms
Thread-7  Flow # 20  size:  28548  bytes syn_fct:  258  get_fct:  258
Thread-7  switching off for  907  ms
Thread-8  Flow # 5  size:  225552  bytes syn_fct:  10322  get_fct:  10321
Thread-8  switching off for  24  ms
Thread-8  Flow # 6  size:  82558  bytes syn_fct:  624  get_fct:  624
Thread-8  switching off for  80  ms
Thread-8  Flow # 7  size:  82291  bytes syn_fct:  1080  get_fct:  1080
Thread-8  switching off for  190  ms
Thread-7  Flow # 21  size:  78048  bytes syn_fct:  1173  get_fct:  1173
Thread-7  switching off for  179  ms
Thread-8  Flow # 8  size:  394  bytes syn_fct:  59  get_fct:  59
Thread-8  switching off for  142  ms
Thread-7  Flow # 22  size:  126719  bytes syn_fct:  1799  get_fct:  1799
Thread-7  switching off for  45  ms
Thread-8  Flow # 9  size:  153991  bytes syn_fct:  2857  get_fct:  2857
Thread-8  switching off for  68  ms
Thread-8  Flow # 10  size:  114296  bytes syn_fct:  831  get_fct:  831
Thread-8  switching off for  57  ms
Thread-8  Flow # 11  size:  59660  bytes syn_fct:  462  get_fct:  462
Thread-8  switching off for  164  ms
Thread-7  Flow # 23  size:  202034  bytes syn_fct:  2795  get_fct:  2795
Thread-7  switching off for  25  ms
Thread-7  Flow # 24  size:  65426  bytes syn_fct:  884  get_fct:  884
Thread-7  switching off for  350  ms
Thread-7  Flow # 25  size:  77464  bytes syn_fct:  599  get_fct:  599
Thread-7  switching off for  243  ms
Thread-8  Flow # 12  size:  120266  bytes syn_fct:  1896  get_fct:  1896
Thread-8  switching off for  224  ms
Thread-7  Flow # 26  size:  35352  bytes syn_fct:  555  get_fct:  555
Thread-7  switching off for  27  ms
Thread-7  Flow # 27  size:  209245  bytes syn_fct:  2633  get_fct:  2633
Thread-7  switching off for  597  ms
Thread-8  Flow # 13  size:  229019  bytes syn_fct:  3324  get_fct:  3324
Thread-8  switching off for  206  ms
Thread-7  Flow # 28  size:  111891  bytes syn_fct:  1361  get_fct:  1361
Thread-7  switching off for  278  ms
Thread-8  Flow # 14  size:  150035  bytes syn_fct:  1883  get_fct:  1883
Thread-8  switching off for  103  ms
Thread-7  Flow # 29  size:  38514  bytes syn_fct:  591  get_fct:  591
Thread-7  switching off for  107  ms
Thread-8  Flow # 15  size:  42982  bytes syn_fct:  525  get_fct:  525
Thread-8  switching off for  963  ms
Thread-7  Flow # 30  size:  41745  bytes syn_fct:  342  get_fct:  342
Thread-7  switching off for  147  ms
Thread-7  Flow # 31  size:  54396  bytes syn_fct:  432  get_fct:  432
Thread-7  switching off for  194  ms
Thread-7  Flow # 32  size:  80688  bytes syn_fct:  935  get_fct:  935
Thread-7  switching off for  88  ms
Thread-7  Flow # 33  size:  32582  bytes syn_fct:  271  get_fct:  271
Thread-7  switching off for  27  ms
Thread-7  Flow # 34  size:  24495  bytes syn_fct:  213  get_fct:  213
Thread-7  switching off for  91  ms
Thread-8  Flow # 16  size:  169550  bytes syn_fct:  3376  get_fct:  3376
Thread-8  switching off for  209  ms
Thread-7  Flow # 35  size:  191237  bytes syn_fct:  1669  get_fct:  1669
Thread-7  switching off for  35  ms
Thread-8  Flow # 17  size:  12888  bytes syn_fct:  200  get_fct:  200
Thread-8  switching off for  250  ms
Thread-8  Flow # 18  size:  58363  bytes syn_fct:  468  get_fct:  468
Thread-8  switching off for  586  ms
Thread-7  Flow # 36  size:  62124  bytes syn_fct:  973  get_fct:  973
Thread-7  switching off for  90  ms
Thread-1  Flow # 6  size:  251014  bytes syn_fct:  49474  get_fct:  49473
Thread-1  switching off for  570  ms
Thread-7  Flow # 37  size:  28449  bytes syn_fct:  239  get_fct:  239
Thread-7  switching off for  1215  ms
Thread-1  Flow # 7  size:  4361  bytes syn_fct:  89  get_fct:  89
Thread-1  switching off for  493  ms
Thread-1  Flow # 8  size:  32247  bytes syn_fct:  275  get_fct:  275
Thread-1  switching off for  134  ms
Thread-8  Flow # 19  size:  100561  bytes syn_fct:  1003  get_fct:  1003
Thread-8  switching off for  545  ms
Thread-1  Flow # 9  size:  9472  bytes syn_fct:  116  get_fct:  116
Thread-1  switching off for  402  ms
Thread-7  Flow # 38  size:  15850  bytes syn_fct:  223  get_fct:  223
Thread-7  switching off for  151  ms
Thread-1  Flow # 10  size:  8151  bytes syn_fct:  136  get_fct:  136
Thread-1  switching off for  740  ms
Thread-8  Flow # 20  size:  34681  bytes syn_fct:  414  get_fct:  414
Thread-8  switching off for  319  ms
Thread-8  Flow # 21  size:  18594  bytes syn_fct:  170  get_fct:  170
Thread-8  switching off for  728  ms
Thread-8  Flow # 22  size:  20162  bytes syn_fct:  190  get_fct:  190
Thread-8  switching off for  5  ms
Thread-8  Flow # 23  size:  94417  bytes syn_fct:  714  get_fct:  714
Thread-8  switching off for  44  ms
Thread-7  Flow # 39  size:  113769  bytes syn_fct:  3669  get_fct:  3669
Thread-7  switching off for  189  ms
Thread-7  Flow # 40  size:  123465  bytes syn_fct:  940  get_fct:  940
Thread-7  switching off for  253  ms
Thread-8  Flow # 24  size:  131635  bytes syn_fct:  2106  get_fct:  2105
Thread-8  switching off for  441  ms
Thread-8  Flow # 25  size:  92357  bytes syn_fct:  1538  get_fct:  1538
Thread-8  switching off for  268  ms
Thread-8  Flow # 26  size:  39580  bytes syn_fct:  311  get_fct:  310
Thread-8  switching off for  43  ms
Thread-8  Flow # 27  size:  9704  bytes syn_fct:  117  get_fct:  116
Thread-8  switching off for  583  ms
Thread-8  Flow # 28  size:  23078  bytes syn_fct:  206  get_fct:  206
Thread-8  switching off for  166  ms
Thread-7  Flow # 41  size:  172388  bytes syn_fct:  3446  get_fct:  3446
Thread-7  switching off for  114  ms
Thread-7  Flow # 42  size:  76216  bytes syn_fct:  1055  get_fct:  1055
Thread-7  switching off for  587  ms
Thread-8  Flow # 29  size:  96663  bytes syn_fct:  1253  get_fct:  1253
Thread-8  switching off for  171  ms
Thread-8  Flow # 30  size:  44926  bytes syn_fct:  678  get_fct:  678
Thread-8  switching off for  409  ms
Thread-7  Flow # 43  size:  105330  bytes syn_fct:  832  get_fct:  832
Thread-7  switching off for  112  ms
Thread-7  Flow # 44  size:  217574  bytes syn_fct:  2946  get_fct:  2946
Thread-7  switching off for  1195  ms
Thread-1  Flow # 11  size:  373772  bytes syn_fct:  13319  get_fct:  13319
Thread-1  switching off for  1211  ms
Thread-8  Flow # 31  size:  259648  bytes syn_fct:  3481  get_fct:  3481
Thread-8  switching off for  41  ms
Thread-8  Flow # 32  size:  47821  bytes syn_fct:  374  get_fct:  374
Thread-8  switching off for  446  ms
Thread-9  Flow # 8  size:  271172  bytes syn_fct:  53644  get_fct:  53644
Thread-9  switching off for  533  ms
Thread-7  Flow # 45  size:  4031  bytes syn_fct:  63  get_fct:  63
Thread-7  switching off for  150  ms
Thread-9  Flow # 9  size:  23642  bytes syn_fct:  346  get_fct:  346
Thread-9  switching off for  156  ms
Thread-9  Flow # 10  size:  6032  bytes syn_fct:  83  get_fct:  83
Thread-9  switching off for  113  ms
Thread-9  Flow # 11  size:  55751  bytes syn_fct:  746  get_fct:  745
Thread-9  switching off for  519  ms
Thread-1  Flow # 12  size:  76591  bytes syn_fct:  2077  get_fct:  2077
Thread-1  switching off for  266  ms
Thread-1  Flow # 13  size:  28227  bytes syn_fct:  243  get_fct:  243
Thread-1  switching off for  113  ms
Thread-9  Flow # 12  size:  53505  bytes syn_fct:  990  get_fct:  990
Thread-9  switching off for  176  ms
Thread-9  Flow # 13  size:  19010  bytes syn_fct:  173  get_fct:  173
Thread-9  switching off for  517  ms
Thread-1  Flow # 14  size:  111093  bytes syn_fct:  1326  get_fct:  1326
Thread-1  switching off for  1028  ms
Thread-8  Flow # 33  size:  128791  bytes syn_fct:  4963  get_fct:  4963
Thread-8  switching off for  230  ms
Thread-7  Flow # 46  size:  141997  bytes syn_fct:  4919  get_fct:  4919
Thread-7  switching off for  292  ms
Thread-8  Flow # 34  size:  55800  bytes syn_fct:  1209  get_fct:  1209
Thread-8  switching off for  1193  ms
Thread-1  Flow # 15  size:  93721  bytes syn_fct:  1701  get_fct:  1701
Thread-1  switching off for  324  ms
Thread-8  Flow # 35  size:  6473  bytes syn_fct:  85  get_fct:  85
Thread-8  switching off for  550  ms
Thread-1  Flow # 16  size:  56253  bytes syn_fct:  494  get_fct:  494
Thread-1  switching off for  148  ms
Thread-8  Flow # 36  size:  5880  bytes syn_fct:  99  get_fct:  99
Thread-8  switching off for  10  ms
Thread-1  Flow # 17  size:  48199  bytes syn_fct:  432  get_fct:  431
Thread-1  switching off for  1103  ms
Thread-8  Flow # 37  size:  49517  bytes syn_fct:  389  get_fct:  389
Thread-8  switching off for  404  ms
Thread-1  Flow # 18  size:  110396  bytes syn_fct:  1265  get_fct:  1265
Thread-1  switching off for  95  ms
Thread-8  Flow # 38  size:  123376  bytes syn_fct:  1675  get_fct:  1675
Thread-8  switching off for  55  ms
Thread-7  Flow # 47  size:  251126  bytes syn_fct:  5499  get_fct:  5498
Thread-7  switching off for  19  ms
Thread-7  Flow # 48  size:  72253  bytes syn_fct:  1519  get_fct:  1519
Thread-7  switching off for  234  ms
Thread-8  Flow # 39  size:  88691  bytes syn_fct:  1745  get_fct:  1744
Thread-8  switching off for  38  ms
Thread-1  Flow # 19  size:  92219  bytes syn_fct:  1825  get_fct:  1824
Thread-1  switching off for  192  ms
Thread-7  Flow # 49  size:  6999  bytes syn_fct:  155  get_fct:  155
Thread-7  switching off for  307  ms
Thread-8  Flow # 40  size:  15732  bytes syn_fct:  181  get_fct:  181
Thread-8  switching off for  111  ms
Thread-7  Flow # 50  size:  93251  bytes syn_fct:  1768  get_fct:  1767
Thread-7  switching off for  227  ms
Thread-1  Flow # 20  size:  96928  bytes syn_fct:  2057  get_fct:  2057
Thread-1  switching off for  65  ms
Thread-1  Flow # 21  size:  42646  bytes syn_fct:  655  get_fct:  655
Thread-1  switching off for  93  ms
Thread-1  Flow # 22  size:  33453  bytes syn_fct:  277  get_fct:  276
Thread-1  switching off for  203  ms
Thread-1  Flow # 23  size:  78955  bytes syn_fct:  606  get_fct:  606
Thread-1  switching off for  469  ms
Thread-8  Flow # 41  size:  138713  bytes syn_fct:  4289  get_fct:  4289
Thread-8  switching off for  104  ms
Thread-8  Flow # 42  size:  2247  bytes syn_fct:  66  get_fct:  65
Thread-8  switching off for  468  ms
Thread-8  Flow # 43  size:  84333  bytes syn_fct:  631  get_fct:  630
Thread-8  switching off for  694  ms
Thread-8  Flow # 44  size:  16613  bytes syn_fct:  155  get_fct:  155
Thread-8  switching off for  350  ms
Thread-1  Flow # 24  size:  329219  bytes syn_fct:  4531  get_fct:  4531
Thread-1  switching off for  329  ms
Thread-1  Flow # 25  size:  11921  bytes syn_fct:  138  get_fct:  138
Thread-1  switching off for  761  ms
Thread-4  Flow # 2  size:  290893  bytes syn_fct:  90811  get_fct:  90811
Thread-4  switching off for  35  ms
Thread-9  Flow # 14  size:  85711  bytes syn_fct:  22652  get_fct:  22652
Thread-9  switching off for  24  ms
Thread-9  Flow # 15  size:  8478  bytes syn_fct:  138  get_fct:  138
Thread-9  switching off for  475  ms
Thread-4  Flow # 3  size:  175601  bytes syn_fct:  1444  get_fct:  1444
Thread-4  switching off for  381  ms
Thread-8  Flow # 45  size:  294148  bytes syn_fct:  7688  get_fct:  7688
Thread-8  switching off for  945  ms
Thread-8  Flow # 46  size:  31754  bytes syn_fct:  273  get_fct:  273
Thread-8  switching off for  255  ms
Thread-9  Flow # 16  size:  99947  bytes syn_fct:  2144  get_fct:  2144
Thread-9  switching off for  312  ms
Thread-9  Flow # 17  size:  208381  bytes syn_fct:  1907  get_fct:  1907
Thread-9  switching off for  65  ms
Thread-9  Flow # 18  size:  132789  bytes syn_fct:  964  get_fct:  964
Thread-9  switching off for  394  ms
Thread-9  Flow # 19  size:  7349  bytes syn_fct:  105  get_fct:  105
Thread-9  switching off for  514  ms
Thread-0  Flow # 2  size:  297256  bytes syn_fct:  92358  get_fct:  92358
Thread-0  switching off for  58  ms
Thread-0  Flow # 3  size:  24505  bytes syn_fct:  220  get_fct:  220
Thread-0  switching off for  18  ms
Thread-9  Flow # 20  size:  15349  bytes syn_fct:  155  get_fct:  155
Thread-9  switching off for  1115  ms
Thread-0  Flow # 4  size:  108669  bytes syn_fct:  911  get_fct:  911
Thread-0  switching off for  0  ms
Thread-6  Flow # 10  size:  300484  bytes syn_fct:  88121  get_fct:  88121
Thread-6  switching off for  427  ms
Thread-6  Flow # 11  size:  84234  bytes syn_fct:  1352  get_fct:  1352
Thread-6  switching off for  479  ms
Thread-9  Flow # 21  size:  84858  bytes syn_fct:  1343  get_fct:  1343
Thread-9  switching off for  303  ms
Thread-9  Flow # 22  size:  15009  bytes syn_fct:  156  get_fct:  156
Thread-9  switching off for  478  ms
Thread-6  Flow # 12  size:  43676  bytes syn_fct:  359  get_fct:  359
Thread-6  switching off for  262  ms
Thread-0  Flow # 5  size:  165805  bytes syn_fct:  2860  get_fct:  2860
Thread-0  switching off for  703  ms
Thread-6  Flow # 13  size:  53505  bytes syn_fct:  667  get_fct:  667
Thread-6  switching off for  25  ms
Thread-6  Flow # 14  size:  39477  bytes syn_fct:  554  get_fct:  554
Thread-6  switching off for  333  ms
Thread-9  Flow # 23  size:  71833  bytes syn_fct:  1720  get_fct:  1720
Thread-9  switching off for  283  ms
Thread-9  Flow # 24  size:  23308  bytes syn_fct:  217  get_fct:  216
Thread-9  switching off for  489  ms
Thread-9  Flow # 25  size:  158777  bytes syn_fct:  1990  get_fct:  1989
Thread-9  switching off for  46  ms
Thread-9  Flow # 26  size:  15062  bytes syn_fct:  254  get_fct:  254
Thread-9  switching off for  262  ms
Thread-6  Flow # 15  size:  178569  bytes syn_fct:  3287  get_fct:  3287
Thread-6  switching off for  1114  ms
Thread-0  Flow # 6  size:  192018  bytes syn_fct:  4396  get_fct:  4395
Thread-0  switching off for  285  ms
Thread-9  Flow # 27  size:  55853  bytes syn_fct:  827  get_fct:  827
Thread-9  switching off for  497  ms
Thread-6  Flow # 16  size:  73874  bytes syn_fct:  1074  get_fct:  1074
Thread-6  switching off for  269  ms
Thread-9  Flow # 28  size:  76950  bytes syn_fct:  2752  get_fct:  2752
Thread-9  switching off for  483  ms
Thread-6  Flow # 17  size:  268964  bytes syn_fct:  1960  get_fct:  1960
Thread-6  switching off for  548  ms
Thread-9  Flow # 29  size:  30952  bytes syn_fct:  446  get_fct:  446
Thread-9  switching off for  519  ms
Thread-9  Flow # 30  size:  126640  bytes syn_fct:  929  get_fct:  929
Thread-9  switching off for  909  ms
Thread-1  Flow # 26  size:  349454  bytes syn_fct:  27019  get_fct:  27018
Thread-1  switching off for  740  ms
Thread-9  Flow # 31  size:  13653  bytes syn_fct:  140  get_fct:  140
Thread-9  switching off for  212  ms
Thread-3  Flow # 2  size:  353137  bytes syn_fct:  124929  get_fct:  124929
Thread-3  switching off for  132  ms
Thread-3  Flow # 3  size:  22958  bytes syn_fct:  388  get_fct:  388
Thread-3  switching off for  438  ms
Thread-6  Flow # 18  size:  91666  bytes syn_fct:  4041  get_fct:  4041
Thread-6  switching off for  85  ms
Thread-3  Flow # 4  size:  10439  bytes syn_fct:  240  get_fct:  239
Th