Initializing random seed 23
Thread-4
Thread-4  switching off for  776  ms
Thread-3
Thread-3  switching off for  890  ms
Thread-5
Thread-5  switching off for  668  ms
Thread-2
Thread-2  switching off for  26  ms
Thread-6
Thread-6  switching off for  268  ms
Thread-7
Thread-7  switching off for  165  ms
Thread-1
Thread-1  switching off for  226  ms
Thread-8
Thread-8  switching off for  41  ms
Thread-9
Thread-9  switching off for  63  ms
Thread-0
Thread-0  switching off for  176  ms
Thread-2  Flow # 1  size:  222  bytes syn_fct:  1178  get_fct:  57
Thread-2  switching off for  458  ms
Thread-8  Flow # 1  size:  437  bytes syn_fct:  1172  get_fct:  60
Thread-8  switching off for  266  ms
Thread-7  Flow # 1  size:  67  bytes syn_fct:  1058  get_fct:  79
Thread-7  switching off for  321  ms
Thread-6  Flow # 1  size:  564  bytes syn_fct:  975  get_fct:  98
Thread-6  switching off for  291  ms
Thread-1  Flow # 1  size:  398  bytes syn_fct:  1018  get_fct:  99
Thread-1  switching off for  1059  ms
Thread-4  Flow # 1  size:  342  bytes syn_fct:  487  get_fct:  110
Thread-4  switching off for  135  ms
Thread-0  Flow # 1  size:  1844  bytes syn_fct:  1105  get_fct:  128
Thread-0  switching off for  427  ms
Thread-5  Flow # 1  size:  2232  bytes syn_fct:  624  get_fct:  146
Thread-5  switching off for  137  ms
Thread-4  Flow # 2  size:  728  bytes syn_fct:  43  get_fct:  43
Thread-4  switching off for  113  ms
Thread-5  Flow # 2  size:  1135  bytes syn_fct:  53  get_fct:  53
Thread-5  switching off for  192  ms
Thread-8  Flow # 2  size:  67  bytes syn_fct:  43  get_fct:  42
Thread-8  switching off for  379  ms
Thread-7  Flow # 2  size:  425  bytes syn_fct:  48  get_fct:  48
Thread-7  switching off for  60  ms
Thread-6  Flow # 2  size:  791  bytes syn_fct:  69  get_fct:  68
Thread-6  switching off for  59  ms
Thread-4  Flow # 3  size:  991  bytes syn_fct:  56  get_fct:  56
Thread-4  switching off for  117  ms
Thread-2  Flow # 2  size:  185  bytes syn_fct:  61  get_fct:  60
Thread-2  switching off for  96  ms
Thread-6  Flow # 3  size:  87  bytes syn_fct:  63  get_fct:  63
Thread-6  switching off for  255  ms
Thread-5  Flow # 3  size:  79  bytes syn_fct:  51  get_fct:  51
Thread-5  switching off for  515  ms
Thread-7  Flow # 3  size:  4648  bytes syn_fct:  98  get_fct:  98
Thread-7  switching off for  138  ms
Thread-4  Flow # 4  size:  324  bytes syn_fct:  44  get_fct:  44
Thread-4  switching off for  102  ms
Thread-2  Flow # 3  size:  305  bytes syn_fct:  43  get_fct:  43
Thread-2  switching off for  450  ms
Thread-4  Flow # 5  size:  675  bytes syn_fct:  47  get_fct:  46
Thread-4  switching off for  459  ms
Thread-7  Flow # 4  size:  270  bytes syn_fct:  43  get_fct:  43
Thread-7  switching off for  368  ms
Thread-8  Flow # 3  size:  83  bytes syn_fct:  50  get_fct:  50
Thread-8  switching off for  529  ms
Thread-6  Flow # 4  size:  244  bytes syn_fct:  51  get_fct:  51
Thread-6  switching off for  236  ms
Thread-6  Flow # 5  size:  795  bytes syn_fct:  43  get_fct:  43
Thread-6  switching off for  1106  ms
Thread-1  Flow # 2  size:  125  bytes syn_fct:  68  get_fct:  68
Thread-1  switching off for  161  ms
Thread-8  Flow # 4  size:  4325  bytes syn_fct:  89  get_fct:  89
Thread-8  switching off for  1091  ms
Thread-1  Flow # 3  size:  1450  bytes syn_fct:  68  get_fct:  68
Thread-1  switching off for  490  ms
Thread-5  Flow # 4  size:  20316  bytes syn_fct:  679  get_fct:  679
Thread-5  switching off for  891  ms
Thread-1  Flow # 4  size:  650  bytes syn_fct:  49  get_fct:  48
Thread-1  switching off for  1332  ms
Thread-7  Flow # 5  size:  38798  bytes syn_fct:  1020  get_fct:  1018
Thread-7  switching off for  414  ms
Thread-6  Flow # 6  size:  334  bytes syn_fct:  53  get_fct:  52
Thread-6  switching off for  1099  ms
Thread-8  Flow # 5  size:  357  bytes syn_fct:  58  get_fct:  58
Thread-8  switching off for  64  ms
Thread-7  Flow # 6  size:  38  bytes syn_fct:  56  get_fct:  56
Thread-7  switching off for  65  ms
Thread-8  Flow # 6  size:  460  bytes syn_fct:  56  get_fct:  55
Thread-8  switching off for  901  ms
Thread-7  Flow # 7  size:  215  bytes syn_fct:  54  get_fct:  54
Thread-7  switching off for  32  ms
Thread-7  Flow # 8  size:  618  bytes syn_fct:  57  get_fct:  57
Thread-7  switching off for  55  ms
Thread-5  Flow # 5  size:  28633  bytes syn_fct:  268  get_fct:  268
Thread-5  switching off for  502  ms
Thread-7  Flow # 9  size:  665  bytes syn_fct:  44  get_fct:  44
Thread-7  switching off for  87  ms
Thread-7  Flow # 10  size:  398  bytes syn_fct:  52  get_fct:  52
Thread-7  switching off for  693  ms
Thread-1  Flow # 5  size:  419  bytes syn_fct:  57  get_fct:  57
Thread-1  switching off for  125  ms
Thread-5  Flow # 6  size:  4515  bytes syn_fct:  158  get_fct:  157
Thread-5  switching off for  349  ms
Thread-8  Flow # 7  size:  396  bytes syn_fct:  48  get_fct:  47
Thread-8  switching off for  354  ms
Thread-1  Flow # 6  size:  13038  bytes syn_fct:  183  get_fct:  183
Thread-1  switching off for  531  ms
Thread-6  Flow # 7  size:  12366  bytes syn_fct:  280  get_fct:  280
Thread-6  switching off for  306  ms
Thread-7  Flow # 11  size:  245  bytes syn_fct:  45  get_fct:  45
Thread-7  switching off for  104  ms
Thread-7  Flow # 12  size:  392  bytes syn_fct:  56  get_fct:  56
Thread-7  switching off for  244  ms
Thread-5  Flow # 7  size:  2924  bytes syn_fct:  70  get_fct:  69
Thread-5  switching off for  34  ms
Thread-8  Flow # 8  size:  675  bytes syn_fct:  45  get_fct:  45
Thread-8  switching off for  299  ms
Thread-6  Flow # 8  size:  5188  bytes syn_fct:  83  get_fct:  83
Thread-6  switching off for  245  ms
Thread-5  Flow # 8  size:  324  bytes syn_fct:  57  get_fct:  56
Thread-5  switching off for  541  ms
Thread-1  Flow # 7  size:  260  bytes syn_fct:  49  get_fct:  49
Thread-1  switching off for  24  ms
Thread-1  Flow # 8  size:  700  bytes syn_fct:  55  get_fct:  55
Thread-1  switching off for  246  ms
Thread-6  Flow # 9  size:  660  bytes syn_fct:  45  get_fct:  45
Thread-6  switching off for  190  ms
Thread-8  Flow # 9  size:  240  bytes syn_fct:  61  get_fct:  61
Thread-8  switching off for  179  ms
Thread-1  Flow # 9  size:  357  bytes syn_fct:  45  get_fct:  45
Thread-1  switching off for  45  ms
Thread-6  Flow # 10  size:  2033  bytes syn_fct:  88  get_fct:  87
Thread-6  switching off for  606  ms
Thread-5  Flow # 9  size:  3365  bytes syn_fct:  67  get_fct:  67
Thread-5  switching off for  342  ms
Thread-1  Flow # 10  size:  187  bytes syn_fct:  53  get_fct:  52
Thread-1  switching off for  57  ms
Thread-1  Flow # 11  size:  428  bytes syn_fct:  52  get_fct:  52
Thread-1  switching off for  164  ms
Thread-7  Flow # 13  size:  45508  bytes syn_fct:  754  get_fct:  754
Thread-7  switching off for  25  ms
Thread-7  Flow # 14  size:  498  bytes syn_fct:  55  get_fct:  54
Thread-7  switching off for  232  ms
Thread-1  Flow # 12  size:  1627  bytes syn_fct:  66  get_fct:  66
Thread-1  switching off for  243  ms
Thread-5  Flow # 10  size:  1481  bytes syn_fct:  58  get_fct:  58
Thread-5  switching off for  224  ms
Thread-6  Flow # 11  size:  300  bytes syn_fct:  54  get_fct:  54
Thread-6  switching off for  27  ms
Thread-6  Flow # 12  size:  536  bytes syn_fct:  43  get_fct:  43
Thread-6  switching off for  450  ms
Thread-5  Flow # 11  size:  7992  bytes syn_fct:  194  get_fct:  194
Thread-5  switching off for  335  ms
Thread-1  Flow # 13  size:  9513  bytes syn_fct:  225  get_fct:  225
Thread-1  switching off for  278  ms
Thread-7  Flow # 15  size:  13896  bytes syn_fct:  277  get_fct:  277
Thread-7  switching off for  103  ms
Thread-7  Flow # 16  size:  315  bytes syn_fct:  58  get_fct:  58
Thread-7  switching off for  128  ms
Thread-1  Flow # 14  size:  304  bytes syn_fct:  42  get_fct:  42
Thread-1  switching off for  163  ms
Thread-5  Flow # 12  size:  331  bytes syn_fct:  56  get_fct:  56
Thread-5  switching off for  508  ms
Thread-7  Flow # 17  size:  366  bytes syn_fct:  52  get_fct:  52
Thread-7  switching off for  194  ms
Thread-1  Flow # 15  size:  678  bytes syn_fct:  46  get_fct:  45
Thread-1  switching off for  88  ms
Thread-7  Flow # 18  size:  285  bytes syn_fct:  43  get_fct:  43
Thread-7  switching off for  27  ms
Thread-1  Flow # 16  size:  215  bytes syn_fct:  52  get_fct:  52
Thread-1  switching off for  573  ms
Thread-7  Flow # 19  size:  275  bytes syn_fct:  43  get_fct:  42
Thread-7  switching off for  209  ms
Thread-6  Flow # 13  size:  57540  bytes syn_fct:  478  get_fct:  478
Thread-6  switching off for  35  ms
Thread-6  Flow # 14  size:  452  bytes syn_fct:  55  get_fct:  55
Thread-6  switching off for  38  ms
Thread-5  Flow # 13  size:  706  bytes syn_fct:  41  get_fct:  41
Thread-5  switching off for  90  ms
Thread-7  Flow # 20  size:  417  bytes syn_fct:  60  get_fct:  60
Thread-7  switching off for  570  ms
Thread-6  Flow # 15  size:  7420  bytes syn_fct:  100  get_fct:  100
Thread-6  switching off for  85  ms
Thread-6  Flow # 16  size:  957  bytes syn_fct:  46  get_fct:  46
Thread-6  switching off for  13  ms
Thread-6  Flow # 17  size:  4184  bytes syn_fct:  85  get_fct:  85
Thread-6  switching off for  96  ms
Thread-1  Flow # 17  size:  345  bytes syn_fct:  56  get_fct:  56
Thread-1  switching off for  47  ms
Thread-1  Flow # 18  size:  75  bytes syn_fct:  42  get_fct:  42
Thread-1  switching off for  402  ms
Thread-6  Flow # 18  size:  5867  bytes syn_fct:  84  get_fct:  84
Thread-6  switching off for  151  ms
Thread-7  Flow # 21  size:  1348  bytes syn_fct:  59  get_fct:  59
Thread-7  switching off for  24  ms
Thread-6  Flow # 19  size:  297  bytes syn_fct:  50  get_fct:  50
Thread-6  switching off for  319  ms
Thread-7  Flow # 22  size:  18668  bytes syn_fct:  185  get_fct:  185
Thread-7  switching off for  55  ms
Thread-6  Flow # 20  size:  163  bytes syn_fct:  60  get_fct:  60
Thread-6  switching off for  5  ms
Thread-6  Flow # 21  size:  872  bytes syn_fct:  54  get_fct:  54
Thread-6  switching off for  44  ms
Thread-7  Flow # 23  size:  17346  bytes syn_fct:  244  get_fct:  244
Thread-7  switching off for  394  ms
Thread-6  Flow # 22  size:  468  bytes syn_fct:  56  get_fct:  55
Thread-6  switching off for  370  ms
Thread-7  Flow # 24  size:  721  bytes syn_fct:  56  get_fct:  56
Thread-7  switching off for  517  ms
Thread-6  Flow # 23  size:  2924  bytes syn_fct:  78  get_fct:  77
Thread-6  switching off for  277  ms
Thread-1  Flow # 19  size:  98656  bytes syn_fct:  1056  get_fct:  1056
Thread-1  switching off for  268  ms
Thread-6  Flow # 24  size:  321  bytes syn_fct:  54  get_fct:  54
Thread-6  switching off for  43  ms
Thread-6  Flow # 25  size:  76  bytes syn_fct:  56  get_fct:  56
Thread-6  switching off for  583  ms
Thread-7  Flow # 25  size:  193  bytes syn_fct:  52  get_fct:  52
Thread-7  switching off for  166  ms
Thread-1  Flow # 20  size:  312  bytes syn_fct:  51  get_fct:  51
Thread-1  switching off for  289  ms
Thread-7  Flow # 26  size:  635  bytes syn_fct:  53  get_fct:  53
Thread-7  switching off for  587  ms
Thread-1  Flow # 21  size:  409  bytes syn_fct:  51  get_fct:  51
Thread-1  switching off for  134  ms
Thread-6  Flow # 26  size:  1046  bytes syn_fct:  56  get_fct:  56
Thread-6  switching off for  778  ms
Thread-1  Flow # 22  size:  2499  bytes syn_fct:  65  get_fct:  65
Thread-1  switching off for  112  ms
Thread-1  Flow # 23  size:  11239  bytes syn_fct:  216  get_fct:  216
Thread-1  switching off for  1211  ms
Thread-6  Flow # 27  size:  91  bytes syn_fct:  60  get_fct:  60
Thread-6  switching off for  143  ms
Thread-6  Flow # 28  size:  2952  bytes syn_fct:  65  get_fct:  65
Thread-6  switching off for  533  ms
Thread-6  Flow # 29  size:  375  bytes syn_fct:  68  get_fct:  68
Thread-6  switching off for  386  ms
Thread-6  Flow # 30  size:  2800  bytes syn_fct:  62  get_fct:  61
Thread-6  switching off for  229  ms
Thread-6  Flow # 31  size:  206  bytes syn_fct:  41  get_fct:  41
Thread-6  switching off for  156  ms
Thread-7  Flow # 27  size:  129398  bytes syn_fct:  3261  get_fct:  3261
Thread-7  switching off for  113  ms
Thread-7  Flow # 28  size:  401  bytes syn_fct:  57  get_fct:  57
Thread-7  switching off for  519  ms
Thread-7  Flow # 29  size:  784  bytes syn_fct:  60  get_fct:  60
Thread-7  switching off for  160  ms
Thread-5  Flow # 14  size:  138917  byte