Initializing random seed 23
Thread-3
Thread-3  switching off for  776  ms
Thread-4
Thread-4  switching off for  890  ms
Thread-2
Thread-2  switching off for  668  ms
Thread-5
Thread-5  switching off for  26  ms
Thread-6
Thread-6  switching off for  268  ms
Thread-1
Thread-1  switching off for  165  ms
Thread-7
Thread-7  switching off for  226  ms
Thread-8
Thread-8  switching off for  41  ms
Thread-9
Thread-9  switching off for  63  ms
Thread-0
Thread-0  switching off for  176  ms
Thread-5  Flow # 1  size:  222  bytes syn_fct:  1178  get_fct:  55
Thread-5  switching off for  458  ms
Thread-8  Flow # 1  size:  437  bytes syn_fct:  1172  get_fct:  67
Thread-8  switching off for  266  ms
Thread-1  Flow # 1  size:  67  bytes syn_fct:  1059  get_fct:  75
Thread-1  switching off for  321  ms
Thread-6  Flow # 1  size:  564  bytes syn_fct:  977  get_fct:  100
Thread-6  switching off for  291  ms
Thread-7  Flow # 1  size:  398  bytes syn_fct:  1019  get_fct:  95
Thread-7  switching off for  1059  ms
Thread-3  Flow # 1  size:  342  bytes syn_fct:  487  get_fct:  118
Thread-3  switching off for  135  ms
Thread-0  Flow # 1  size:  1844  bytes syn_fct:  1106  get_fct:  132
Thread-0  switching off for  427  ms
Thread-2  Flow # 1  size:  2232  bytes syn_fct:  624  get_fct:  147
Thread-2  switching off for  137  ms
Thread-3  Flow # 2  size:  728  bytes syn_fct:  55  get_fct:  55
Thread-3  switching off for  113  ms
Thread-2  Flow # 2  size:  1135  bytes syn_fct:  53  get_fct:  53
Thread-2  switching off for  192  ms
Thread-8  Flow # 2  size:  67  bytes syn_fct:  54  get_fct:  54
Thread-8  switching off for  379  ms
Thread-6  Flow # 2  size:  791  bytes syn_fct:  46  get_fct:  46
Thread-6  switching off for  60  ms
Thread-1  Flow # 2  size:  425  bytes syn_fct:  58  get_fct:  58
Thread-1  switching off for  59  ms
Thread-3  Flow # 3  size:  991  bytes syn_fct:  45  get_fct:  45
Thread-3  switching off for  117  ms
Thread-5  Flow # 2  size:  185  bytes syn_fct:  41  get_fct:  41
Thread-5  switching off for  11  ms
Thread-1  Flow # 3  size:  87  bytes syn_fct:  60  get_fct:  60
Thread-1  switching off for  515  ms
Thread-2  Flow # 3  size:  79  bytes syn_fct:  49  get_fct:  49
Thread-2  switching off for  120  ms
Thread-6  Flow # 3  size:  4648  bytes syn_fct:  89  get_fct:  89
Thread-6  switching off for  102  ms
Thread-0  Flow # 2  size:  285  bytes syn_fct:  54  get_fct:  54
Thread-0  switching off for  109  ms
Thread-5  Flow # 3  size:  729  bytes syn_fct:  58  get_fct:  58
Thread-5  switching off for  450  ms
Thread-3  Flow # 4  size:  351  bytes syn_fct:  53  get_fct:  53
Thread-3  switching off for  238  ms
Thread-6  Flow # 4  size:  270  bytes syn_fct:  58  get_fct:  58
Thread-6  switching off for  368  ms
Thread-2  Flow # 4  size:  83  bytes syn_fct:  50  get_fct:  49
Thread-2  switching off for  529  ms
Thread-0  Flow # 3  size:  3300  bytes syn_fct:  69  get_fct:  69
Thread-0  switching off for  236  ms
Thread-8  Flow # 3  size:  244  bytes syn_fct:  49  get_fct:  49
Thread-8  switching off for  753  ms
Thread-3  Flow # 5  size:  795  bytes syn_fct:  41  get_fct:  40
Thread-3  switching off for  872  ms
Thread-0  Flow # 4  size:  125  bytes syn_fct:  44  get_fct:  44
Thread-0  switching off for  1106  ms
Thread-1  Flow # 4  size:  398  bytes syn_fct:  54  get_fct:  54
Thread-1  switching off for  497  ms
Thread-7  Flow # 2  size:  1450  bytes syn_fct:  58  get_fct:  58
Thread-7  switching off for  1091  ms
Thread-2  Flow # 5  size:  4140  bytes syn_fct:  87  get_fct:  87
Thread-2  switching off for  891  ms
Thread-8  Flow # 4  size:  650  bytes syn_fct:  56  get_fct:  56
Thread-8  switching off for  1332  ms
Thread-1  Flow # 5  size:  2599  bytes syn_fct:  62  get_fct:  62
Thread-1  switching off for  127  ms
Thread-1  Flow # 6  size:  357  bytes syn_fct:  42  get_fct:  42
Thread-1  switching off for  64  ms
Thread-1  Flow # 7  size:  38  bytes syn_fct:  56  get_fct:  56
Thread-1  switching off for  188  ms
Thread-0  Flow # 5  size:  185  bytes syn_fct:  62  get_fct:  62
Thread-0  switching off for  901  ms
Thread-2  Flow # 6  size:  215  bytes syn_fct:  58  get_fct:  58
Thread-2  switching off for  225  ms
Thread-7  Flow # 3  size:  80  bytes syn_fct:  48  get_fct:  48
Thread-7  switching off for  55  ms
Thread-1  Flow # 8  size:  28633  bytes syn_fct:  259  get_fct:  259
Thread-1  switching off for  502  ms
Thread-7  Flow # 4  size:  665  bytes syn_fct:  54  get_fct:  54
Thread-7  switching off for  87  ms
Thread-2  Flow # 7  size:  398  bytes syn_fct:  44  get_fct:  44
Thread-2  switching off for  176  ms
Thread-7  Flow # 5  size:  14218  bytes syn_fct:  152  get_fct:  151
Thread-7  switching off for  125  ms
Thread-7  Flow # 6  size:  4515  bytes syn_fct:  74  get_fct:  74
Thread-7  switching off for  676  ms
Thread-2  Flow # 8  size:  12366  bytes syn_fct:  172  get_fct:  172
Thread-2  switching off for  349  ms
Thread-1  Flow # 9  size:  396  bytes syn_fct:  48  get_fct:  48
Thread-1  switching off for  531  ms
Thread-8  Flow # 5  size:  1527  bytes syn_fct:  66  get_fct:  66
Thread-8  switching off for  306  ms
Thread-0  Flow # 6  size:  245  bytes syn_fct:  58  get_fct:  58
Thread-0  switching off for  104  ms
Thread-2  Flow # 9  size:  392  bytes syn_fct:  52  get_fct:  52
Thread-2  switching off for  239  ms
Thread-0  Flow # 7  size:  2924  bytes syn_fct:  64  get_fct:  64
Thread-0  switching off for  525  ms
Thread-8  Flow # 6  size:  688  bytes syn_fct:  53  get_fct:  52
Thread-8  switching off for  34  ms
Thread-8  Flow # 7  size:  948  bytes syn_fct:  56  get_fct:  56
Thread-8  switching off for  121  ms
Thread-1  Flow # 10  size:  695  bytes syn_fct:  49  get_fct:  48
Thread-1  switching off for  85  ms
Thread-8  Flow # 8  size:  52  bytes syn_fct:  58  get_fct:  58
Thread-8  switching off for  247  ms
Thread-1  Flow # 11  size:  660  bytes syn_fct:  54  get_fct:  54
Thread-1  switching off for  80  ms
Thread-2  Flow # 10  size:  5703  bytes syn_fct:  148  get_fct:  148
Thread-2  switching off for  246  ms
Thread-1  Flow # 12  size:  471  bytes syn_fct:  60  get_fct:  60
Thread-1  switching off for  179  ms
Thread-0  Flow # 8  size:  2033  bytes syn_fct:  74  get_fct:  74
Thread-0  switching off for  461  ms
Thread-2  Flow # 11  size:  357  bytes syn_fct:  44  get_fct:  44
Thread-2  switching off for  45  ms
Thread-2  Flow # 12  size:  187  bytes syn_fct:  55  get_fct:  55
Thread-2  switching off for  342  ms
Thread-1  Flow # 13  size:  8421  bytes syn_fct:  109  get_fct:  108
Thread-1  switching off for  57  ms
Thread-1  Flow # 14  size:  428  bytes syn_fct:  54  get_fct:  54
Thread-1  switching off for  164  ms
Thread-7  Flow # 7  size:  45508  bytes syn_fct:  833  get_fct:  833
Thread-7  switching off for  25  ms
Thread-1  Flow # 15  size:  1627  bytes syn_fct:  55  get_fct:  55
Thread-1  switching off for  243  ms
Thread-0  Flow # 9  size:  498  bytes syn_fct:  49  get_fct:  49
Thread-0  switching off for  224  ms
Thread-7  Flow # 8  size:  1481  bytes syn_fct:  56  get_fct:  55
Thread-7  switching off for  106  ms
Thread-2  Flow # 13  size:  650  bytes syn_fct:  57  get_fct:  57
Thread-2  switching off for  687  ms
Thread-7  Flow # 9  size:  68  bytes syn_fct:  44  get_fct:  44
Thread-7  switching off for  627  ms
Thread-1  Flow # 16  size:  536  bytes syn_fct:  47  get_fct:  47
Thread-1  switching off for  450  ms
Thread-0  Flow # 10  size:  7992  bytes syn_fct:  104  get_fct:  103
Thread-0  switching off for  335  ms
Thread-0  Flow # 11  size:  846  bytes syn_fct:  44  get_fct:  44
Thread-0  switching off for  103  ms
Thread-2  Flow # 14  size:  315  bytes syn_fct:  43  get_fct:  43
Thread-2  switching off for  107  ms
Thread-1  Flow # 17  size:  336  bytes syn_fct:  58  get_fct:  58
Thread-1  switching off for  125  ms
Thread-3  Flow # 6  size:  90487  bytes syn_fct:  3496  get_fct:  3496
Thread-3  switching off for  147  ms
Thread-0  Flow # 12  size:  398  bytes syn_fct:  47  get_fct:  46
Thread-0  switching off for  508  ms
Thread-2  Flow # 15  size:  492  bytes syn_fct:  51  get_fct:  51
Thread-2  switching off for  88  ms
Thread-1  Flow # 18  size:  678  bytes syn_fct:  54  get_fct:  54
Thread-1  switching off for  27  ms
Thread-3  Flow # 7  size:  285  bytes syn_fct:  43  get_fct:  42
Thread-3  switching off for  73  ms
Thread-1  Flow # 19  size:  275  bytes syn_fct:  43  get_fct:  42
Thread-1  switching off for  209  ms
Thread-2  Flow # 16  size:  6940  bytes syn_fct:  90  get_fct:  90
Thread-2  switching off for  186  ms
Thread-3  Flow # 8  size:  85  bytes syn_fct:  56  get_fct:  56
Thread-3  switching off for  38  ms
Thread-3  Flow # 9  size:  706  bytes syn_fct:  41  get_fct:  41
Thread-3  switching off for  175  ms
Thread-2  Flow # 17  size:  271  bytes syn_fct:  55  get_fct:  55
Thread-2  switching off for  570  ms
Thread-1  Flow # 20  size:  7420  bytes syn_fct:  99  get_fct:  99
Thread-1  switching off for  85  ms
Thread-7  Flow # 10  size:  57540  bytes syn_fct:  580  get_fct:  580
Thread-7  switching off for  301  ms
Thread-1  Flow # 21  size:  4184  bytes syn_fct:  84  get_fct:  84
Thread-1  switching off for  96  ms
Thread-1  Flow # 22  size:  345  bytes syn_fct:  54  get_fct:  54
Thread-1  switching off for  47  ms
Thread-7  Flow # 11  size:  5867  bytes syn_fct:  88  get_fct:  88
Thread-7  switching off for  402  ms
Thread-1  Flow # 23  size:  75  bytes syn_fct:  43  get_fct:  43
Thread-1  switching off for  151  ms
Thread-1  Flow # 24  size:  297  bytes syn_fct:  49  get_fct:  49
Thread-1  switching off for  24  ms
Thread-2  Flow # 18  size:  1348  bytes syn_fct:  59  get_fct:  58
Thread-2  switching off for  740  ms
Thread-1  Flow # 25  size:  1076  bytes syn_fct:  55  get_fct:  54
Thread-1  switching off for  55  ms
Thread-7  Flow # 12  size:  17346  bytes syn_fct:  227  get_fct:  227
Thread-7  switching off for  60  ms
Thread-2  Flow # 19  size:  872  bytes syn_fct:  58  get_fct:  58
Thread-2  switching off for  44  ms
Thread-2  Flow # 20  size:  2199  bytes syn_fct:  65  get_fct:  65
Thread-2  switching off for  189  ms
Thread-2  Flow # 21  size:  1819  bytes syn_fct:  62  get_fct:  61
Thread-2  switching off for  253  ms
Thread-2  Flow # 22  size:  2924  bytes syn_fct:  64  get_fct:  64
Thread-2  switching off for  517  ms
Thread-2  Flow # 23  size:  838  bytes syn_fct:  53  get_fct:  53
Thread-2  switching off for  268  ms
Thread-2  Flow # 24  size:  321  bytes syn_fct:  51  get_fct:  51
Thread-2  switching off for  43  ms
Thread-2  Flow # 25  size:  76  bytes syn_fct:  46  get_fct:  45
Thread-2  switching off for  583  ms
Thread-1  Flow # 26  size:  98656  bytes syn_fct:  2623  get_fct:  2623
Thread-1  switching off for  69  ms
Thread-1  Flow # 27  size:  401  bytes syn_fct:  41  get_fct:  41
Thread-1  switching off for  114  ms
Thread-1  Flow # 28  size:  910  bytes syn_fct:  55  get_fct:  55
Thread-1  switching off for  228  ms
Thread-2  Flow # 26  size:  7505  bytes syn_fct:  95  get_fct:  95
Thread-2  switching off for  171  ms
Thread-1  Flow # 29  size:  345  bytes syn_fct:  51  get_fct:  51
Thread-1  switching off for  315  ms
Thread-2  Flow # 27  size:  2499  bytes syn_fct:  70  get_fct:  70
Thread-2  switching off for  778  ms
Thread-1  Flow # 30  size:  309  bytes syn_fct:  55  get_fct:  54
Thread-1  switching off for  652  ms
Thread-2  Flow # 28  size:  129398  bytes syn_fct:  2190  get_fct:  2190
Thread-2  switching off for  41  ms
Thread-2  Flow # 29  size:  360  bytes syn_fct:  58  get_fct:  58
Thread-2  switching off for  446  ms
Thread-1  Flow # 31  size:  136580  bytes syn_fct:  2435  get_fct:  2435
Thread-1  switching off for  533  ms
Thread-1  Flow # 32  size:  375  bytes syn_fct:  57  get_fct:  57
Thread-1  switching off for  386  ms
Thread-1  Flow # 33  size:  2800  bytes syn_fct:  72  get_fct:  72
Thread-1  switching off for  229  ms
Thread-0  Flow # 13  size:  138917  bytes syn_fct:  8641  get_fct:  8640
Thread-0  switching off for  70  ms
Thread-1  Flow # 34  size:  388  bytes syn_fct:  51  get_fct:  51
Thread-1  switching off for  18  ms
Thread-1  Flow # 35  size:  401  bytes syn_fct:  41  get_fct:  41
Thread-1  switching off for  519  ms
Thread-0  Flow # 14  size:  311  bytes syn_fct:  51  get_fct:  51
Thread-0  switching off for  266  ms
Thread-0  Flow # 15  size:  398  bytes syn_fct: 