Initializing random seed 23
Thread-6
Thread-6  switching off for  776  ms
Thread-5
Thread-5  switching off for  890  ms
Thread-4
Thread-4  switching off for  668  ms
Thread-7
Thread-7  switching off for  26  ms
Thread-8
Thread-8  switching off for  268  ms
Thread-3
Thread-3  switching off for  165  ms
Thread-9
Thread-9  switching off for  226  ms
Thread-2
Thread-2  switching off for  41  ms
Thread-1
Thread-1  switching off for  63  ms
Thread-0
Thread-0  switching off for  176  ms
Thread-2  Flow # 1  size:  437  bytes syn_fct:  178  get_fct:  80
Thread-2  switching off for  164  ms
Thread-7  Flow # 1  size:  222  bytes syn_fct:  194  get_fct:  80
Thread-7  switching off for  215  ms
Thread-3  Flow # 1  size:  67  bytes syn_fct:  124  get_fct:  58
Thread-3  switching off for  17  ms
Thread-0  Flow # 1  size:  1844  bytes syn_fct:  124  get_fct:  70
Thread-0  switching off for  458  ms
Thread-9  Flow # 1  size:  2232  bytes syn_fct:  123  get_fct:  70
Thread-9  switching off for  321  ms
Thread-3  Flow # 2  size:  784  bytes syn_fct:  54  get_fct:  54
Thread-3  switching off for  291  ms
Thread-8  Flow # 1  size:  342  bytes syn_fct:  121  get_fct:  60
Thread-8  switching off for  135  ms
Thread-7  Flow # 2  size:  2838  bytes syn_fct:  72  get_fct:  72
Thread-7  switching off for  137  ms
Thread-8  Flow # 2  size:  728  bytes syn_fct:  54  get_fct:  54
Thread-8  switching off for  324  ms
Thread-7  Flow # 3  size:  311  bytes syn_fct:  43  get_fct:  43
Thread-7  switching off for  267  ms
Thread-3  Flow # 3  size:  67  bytes syn_fct:  57  get_fct:  57
Thread-3  switching off for  177  ms
Thread-9  Flow # 2  size:  2019  bytes syn_fct:  69  get_fct:  69
Thread-9  switching off for  308  ms
Thread-4  Flow # 1  size:  480  bytes syn_fct:  132  get_fct:  60
Thread-4  switching off for  117  ms
Thread-0  Flow # 2  size:  162  bytes syn_fct:  49  get_fct:  48
Thread-0  switching off for  507  ms
Thread-6  Flow # 1  size:  153  bytes syn_fct:  103  get_fct:  50
Thread-6  switching off for  65  ms
Thread-3  Flow # 4  size:  87  bytes syn_fct:  42  get_fct:  42
Thread-3  switching off for  255  ms
Thread-4  Flow # 2  size:  285  bytes syn_fct:  60  get_fct:  60
Thread-4  switching off for  138  ms
Thread-7  Flow # 4  size:  324  bytes syn_fct:  43  get_fct:  43
Thread-7  switching off for  102  ms
Thread-5  Flow # 1  size:  79  bytes syn_fct:  129  get_fct:  61
Thread-5  switching off for  109  ms
Thread-6  Flow # 2  size:  4871  bytes syn_fct:  93  get_fct:  93
Thread-6  switching off for  450  ms
Thread-9  Flow # 3  size:  675  bytes syn_fct:  60  get_fct:  60
Thread-9  switching off for  33  ms
Thread-7  Flow # 5  size:  270  bytes syn_fct:  58  get_fct:  57
Thread-7  switching off for  81  ms
Thread-5  Flow # 2  size:  1780  bytes syn_fct:  89  get_fct:  88
Thread-5  switching off for  753  ms
Thread-4  Flow # 3  size:  3300  bytes syn_fct:  110  get_fct:  110
Thread-4  switching off for  269  ms
Thread-3  Flow # 5  size:  670  bytes syn_fct:  54  get_fct:  54
Thread-3  switching off for  872  ms
Thread-9  Flow # 4  size:  5287  bytes syn_fct:  105  get_fct:  105
Thread-9  switching off for  1106  ms
Thread-7  Flow # 6  size:  125  bytes syn_fct:  48  get_fct:  48
Thread-7  switching off for  17  ms
Thread-7  Flow # 7  size:  398  bytes syn_fct:  42  get_fct:  42
Thread-7  switching off for  497  ms
Thread-6  Flow # 3  size:  1450  bytes syn_fct:  89  get_fct:  89
Thread-6  switching off for  490  ms
Thread-5  Flow # 3  size:  650  bytes syn_fct:  47  get_fct:  47
Thread-5  switching off for  1332  ms
Thread-6  Flow # 4  size:  2599  bytes syn_fct:  61  get_fct:  61
Thread-6  switching off for  1099  ms
Thread-3  Flow # 6  size:  334  bytes syn_fct:  57  get_fct:  57
Thread-3  switching off for  141  ms
Thread-7  Flow # 8  size:  42143  bytes syn_fct:  472  get_fct:  471
Thread-7  switching off for  23  ms
Thread-3  Flow # 7  size:  181  bytes syn_fct:  48  get_fct:  48
Thread-3  switching off for  813  ms
Thread-7  Flow # 9  size:  460  bytes syn_fct:  47  get_fct:  47
Thread-7  switching off for  901  ms
Thread-9  Flow # 5  size:  185  bytes syn_fct:  43  get_fct:  43
Thread-9  switching off for  72  ms
Thread-9  Flow # 6  size:  80  bytes syn_fct:  57  get_fct:  57
Thread-9  switching off for  225  ms
Thread-9  Flow # 7  size:  133  bytes syn_fct:  54  get_fct:  54
Thread-9  switching off for  235  ms
Thread-9  Flow # 8  size:  4454  bytes syn_fct:  74  get_fct:  73
Thread-9  switching off for  87  ms
Thread-3  Flow # 8  size:  398  bytes syn_fct:  56  get_fct:  55
Thread-3  switching off for  176  ms
Thread-6  Flow # 5  size:  332  bytes syn_fct:  49  get_fct:  48
Thread-6  switching off for  668  ms
Thread-7  Flow # 10  size:  4515  bytes syn_fct:  77  get_fct:  77
Thread-7  switching off for  349  ms
Thread-9  Flow # 9  size:  14218  bytes syn_fct:  182  get_fct:  182
Thread-9  switching off for  159  ms
Thread-3  Flow # 9  size:  1527  bytes syn_fct:  62  get_fct:  62
Thread-3  switching off for  531  ms
Thread-5  Flow # 4  size:  13038  bytes syn_fct:  145  get_fct:  145
Thread-5  switching off for  306  ms
Thread-9  Flow # 10  size:  245  bytes syn_fct:  51  get_fct:  51
Thread-9  switching off for  104  ms
Thread-9  Flow # 11  size:  392  bytes syn_fct:  46  get_fct:  46
Thread-9  switching off for  244  ms
Thread-7  Flow # 11  size:  2924  bytes syn_fct:  70  get_fct:  70
Thread-7  switching off for  239  ms
Thread-5  Flow # 5  size:  5188  bytes syn_fct:  73  get_fct:  73
Thread-5  switching off for  34  ms
Thread-5  Flow # 6  size:  948  bytes syn_fct:  57  get_fct:  57
Thread-5  switching off for  245  ms
Thread-2  Flow # 2  size:  77615  bytes syn_fct:  3604  get_fct:  3604
Thread-2  switching off for  541  ms
Thread-6  Flow # 6  size:  324  bytes syn_fct:  51  get_fct:  51
Thread-6  switching off for  907  ms
Thread-3  Flow # 10  size:  52  bytes syn_fct:  49  get_fct:  49
Thread-3  switching off for  234  ms
Thread-9  Flow # 12  size:  260  bytes syn_fct:  57  get_fct:  57
Thread-9  switching off for  80  ms
Thread-7  Flow # 12  size:  700  bytes syn_fct:  51  get_fct:  50
Thread-7  switching off for  246  ms
Thread-9  Flow # 13  size:  471  bytes syn_fct:  48  get_fct:  48
Thread-9  switching off for  179  ms
Thread-4  Flow # 4  size:  87654  bytes syn_fct:  2781  get_fct:  2780
Thread-4  switching off for  1  ms
Thread-5  Flow # 7  size:  2033  bytes syn_fct:  65  get_fct:  65
Thread-5  switching off for  142  ms
Thread-3  Flow # 11  size:  93  bytes syn_fct:  45  get_fct:  45
Thread-3  switching off for  68  ms
Thread-4  Flow # 5  size:  3365  bytes syn_fct:  68  get_fct:  68
Thread-4  switching off for  342  ms
Thread-9  Flow # 14  size:  142  bytes syn_fct:  60  get_fct:  60
Thread-9  switching off for  164  ms
Thread-7  Flow # 13  size:  8421  bytes syn_fct:  102  get_fct:  102
Thread-7  switching off for  360  ms
Thread-3  Flow # 12  size:  428  bytes syn_fct:  52  get_fct:  51
Thread-3  switching off for  196  ms
Thread-5  Flow # 8  size:  61  bytes syn_fct:  46  get_fct:  46
Thread-5  switching off for  350  ms
Thread-2  Flow # 3  size:  650  bytes syn_fct:  49  get_fct:  48
Thread-2  switching off for  243  ms
Thread-9  Flow # 15  size:  608  bytes syn_fct:  55  get_fct:  55
Thread-9  switching off for  106  ms
Thread-4  Flow # 6  size:  68  bytes syn_fct:  47  get_fct:  47
Thread-4  switching off for  627  ms
Thread-7  Flow # 14  size:  536  bytes syn_fct:  50  get_fct:  49
Thread-7  switching off for  278  ms
Thread-3  Flow # 13  size:  13896  bytes syn_fct:  202  get_fct:  201
Thread-3  switching off for  103  ms
Thread-9  Flow # 16  size:  7992  bytes syn_fct:  102  get_fct:  102
Thread-9  switching off for  115  ms
Thread-2  Flow # 4  size:  1266  bytes syn_fct:  66  get_fct:  66
Thread-2  switching off for  128  ms
Thread-5  Flow # 9  size:  3060  bytes syn_fct:  77  get_fct:  77
Thread-5  switching off for  107  ms
Thread-3  Flow # 14  size:  331  bytes syn_fct:  57  get_fct:  57
Thread-3  switching off for  508  ms
Thread-9  Flow # 17  size:  366  bytes syn_fct:  46  get_fct:  46
Thread-9  switching off for  194  ms
Thread-5  Flow # 10  size:  398  bytes syn_fct:  43  get_fct:  43
Thread-5  switching off for  88  ms
Thread-2  Flow # 5  size:  678  bytes syn_fct:  51  get_fct:  51
Thread-2  switching off for  97  ms
Thread-7  Flow # 15  size:  75  bytes syn_fct:  41  get_fct:  41
Thread-7  switching off for  91  ms
Thread-5  Flow # 11  size:  215  bytes syn_fct:  41  get_fct:  40
Thread-5  switching off for  209  ms
Thread-9  Flow # 18  size:  85  bytes syn_fct:  54  get_fct:  54
Thread-9  switching off for  38  ms
Thread-2  Flow # 6  size:  6940  bytes syn_fct:  101  get_fct:  101
Thread-2  switching off for  250  ms
Thread-7  Flow # 16  size:  452  bytes syn_fct:  59  get_fct:  58
Thread-7  switching off for  586  ms
Thread-9  Flow # 19  size:  417  bytes syn_fct:  41  get_fct:  41
Thread-9  switching off for  90  ms
Thread-5  Flow # 12  size:  259  bytes syn_fct:  61  get_fct:  61
Thread-5  switching off for  301  ms
Thread-4  Flow # 7  size:  6881  bytes syn_fct:  92  get_fct:  92
Thread-4  switching off for  13  ms
Thread-4  Flow # 8  size:  4184  bytes syn_fct:  85  get_fct:  85
Thread-4  switching off for  47  ms
Thread-3  Flow # 15  size:  285  bytes syn_fct:  51  get_fct:  51
Thread-3  switching off for  545  ms
Thread-2  Flow # 7  size:  345  bytes syn_fct:  60  get_fct:  60
Thread-2  switching off for  28  ms
Thread-2  Flow # 8  size:  375  bytes syn_fct:  42  get_fct:  42
Thread-2  switching off for  341  ms
Thread-4  Flow # 9  size:  2361  bytes syn_fct:  63  get_fct:  63
Thread-4  switching off for  104  ms
Thread-5  Flow # 13  size:  51  bytes syn_fct:  49  get_fct:  48
Thread-5  switching off for  319  ms
Thread-7  Flow # 17  size:  133  bytes syn_fct:  43  get_fct:  43
Thread-7  switching off for  1121  ms
Thread-4  Flow # 10  size:  18668  bytes syn_fct:  185  get_fct:  185
Thread-4  switching off for  728  ms
Thread-2  Flow # 9  size:  163  bytes syn_fct:  47  get_fct:  47
Thread-2  switching off for  5  ms
Thread-2  Flow # 10  size:  872  bytes syn_fct:  55  get_fct:  55
Thread-2  switching off for  44  ms
Thread-6  Flow # 7  size:  57540  bytes syn_fct:  1210  get_fct:  1210
Thread-6  switching off for  189  ms
Thread-3  Flow # 16  size:  2199  bytes syn_fct:  74  get_fct:  74
Thread-3  switching off for  441  ms
Thread-5  Flow # 14  size:  1819  bytes syn_fct:  78  get_fct:  78
Thread-5  switching off for  517  ms
Thread-2  Flow # 11  size:  721  bytes syn_fct:  55  get_fct:  55
Thread-2  switching off for  277  ms
Thread-6  Flow # 8  size:  794  bytes syn_fct:  40  get_fct:  40
Thread-6  switching off for  118  ms
Thread-6  Flow # 9  size:  92  bytes syn_fct:  42  get_fct:  42
Thread-6  switching off for  583  ms
Thread-2  Flow # 12  size:  76  bytes syn_fct:  42  get_fct:  42
Thread-2  switching off for  69  ms
Thread-2  Flow # 13  size:  401  bytes syn_fct:  60  get_fct:  60
Thread-2  switching off for  289  ms
Thread-3  Flow # 17  size:  312  bytes syn_fct:  48  get_fct:  48
Thread-3  switching off for  228  ms
Thread-5  Flow # 15  size:  409  bytes syn_fct:  53  get_fct:  52
Thread-5  switching off for  134  ms
Thread-4  Flow # 11  size:  7505  bytes syn_fct:  101  get_fct:  101
Thread-4  switching off for  315  ms
Thread-5  Flow # 16  size:  2499  bytes syn_fct:  84  get_fct:  84
Thread-5  switching off for  652  ms
Thread-2  Flow # 14  size:  309  bytes syn_fct:  61  get_fct:  61
Thread-2  switching off for  1195  ms
Thread-6  Flow # 10  size:  91  bytes syn_fct:  57  get_fct:  57
Thread-6  switching off for  446  ms
Thread-4  Flow # 12  size:  360  bytes syn_fct:  55  get_fct:  55
Thread-4  switching off for  533  ms
Thread-3  Flow # 18  size:  23233  bytes syn_fct:  400  get_fct:  399
Thread-3  switching off for  12  ms
Thread-3  Flow # 19  size:  375  bytes syn_fct:  58  get_fct:  58
Thread-3  switching off for  386  ms
Thread-6  Flow # 11  size:  2800  bytes syn_fct:  71  get_fct:  71
Thread-6  switching off for  70  ms
Thread-5  Flow # 17  size:  643  bytes syn_fct:  58  get_fct:  58
Thread-5  switching off for  18  ms
Thread-4  Flow # 13  size:  388  bytes syn_fct:  56  get_fct:  56
Thread-4  switching off for  519  ms
Thread-5  Flow # 18  size:  311  bytes syn_fct:  42  get_fct:  42
Thread-5  switching off for  266  ms
Thread-6  Flow # 12  size:  401  bytes syn_fct:  41  get_fct:  41
Thread-6  switching off for  84  ms
Thread-3  Flow # 20  size:  398  bytes syn_fct:  53  get_fct:  53
Thread-3  switching off for  113  ms
Thread-6  Flow # 13  size:  1244  bytes syn_fct:  65  get_fct:  65
Thread-6  switching off for  176  ms
Thread-3  Flow # 21  size:  141  bytes syn_fct:  46  get_fct:  46
Thread-3  switching off for  517  ms
Thread-5  Flow # 19  size:  733  bytes syn_fct:  53  get_fct:  53
Thread-5  switching off for  1028  ms
Thread-6  Flow # 14  size:  646  bytes syn_fct:  43  get_fct:  43
Thread-6  switching off for  292  ms
Thread-2  Flow # 15  size:  401  bytes syn_fct:  43  get_fct:  42
Thread-2  switching off for  281  ms
Thread-4  Flow # 14  size:  20354  bytes syn_fct:  189  get_fct:  189
Thread-4  switching off for  324  ms
Thread-3  Flow # 22  size:  403  bytes syn_fct:  43  get_fct:  42
Thread-3  switching off for  550  ms
Thread-4  Flow # 15  size:  370  bytes syn_fct:  46  get_fct:  46
Thread-4  switching off for  144  ms
Thread-5  Flow # 20  size:  369  bytes syn_fct:  50  get_fct:  50
Thread-5  switching off for  1103  ms
Thread-5  Flow # 21  size:  2382  bytes syn_fct:  66  get_fct:  65
Thread-5  switching off for  370  ms
Thread-5  Flow # 22  size:  1220  bytes syn_fct:  60  get_fct:  60
Thread-5  switching off for  95  ms
Thread-5  Flow # 23  size:  129  bytes syn_fct:  54  get_fct:  54
Thread-5  switching off for  276  ms
Thread-6  Flow # 15  size:  128684  bytes syn_fct:  4676  get_fct:  4676
Thread-6  switching off for  266  ms
Thread-6  Flow # 16  size:  568  bytes syn_fct:  45  get_fct:  45
Thread-6  switching off for  234  ms
Thread-7  Flow # 18  size:  136580  bytes syn_fct:  6486  get_fct:  6486
Thread-7  switching off for  38  ms
Thread-6  Flow # 17  size:  478  bytes syn_fct:  54  get_fct:  54
Thread-6  switching off for  47  ms
Thread-9  Flow # 20  size:  138917  bytes syn_fct:  8348  get_fct:  8348
Thread-9  switching off for  111  ms
Thread-6  Flow # 18  size:  986  bytes syn_fct:  53  get_fct:  53
Thread-6  switching off for  290  ms
Thread-9  Flow # 21  size:  2631  bytes syn_fct:  79  get_fct:  79
Thread-9  switching off for  279  ms
Thread-6  Flow # 19  size:  629  bytes syn_fct:  59  get_fct:  59
Thread-6  switching off for  65  ms
Thread-6  Flow # 20  size:  334  bytes syn_fct:  65  get_fct:  65
Thread-6  switching off for  93  ms
Thread-6  Flow # 21  size:  290  bytes syn_fct:  46  get_fct:  46
Thread-6  switching off for  203  ms
Thread-6  Flow # 22  size:  672  bytes syn_fct:  46  get_fct:  45
Thread-6  switching off for  469  ms
Thread-9  Flow # 22  size:  107595  bytes syn_fct:  800  get_fct:  800
Thread-9  switching off for  104  ms
Thread-9  Flow # 23  size:  61879  bytes syn_fct:  915  get_fct:  915
Thread-9  switching off for  468  ms
Thread-9  Flow # 24  size:  721  bytes syn_fct:  42  get_fct:  42
Thread-9  switching off for  694  ms
Thread-9  Flow # 25  size:  102  bytes syn_fct:  45  get_fct:  45
Thread-9  switching off for  350  ms
Thread-9  Flow # 26  size:  40477  bytes syn_fct:  338  get_fct:  338
Thread-9  switching off for  329  ms
Thread-9  Flow # 27  size:  86  bytes syn_fct:  51  get_fct:  51
Thread-9  switching off for  761  ms
Thread-9  Flow # 28  size:  74358  bytes syn_fct:  577  get_fct:  576
Thread-9  switching off for  35  ms
Thread-9  Flow # 29  size:  5227  bytes syn_fct:  74  get_fct:  74
Thread-9  switching off for  24  ms
Thread-9  Flow # 30  size:  60  bytes syn_fct:  46  get_fct:  46
Thread-9  switching off for  475  ms
Thread-9  Flow # 31  size:  2071  bytes syn_fct:  64  get_fct:  64
Thread-9  switching off for  945  ms
Thread-9  Flow # 32  size:  952  bytes syn_fct:  54  get_fct:  54
Thread-9  switching off for  215  ms
Thread-9  Flow # 33  size:  282  bytes syn_fct:  54  get_fct:  54
Thread-9  switching off for  255  ms
Thread-9  Flow # 34  size:  352897  bytes syn_fct:  10844  get_fct:  10844
Thread-9  switching off for  312  ms
Thread-9  Flow # 35  size:  9356  bytes syn_fct:  115  get_fct:  115
Thread-9  switching off for  65  m