Initializing random seed 23
Thread-4
Thread-4  switching off for  776  ms
Thread-3
Thread-3  switching off for  890  ms
Thread-5
Thread-5  switching off for  668  ms
Thread-2
Thread-2  switching off for  26  ms
Thread-6
Thread-6  switching off for  268  ms
Thread-7
Thread-7  switching off for  165  ms
Thread-1
Thread-1  switching off for  226  ms
Thread-8
Thread-8  switching off for  41  ms
Thread-9
Thread-9  switching off for  63  ms
Thread-0
Thread-0  switching off for  176  ms
Thread-2  Flow # 1  size:  222  bytes syn_fct:  1173  get_fct:  58
Thread-2  switching off for  458  ms
Thread-6  Flow # 1  size:  564  bytes syn_fct:  943  get_fct:  63
Thread-6  switching off for  266  ms
Thread-8  Flow # 1  size:  437  bytes syn_fct:  1176  get_fct:  68
Thread-8  switching off for  321  ms
Thread-7  Flow # 1  size:  67  bytes syn_fct:  1063  get_fct:  78
Thread-7  switching off for  291  ms
Thread-1  Flow # 1  size:  398  bytes syn_fct:  1011  get_fct:  97
Thread-1  switching off for  1059  ms
Thread-4  Flow # 1  size:  342  bytes syn_fct:  481  get_fct:  108
Thread-4  switching off for  135  ms
Thread-0  Flow # 1  size:  1844  bytes syn_fct:  1100  get_fct:  138
Thread-0  switching off for  427  ms
Thread-5  Flow # 1  size:  2232  bytes syn_fct:  618  get_fct:  148
Thread-5  switching off for  137  ms
Thread-4  Flow # 2  size:  728  bytes syn_fct:  55  get_fct:  55
Thread-4  switching off for  113  ms
Thread-5  Flow # 2  size:  1135  bytes syn_fct:  53  get_fct:  53
Thread-5  switching off for  26  ms
Thread-6  Flow # 2  size:  480  bytes syn_fct:  59  get_fct:  59
Thread-6  switching off for  177  ms
Thread-7  Flow # 2  size:  791  bytes syn_fct:  48  get_fct:  47
Thread-7  switching off for  59  ms
Thread-5  Flow # 3  size:  2019  bytes syn_fct:  73  get_fct:  73
Thread-5  switching off for  117  ms
Thread-8  Flow # 2  size:  991  bytes syn_fct:  48  get_fct:  48
Thread-8  switching off for  507  ms
Thread-4  Flow # 3  size:  162  bytes syn_fct:  45  get_fct:  45
Thread-4  switching off for  65  ms
Thread-7  Flow # 3  size:  87  bytes syn_fct:  51  get_fct:  51
Thread-7  switching off for  96  ms
Thread-2  Flow # 2  size:  79  bytes syn_fct:  50  get_fct:  50
Thread-2  switching off for  120  ms
Thread-5  Flow # 4  size:  729  bytes syn_fct:  54  get_fct:  53
Thread-5  switching off for  102  ms
Thread-6  Flow # 3  size:  351  bytes syn_fct:  53  get_fct:  52
Thread-6  switching off for  109  ms
Thread-0  Flow # 2  size:  4871  bytes syn_fct:  91  get_fct:  91
Thread-0  switching off for  238  ms
Thread-7  Flow # 4  size:  3084  bytes syn_fct:  61  get_fct:  61
Thread-7  switching off for  33  ms
Thread-2  Flow # 3  size:  270  bytes syn_fct:  60  get_fct:  59
Thread-2  switching off for  81  ms
Thread-7  Flow # 5  size:  1780  bytes syn_fct:  67  get_fct:  67
Thread-7  switching off for  236  ms
Thread-5  Flow # 5  size:  3300  bytes syn_fct:  106  get_fct:  106
Thread-5  switching off for  753  ms
Thread-6  Flow # 4  size:  5287  bytes syn_fct:  88  get_fct:  88
Thread-6  switching off for  269  ms
Thread-0  Flow # 3  size:  125  bytes syn_fct:  62  get_fct:  62
Thread-0  switching off for  17  ms
Thread-0  Flow # 4  size:  398  bytes syn_fct:  53  get_fct:  52
Thread-0  switching off for  7  ms
Thread-0  Flow # 5  size:  1450  bytes syn_fct:  81  get_fct:  81
Thread-0  switching off for  490  ms
Thread-7  Flow # 6  size:  4325  bytes syn_fct:  92  get_fct:  92
Thread-7  switching off for  891  ms
Thread-1  Flow # 2  size:  650  bytes syn_fct:  50  get_fct:  49
Thread-1  switching off for  1332  ms
Thread-5  Flow # 6  size:  2599  bytes syn_fct:  67  get_fct:  66
Thread-5  switching off for  1099  ms
Thread-0  Flow # 6  size:  334  bytes syn_fct:  60  get_fct:  60
Thread-0  switching off for  141  ms
Thread-2  Flow # 4  size:  38798  bytes syn_fct:  917  get_fct:  917
Thread-2  switching off for  64  ms
Thread-2  Flow # 5  size:  460  bytes syn_fct:  47  get_fct:  47
Thread-2  switching off for  65  ms
Thread-0  Flow # 7  size:  38  bytes syn_fct:  50  get_fct:  49
Thread-0  switching off for  813  ms
Thread-7  Flow # 7  size:  215  bytes syn_fct:  59  get_fct:  58
Thread-7  switching off for  32  ms
Thread-7  Flow # 8  size:  618  bytes syn_fct:  58  get_fct:  57
Thread-7  switching off for  55  ms
Thread-7  Flow # 9  size:  665  bytes syn_fct:  44  get_fct:  44
Thread-7  switching off for  502  ms
Thread-2  Flow # 6  size:  44135  bytes syn_fct:  644  get_fct:  644
Thread-2  switching off for  164  ms
Thread-1  Flow # 3  size:  264  bytes syn_fct:  56  get_fct:  56
Thread-1  switching off for  693  ms
Thread-0  Flow # 8  size:  419  bytes syn_fct:  54  get_fct:  54
Thread-0  switching off for  125  ms
Thread-5  Flow # 7  size:  4515  bytes syn_fct:  158  get_fct:  158
Thread-5  switching off for  159  ms
Thread-0  Flow # 9  size:  1460  bytes syn_fct:  64  get_fct:  64
Thread-0  switching off for  354  ms
Thread-2  Flow # 7  size:  12366  bytes syn_fct:  264  get_fct:  264
Thread-2  switching off for  531  ms
Thread-7  Flow # 10  size:  13038  bytes syn_fct:  236  get_fct:  236
Thread-7  switching off for  306  ms
Thread-5  Flow # 8  size:  245  bytes syn_fct:  51  get_fct:  50
Thread-5  switching off for  104  ms
Thread-5  Flow # 9  size:  392  bytes syn_fct:  46  get_fct:  45
Thread-5  switching off for  443  ms
Thread-0  Flow # 10  size:  688  bytes syn_fct:  55  get_fct:  55
Thread-0  switching off for  34  ms
Thread-1  Flow # 4  size:  675  bytes syn_fct:  46  get_fct:  46
Thread-1  switching off for  299  ms
Thread-7  Flow # 11  size:  5188  bytes syn_fct:  74  get_fct:  74
Thread-7  switching off for  245  ms
Thread-0  Flow # 11  size:  324  bytes syn_fct:  55  get_fct:  55
Thread-0  switching off for  541  ms
Thread-2  Flow # 8  size:  260  bytes syn_fct:  60  get_fct:  59
Thread-2  switching off for  907  ms
Thread-1  Flow # 5  size:  700  bytes syn_fct:  50  get_fct:  50
Thread-1  switching off for  234  ms
Thread-7  Flow # 12  size:  52  bytes syn_fct:  55  get_fct:  55
Thread-7  switching off for  80  ms
Thread-5  Flow # 10  size:  700  bytes syn_fct:  46  get_fct:  46
Thread-5  switching off for  190  ms
Thread-7  Flow # 13  size:  428  bytes syn_fct:  48  get_fct:  48
Thread-7  switching off for  380  ms
Thread-5  Flow # 11  size:  357  bytes syn_fct:  50  get_fct:  49
Thread-5  switching off for  45  ms
Thread-0  Flow # 12  size:  3365  bytes syn_fct:  77  get_fct:  77
Thread-0  switching off for  68  ms
Thread-5  Flow # 12  size:  8421  bytes syn_fct:  103  get_fct:  102
Thread-5  switching off for  57  ms
Thread-0  Flow # 13  size:  1370  bytes syn_fct:  63  get_fct:  63
Thread-0  switching off for  178  ms
Thread-5  Flow # 13  size:  398  bytes syn_fct:  44  get_fct:  44
Thread-5  switching off for  360  ms
Thread-7  Flow # 14  size:  61  bytes syn_fct:  50  get_fct:  49
Thread-7  switching off for  196  ms
Thread-0  Flow # 14  size:  1481  bytes syn_fct:  51  get_fct:  50
Thread-0  switching off for  232  ms
Thread-7  Flow # 15  size:  683  bytes syn_fct:  43  get_fct:  43
Thread-7  switching off for  224  ms
Thread-2  Flow # 9  size:  300  bytes syn_fct:  51  get_fct:  51
Thread-2  switching off for  687  ms
Thread-5  Flow # 14  size:  68  bytes syn_fct:  49  get_fct:  49
Thread-5  switching off for  597  ms
Thread-0  Flow # 15  size:  9513  bytes syn_fct:  107  get_fct:  107
Thread-0  switching off for  450  ms
Thread-7  Flow # 16  size:  536  bytes syn_fct:  55  get_fct:  55
Thread-7  switching off for  335  ms
Thread-7  Flow # 17  size:  846  bytes syn_fct:  54  get_fct:  54
Thread-7  switching off for  103  ms
Thread-0  Flow # 16  size:  315  bytes syn_fct:  60  get_fct:  60
Thread-0  switching off for  963  ms
Thread-6  Flow # 5  size:  87654  bytes syn_fct:  4181  get_fct:  4180
Thread-6  switching off for  147  ms
Thread-2  Flow # 10  size:  336  bytes syn_fct:  42  get_fct:  42
Thread-2  switching off for  163  ms
Thread-5  Flow # 15  size:  304  bytes syn_fct:  52  get_fct:  52
Thread-5  switching off for  508  ms
Thread-7  Flow # 18  size:  331  bytes syn_fct:  47  get_fct:  47
Thread-7  switching off for  194  ms
Thread-6  Flow # 6  size:  678  bytes syn_fct:  44  get_fct:  44
Thread-6  switching off for  97  ms
Thread-8  Flow # 3  size:  93322  bytes syn_fct:  4541  get_fct:  4541
Thread-8  switching off for  27  ms
Thread-2  Flow # 11  size:  267  bytes syn_fct:  56  get_fct:  56
Thread-2  switching off for  73  ms
Thread-7  Flow # 19  size:  275  bytes syn_fct:  55  get_fct:  55
Thread-7  switching off for  209  ms
Thread-6  Flow # 7  size:  85  bytes syn_fct:  42  get_fct:  42
Thread-6  switching off for  38  ms
Thread-8  Flow # 4  size:  6940  bytes syn_fct:  93  get_fct:  93
Thread-8  switching off for  250  ms
Thread-2  Flow # 12  size:  452  bytes syn_fct:  46  get_fct:  46
Thread-2  switching off for  175  ms
Thread-6  Flow # 8  size:  7420  bytes syn_fct:  100  get_fct:  100
Thread-6  switching off for  90  ms
Thread-2  Flow # 13  size:  259  bytes syn_fct:  45  get_fct:  45
Thread-2  switching off for  301  ms
Thread-8  Flow # 5  size:  4184  bytes syn_fct:  88  get_fct:  88
Thread-8  switching off for  96  ms
Thread-7  Flow # 20  size:  6881  bytes syn_fct:  209  get_fct:  209
Thread-7  switching off for  134  ms
Thread-8  Flow # 6  size:  93  bytes syn_fct:  45  get_fct:  45
Thread-8  switching off for  545  ms
Thread-7  Flow # 21  size:  75  bytes syn_fct:  47  get_fct:  46
Thread-7  switching off for  151  ms
Thread-2  Flow # 14  size:  2361  bytes syn_fct:  67  get_fct:  67
Thread-2  switching off for  341  ms
Thread-0  Flow # 17  size:  297  bytes syn_fct:  56  get_fct:  55
Thread-0  switching off for  24  ms
Thread-7  Flow # 22  size:  1076  bytes syn_fct:  48  get_fct:  48
Thread-7  switching off for  55  ms
Thread-8  Flow # 7  size:  163  bytes syn_fct:  44  get_fct:  44
Thread-8  switching off for  5  ms
Thread-2  Flow # 15  size:  17346  bytes syn_fct:  167  get_fct:  167
Thread-2  switching off for  44  ms
Thread-0  Flow # 18  size:  18668  bytes syn_fct:  433  get_fct:  433
Thread-0  switching off for  394  ms
Thread-8  Flow # 8  size:  872  bytes syn_fct:  44  get_fct:  43
Thread-8  switching off for  189  ms
Thread-2  Flow # 16  size:  1819  bytes syn_fct:  66  get_fct:  66
Thread-2  switching off for  253  ms
Thread-8  Flow # 9  size:  2924  bytes syn_fct:  79  get_fct:  79
Thread-8  switching off for  517  ms
Thread-2  Flow # 17  size:  838  bytes syn_fct:  46  get_fct:  46
Thread-2  switching off for  118  ms
Thread-0  Flow # 19  size:  794  bytes syn_fct:  57  get_fct:  57
Thread-0  switching off for  43  ms
Thread-0  Flow # 20  size:  76  bytes syn_fct:  56  get_fct:  56
Thread-0  switching off for  69  ms
Thread-2  Flow # 18  size:  7295  bytes syn_fct:  90  get_fct:  89
Thread-2  switching off for  166  ms
Thread-0  Flow # 21  size:  312  bytes syn_fct:  51  get_fct:  50
Thread-0  switching off for  289  ms
Thread-2  Flow # 19  size:  635  bytes syn_fct:  45  get_fct:  45
Thread-2  switching off for  171  ms
Thread-8  Flow # 10  size:  7505  bytes syn_fct:  102  get_fct:  102
Thread-8  switching off for  134  ms
Thread-0  Flow # 22  size:  1046  bytes syn_fct:  50  get_fct:  50
Thread-0  switching off for  778  ms
Thread-2  Flow # 20  size:  2499  bytes syn_fct:  58  get_fct:  58
Thread-2  switching off for  652  ms
Thread-8  Flow # 11  size:  309  bytes syn_fct:  57  get_fct:  57
Thread-8  switching off for  1195  ms
Thread-0  Flow # 23  size:  91  bytes syn_fct:  51  get_fct:  51
Thread-0  switching off for  143  ms
Thread-0  Flow # 24  size:  2952  bytes syn_fct:  75  get_fct:  75
Thread-0  switching off for  533  ms
Thread-0  Flow # 25  size:  375  bytes syn_fct:  57  get_fct:  57
Thread-0  switching off for  386  ms
Thread-0  Flow # 26  size:  2800  bytes syn_fct:  71  get_fct:  71
Thread-0  switching off for  229  ms
Thread-7  Flow # 23  size:  98656  bytes syn_fct:  3524  get_fct:  3524
Thread-7  switching off for  70  ms
Thread-7  Flow # 24  size:  388  bytes syn_fct:  49  get_fct:  49
Thread-7  switching off for  18  ms
Thread-0  Flow # 27  size:  311  bytes syn_fct:  41  get_fct:  41
Thread-0  switching off for  519  ms
Thread-7  Flow # 25  size:  401  bytes syn_fct:  51  get_fct:  51
Thread-7  switching off for  266  ms
Thread-7  Flow # 26  size:  398  bytes syn_fct:  54  get_