Initializing random seed 23
Thread-4
Thread-4  switching off for  776  ms
Thread-3
Thread-3  switching off for  890  ms
Thread-5
Thread-5  switching off for  668  ms
Thread-2
Thread-2  switching off for  26  ms
Thread-6
Thread-6  switching off for  268  ms
Thread-7
Thread-7  switching off for  165  ms
Thread-1
Thread-1  switching off for  226  ms
Thread-8
Thread-8  switching off for  41  ms
Thread-9
Thread-9  switching off for  63  ms
Thread-0
Thread-0  switching off for  176  ms
Thread-2  Flow # 1  size:  222  bytes syn_fct:  1132  get_fct:  43
Thread-2  switching off for  458  ms
Thread-1  Flow # 1  size:  398  bytes syn_fct:  944  get_fct:  47
Thread-1  switching off for  266  ms
Thread-8  Flow # 1  size:  437  bytes syn_fct:  1131  get_fct:  49
Thread-8  switching off for  321  ms
Thread-0  Flow # 1  size:  1844  bytes syn_fct:  1004  get_fct:  56
Thread-0  switching off for  291  ms
Thread-6  Flow # 1  size:  564  bytes syn_fct:  913  get_fct:  57
Thread-6  switching off for  1059  ms
Thread-4  Flow # 1  size:  342  bytes syn_fct:  406  get_fct:  58
Thread-4  switching off for  135  ms
Thread-7  Flow # 1  size:  67  bytes syn_fct:  1018  get_fct:  59
Thread-7  switching off for  427  ms
Thread-5  Flow # 1  size:  2232  bytes syn_fct:  516  get_fct:  62
Thread-5  switching off for  137  ms
Thread-4  Flow # 2  size:  728  bytes syn_fct:  42  get_fct:  42
Thread-4  switching off for  113  ms
Thread-5  Flow # 2  size:  1135  bytes syn_fct:  41  get_fct:  41
Thread-5  switching off for  26  ms
Thread-5  Flow # 3  size:  480  bytes syn_fct:  40  get_fct:  40
Thread-5  switching off for  379  ms
Thread-1  Flow # 2  size:  791  bytes syn_fct:  41  get_fct:  41
Thread-1  switching off for  60  ms
Thread-0  Flow # 2  size:  425  bytes syn_fct:  41  get_fct:  41
Thread-0  switching off for  117  ms
Thread-4  Flow # 3  size:  991  bytes syn_fct:  42  get_fct:  41
Thread-4  switching off for  507  ms
Thread-8  Flow # 2  size:  153  bytes syn_fct:  41  get_fct:  41
Thread-8  switching off for  65  ms
Thread-1  Flow # 3  size:  87  bytes syn_fct:  42  get_fct:  42
Thread-1  switching off for  31  ms
Thread-7  Flow # 2  size:  285  bytes syn_fct:  41  get_fct:  41
Thread-7  switching off for  138  ms
Thread-1  Flow # 4  size:  729  bytes syn_fct:  43  get_fct:  42
Thread-1  switching off for  102  ms
Thread-2  Flow # 2  size:  4871  bytes syn_fct:  44  get_fct:  44
Thread-2  switching off for  109  ms
Thread-0  Flow # 3  size:  324  bytes syn_fct:  43  get_fct:  43
Thread-0  switching off for  450  ms
Thread-1  Flow # 5  size:  675  bytes syn_fct:  42  get_fct:  42
Thread-1  switching off for  459  ms
Thread-2  Flow # 3  size:  270  bytes syn_fct:  41  get_fct:  41
Thread-2  switching off for  529  ms
Thread-7  Flow # 3  size:  83  bytes syn_fct:  42  get_fct:  42
Thread-7  switching off for  81  ms
Thread-5  Flow # 4  size:  1780  bytes syn_fct:  42  get_fct:  42
Thread-5  switching off for  236  ms
Thread-7  Flow # 4  size:  20316  bytes syn_fct:  91  get_fct:  91
Thread-7  switching off for  269  ms
Thread-5  Flow # 5  size:  125  bytes syn_fct:  43  get_fct:  43
Thread-5  switching off for  17  ms
Thread-4  Flow # 4  size:  38798  bytes syn_fct:  137  get_fct:  137
Thread-4  switching off for  7  ms
Thread-5  Flow # 6  size:  398  bytes syn_fct:  41  get_fct:  41
Thread-5  switching off for  348  ms
Thread-4  Flow # 5  size:  4325  bytes syn_fct:  46  get_fct:  46
Thread-4  switching off for  1091  ms
Thread-6  Flow # 2  size:  4140  bytes syn_fct:  42  get_fct:  42
Thread-6  switching off for  1332  ms
Thread-7  Flow # 5  size:  650  bytes syn_fct:  41  get_fct:  41
Thread-7  switching off for  414  ms
Thread-0  Flow # 4  size:  93322  bytes syn_fct:  229  get_fct:  229
Thread-0  switching off for  1099  ms
Thread-2  Flow # 4  size:  334  bytes syn_fct:  41  get_fct:  41
Thread-2  switching off for  141  ms
Thread-1  Flow # 6  size:  42143  bytes syn_fct:  141  get_fct:  140
Thread-1  switching off for  64  ms
Thread-1  Flow # 7  size:  38  bytes syn_fct:  41  get_fct:  41
Thread-1  switching off for  188  ms
Thread-2  Flow # 5  size:  185  bytes syn_fct:  42  get_fct:  42
Thread-2  switching off for  901  ms
Thread-5  Flow # 7  size:  28633  bytes syn_fct:  126  get_fct:  126
Thread-5  switching off for  72  ms
Thread-1  Flow # 8  size:  80  bytes syn_fct:  40  get_fct:  40
Thread-1  switching off for  55  ms
Thread-7  Flow # 6  size:  618  bytes syn_fct:  41  get_fct:  41
Thread-7  switching off for  502  ms
Thread-5  Flow # 8  size:  665  bytes syn_fct:  41  get_fct:  41
Thread-5  switching off for  87  ms
Thread-1  Flow # 9  size:  398  bytes syn_fct:  42  get_fct:  42
Thread-1  switching off for  693  ms
Thread-5  Flow # 9  size:  419  bytes syn_fct:  42  get_fct:  42
Thread-5  switching off for  125  ms
Thread-5  Flow # 10  size:  12366  bytes syn_fct:  49  get_fct:  49
Thread-5  switching off for  504  ms
Thread-7  Flow # 7  size:  13038  bytes syn_fct:  50  get_fct:  50
Thread-7  switching off for  159  ms
Thread-4  Flow # 6  size:  1460  bytes syn_fct:  43  get_fct:  43
Thread-4  switching off for  354  ms
Thread-0  Flow # 5  size:  5372  bytes syn_fct:  44  get_fct:  44
Thread-0  switching off for  104  ms
Thread-2  Flow # 6  size:  978  bytes syn_fct:  41  get_fct:  41
Thread-2  switching off for  158  ms
Thread-7  Flow # 8  size:  245  bytes syn_fct:  41  get_fct:  41
Thread-7  switching off for  244  ms
Thread-1  Flow # 10  size:  2924  bytes syn_fct:  45  get_fct:  45
Thread-1  switching off for  239  ms
Thread-5  Flow # 11  size:  5188  bytes syn_fct:  44  get_fct:  44
Thread-5  switching off for  121  ms
Thread-0  Flow # 6  size:  83  bytes syn_fct:  42  get_fct:  42
Thread-0  switching off for  245  ms
Thread-6  Flow # 3  size:  948  bytes syn_fct:  42  get_fct:  42
Thread-6  switching off for  541  ms
Thread-2  Flow # 7  size:  260  bytes syn_fct:  43  get_fct:  43
Thread-2  switching off for  24  ms
Thread-2  Flow # 8  size:  700  bytes syn_fct:  41  get_fct:  41
Thread-2  switching off for  246  ms
Thread-5  Flow # 12  size:  660  bytes syn_fct:  41  get_fct:  41
Thread-5  switching off for  190  ms
Thread-7  Flow # 9  size:  240  bytes syn_fct:  42  get_fct:  42
Thread-7  switching off for  380  ms
Thread-4  Flow # 7  size:  45508  bytes syn_fct:  132  get_fct:  132
Thread-4  switching off for  1  ms
Thread-1  Flow # 11  size:  428  bytes syn_fct:  40  get_fct:  40
Thread-1  switching off for  461  ms
Thread-4  Flow # 8  size:  357  bytes syn_fct:  41  get_fct:  41
Thread-4  switching off for  45  ms
Thread-0  Flow # 7  size:  8421  bytes syn_fct:  46  get_fct:  46
Thread-0  switching off for  342  ms
Thread-4  Flow # 9  size:  187  bytes syn_fct:  41  get_fct:  41
Thread-4  switching off for  57  ms
Thread-5  Flow # 13  size:  428  bytes syn_fct:  42  get_fct:  42
Thread-5  switching off for  360  ms
Thread-2  Flow # 9  size:  398  bytes syn_fct:  42  get_fct:  42
Thread-2  switching off for  196  ms
Thread-4  Flow # 10  size:  61  bytes syn_fct:  43  get_fct:  43
Thread-4  switching off for  350  ms
Thread-7  Flow # 10  size:  650  bytes syn_fct:  40  get_fct:  40
Thread-7  switching off for  224  ms
Thread-6  Flow # 4  size:  683  bytes syn_fct:  43  get_fct:  43
Thread-6  switching off for  106  ms
Thread-2  Flow # 10  size:  13896  bytes syn_fct:  50  get_fct:  50
Thread-2  switching off for  627  ms
Thread-0  Flow # 8  size:  68  bytes syn_fct:  41  get_fct:  41
Thread-0  switching off for  206  ms
Thread-1  Flow # 12  size:  7992  bytes syn_fct:  45  get_fct:  45
Thread-1  switching off for  335  ms
Thread-6  Flow # 5  size:  3060  bytes syn_fct:  42  get_fct:  42
Thread-6  switching off for  103  ms
Thread-5  Flow # 14  size:  846  bytes syn_fct:  41  get_fct:  41
Thread-5  switching off for  128  ms
Thread-4  Flow # 11  size:  315  bytes syn_fct:  42  get_fct:  42
Thread-4  switching off for  107  ms
Thread-6  Flow # 6  size:  331  bytes syn_fct:  41  get_fct:  41
Thread-6  switching off for  163  ms
Thread-0  Flow # 9  size:  366  bytes syn_fct:  41  get_fct:  41
Thread-0  switching off for  194  ms
Thread-5  Flow # 15  size:  4679  bytes syn_fct:  43  get_fct:  43
Thread-5  switching off for  88  ms
Thread-4  Flow # 12  size:  678  bytes syn_fct:  42  get_fct:  42
Thread-4  switching off for  97  ms
Thread-7  Flow # 11  size:  57540  bytes syn_fct:  173  get_fct:  173
Thread-7  switching off for  27  ms
Thread-7  Flow # 12  size:  215  bytes syn_fct:  41  get_fct:  41
Thread-7  switching off for  35  ms
Thread-5  Flow # 16  size:  275  bytes syn_fct:  42  get_fct:  42
Thread-5  switching off for  38  ms
Thread-1  Flow # 13  size:  6940  bytes syn_fct:  45  get_fct:  45
Thread-1  switching off for  175  ms
Thread-6  Flow # 7  size:  548  bytes syn_fct:  43  get_fct:  43
Thread-6  switching off for  586  ms
Thread-4  Flow # 13  size:  452  bytes syn_fct:  42  get_fct:  42
Thread-4  switching off for  90  ms
Thread-7  Flow # 13  size:  706  bytes syn_fct:  42  get_fct:  42
Thread-7  switching off for  1215  ms
Thread-0  Flow # 10  size:  6881  bytes syn_fct:  45  get_fct:  45
Thread-0  switching off for  301  ms
Thread-5  Flow # 17  size:  259  bytes syn_fct:  42  get_fct:  41
Thread-5  switching off for  13  ms
Thread-5  Flow # 18  size:  4184  bytes syn_fct:  43  get_fct:  43
Thread-5  switching off for  134  ms
Thread-4  Flow # 14  size:  285  bytes syn_fct:  40  get_fct:  40
Thread-4  switching off for  47  ms
Thread-1  Flow # 14  size:  5867  bytes syn_fct:  44  get_fct:  44
Thread-1  switching off for  151  ms
Thread-4  Flow # 15  size:  75  bytes syn_fct:  42  get_fct:  42
Thread-4  switching off for  341  ms
Thread-2  Flow # 11  size:  2361  bytes syn_fct:  41  get_fct:  41
Thread-2  switching off for  104  ms
Thread-5  Flow # 19  size:  51  bytes syn_fct:  41  get_fct:  41
Thread-5  switching off for  740  ms
Thread-2  Flow # 12  size:  1076  bytes syn_fct:  41  get_fct:  41
Thread-2  switching off for  728  ms
Thread-0  Flow # 11  size:  133  bytes syn_fct:  41  get_fct:  41
Thread-0  switching off for  60  ms
Thread-1  Flow # 15  size:  98656  bytes syn_fct:  217  get_fct:  217
Thread-1  switching off for  44  ms
Thread-4  Flow # 16  size:  872  bytes syn_fct:  42  get_fct:  42
Thread-4  switching off for  189  ms
Thread-6  Flow # 8  size:  2199  bytes syn_fct:  44  get_fct:  44
Thread-6  switching off for  253  ms
Thread-1  Flow # 16  size:  1819  bytes syn_fct:  42  get_fct:  42
Thread-1  switching off for  441  ms
Thread-4  Flow # 17  size:  4921  bytes syn_fct:  44  get_fct:  44
Thread-4  switching off for  277  ms
Thread-6  Flow # 9  size:  794  bytes syn_fct:  40  get_fct:  40
Thread-6  switching off for  118  ms
Thread-5  Flow # 20  size:  92  bytes syn_fct:  42  get_fct:  42
Thread-5  switching off for  583  ms
Thread-6  Flow # 10  size:  76  bytes syn_fct:  41  get_fct:  41
Thread-6  switching off for  69  ms
Thread-2  Flow # 13  size:  401  bytes syn_fct:  42  get_fct:  42
Thread-2  switching off for  587  ms
Thread-1  Flow # 17  size:  312  bytes syn_fct:  43  get_fct:  43
Thread-1  switching off for  171  ms
Thread-4  Flow # 18  size:  910  bytes syn_fct:  42  get_fct:  42
Thread-4  switching off for  134  ms
Thread-6  Flow # 11  size:  635  bytes syn_fct:  42  get_fct:  42
Thread-6  switching off for  315  ms
Thread-7  Flow # 14  size:  2499  bytes syn_fct:  43  get_fct:  43
Thread-7  switching off for  778  ms
Thread-4  Flow # 19  size:  309  bytes syn_fct:  42  get_fct:  41
Thread-4  switching off for  1195  ms
Thread-1  Flow # 18  size:  11239  bytes syn_fct:  49  get_fct:  49
Thread-1  switching off for  1211  ms
Thread-6  Flow # 12  size:  91  bytes syn_fct:  42  get_fct:  42
Thread-6  switching off for  143  ms
Thread-5  Flow # 21  size:  2952  bytes syn_fct:  43  get_fct:  43
Thread-5  switching off for  12  ms
Thread-6  Flow # 13  size:  5445  bytes syn_fct:  43  get_fct:  43
Thread-6  switching off for  386  ms
Thread-5  Flow # 22  size:  375  bytes syn_fct:  41  get_fct:  41
Thread-5  switching off for  229  ms
Thread-2  Flow # 14  size:  2800  bytes syn_fct:  44  get_fct:  44
Thread-2  switching off for  70  ms
Thread-2  Flow # 15  size:  388  bytes syn_fct:  42  get_fct:  42
Thread-2  switching off for  18  ms
Thread-2  Flow # 16  size:  311  bytes syn_fct:  41  get_fct:  41
Thread-2  switching off for  167  ms
Thread-5  Flow # 23  size:  4994  bytes syn_fct:  43  get_fct:  43
Thread-5  switching off for  266  ms
Thread-7  Flow # 15  size:  398  bytes syn_fct:  41  get_fct:  41
Thread-7  switching off for  84  ms
Thread-2  Flow # 17  size:  311  bytes syn_fct:  42  get_fct:  42
Thread-2  switching off for  176  ms
Thread-6  Flow # 14  size:  1244  bytes syn_fct:  41  get_fct:  41
Thread-6  switching off for  57  ms
Thread-7  Flow # 16  size:  4930  bytes syn_fct:  44  get_fct:  44
Thread-7  switching off for  1028  ms
Thread-6  Flow # 15  size:  733  bytes syn_fct:  41  get_fct:  41
Thread-6  switching off for  230  ms
Thread-5  Flow # 24  size:  925  bytes syn_fct:  42  get_fct:  42
Thread-5  switching off for  281  ms
Thread-2  Flow # 18  size:  401  bytes syn_fct:  42  get_fct:  41
Thread-2  switching off for  753  ms
Thread-4  Flow # 20  size:  1140  bytes syn_fct:  42  get_fct:  42
Thread-4  switching off for  168  ms
Thread-5  Flow # 25  size:  6095  bytes syn_fct:  55  get_fct:  55
Thread-5  switching off for  148  ms
Thread-4  Flow # 21  size:  361  bytes syn_fct:  41  get_fct:  41
Thread-4  switching off for  17  ms
Thread-6  Flow # 16  size:  128684  bytes syn_fct:  293  get_fct:  293
Thread-6  switching off for  10  ms
Thread-6  Flow # 17  size:  369  bytes syn_fct:  42  get_fct:  42
Thread-6  switching off for  370  ms
Thread-5  Flow # 26  size:  2382  bytes syn_fct:  43  get_fct:  43
Thread-5  switching off for  331  ms
Thread-4  Flow # 22  size:  92075  bytes syn_fct:  192  get_fct:  192
Thread-4  switching off for  95  ms
Thread-4  Flow # 23  size:  129  bytes syn_fct:  42  get_fct:  41
Thread-4  switching off for  276  ms
Thread-5  Flow # 27  size:  781  bytes syn_fct:  42  get_fct:  42
Thread-5  switching off for  234  ms
Thread-6  Flow # 18  size:  568  bytes syn_fct:  41  get_fct:  41
Thread-6  switching off for  38  ms
Thread-6  Flow # 19  size:  478  bytes syn_fct:  42  get_fct:  42
Thread-6  switching off for  47  ms
Thread-6  Flow # 20  size:  986  bytes syn_fct:  42  get_fct:  41
Thread-6  switching off for  290  ms
Thread-4  Flow # 24  size:  308  bytes syn_fct:  41  get_fct:  41
Thread-4  switching off for  416  ms
Thread-5  Flow # 28  size:  854  bytes syn_fct:  40  get_fct:  40
Thread-5  switching off for  227  ms
Thread-6  Flow # 21  size:  185  bytes syn_fct:  41  get_fct:  41
Thread-6  switching off for  1144  ms
Thread-5  Flow # 29  size:  334  bytes syn_fct:  41  get_fct:  40
Thread-5  switching off for  93  ms
Thread-4  Flow # 25  size:  290  bytes syn_fct:  42  get_fct:  42
Thread-4  switching off for  236  ms
Thread-5  Flow # 30  size:  520  bytes syn_fct:  44  get_fct:  44
Thread-5  switching off for  469  ms
Thread-4  Flow # 26  size:  299  bytes syn_fct:  42  get_fct:  42
Thread-4  switching off for  987  ms
Thread-6  Flow # 22  size:  3540  bytes syn_fct:  44  get_fct:  43
Thread-6  switching off for  253  ms
Thread-6  Flow # 23  size:  102  bytes syn_fct:  41  get_fct:  41
Thread-6  switching off for  350  ms
Thread-4  Flow # 27  size:  14281  bytes syn_fct:  83  get_fct:  83
Thread-4  switching off for  882  ms
Thread-6  Flow # 24  size:  1207  bytes syn_fct:  43  get_fct:  43
Thread-6  switching off for  35  ms
Thread-6  Flow # 25  size:  20831  bytes syn_fct:  88  get_fct:  88
Thread-6  switching off for  1048  ms
Thread-4  Flow # 28  size:  86  bytes syn_fct:  43  get_fct:  43
Thread-4  switching off for  526  ms
Thread-4  Flow # 29  size:  55  bytes syn_fct:  41  get_fct:  41
Thread-4  switching off for  25  ms
Thread-4  Flow # 30  size:  3744  bytes syn_fct:  42  get_fct:  42
Thread-4  switching off for  945  ms
Thread-6  Flow # 26  size:  2071  bytes syn_fct:  41  get_fct:  41
Thread-6  switching off for  299  ms
Thread-6  Flow # 27  size:  562  bytes syn_fct:  41  get_fct:  41
Thread-6  switching off for  95  ms
Thread-6  Flow # 28  size:  729  bytes syn_fct:  42  get_fct:  42
Thread-6  switching off for  1466  ms
Thread-4  Flow # 31  size:  1016  bytes syn_fct:  41  get_fct:  41
Thread-4  switching off for  625  ms
Thread-4  Flow # 32  size:  185  bytes syn_fct