Initializing random seed 23
Thread-1
Thread-1  switching off for  776  ms
Thread-2
Thread-2  switching off for  890  ms
Thread-3
Thread-3  switching off for  668  ms
Thread-4
Thread-4  switching off for  26  ms
Thread-5
Thread-5  switching off for  268  ms
Thread-6
Thread-6  switching off for  165  ms
Thread-7
Thread-7  switching off for  226  ms
Thread-9
Thread-9  switching off for  41  ms
Thread-8
Thread-8  switching off for  63  ms
Thread-0
Thread-0  switching off for  176  ms
Thread-1  Flow # 1  size:  342  bytes syn_fct:  388  get_fct:  44
Thread-1  switching off for  458  ms
Thread-0  Flow # 1  size:  1844  bytes syn_fct:  1002  get_fct:  54
Thread-0  switching off for  266  ms
Thread-5  Flow # 1  size:  564  bytes syn_fct:  914  get_fct:  55
Thread-5  switching off for  321  ms
Thread-9  Flow # 1  size:  437  bytes syn_fct:  1145  get_fct:  58
Thread-9  switching off for  291  ms
Thread-7  Flow # 1  size:  398  bytes syn_fct:  960  get_fct:  59
Thread-7  switching off for  1059  ms
Thread-6  Flow # 1  size:  67  bytes syn_fct:  1021  get_fct:  59
Thread-6  switching off for  135  ms
Thread-4  Flow # 1  size:  222  bytes syn_fct:  1165  get_fct:  65
Thread-4  switching off for  427  ms
Thread-3  Flow # 1  size:  2232  bytes syn_fct:  523  get_fct:  64
Thread-3  switching off for  137  ms
Thread-6  Flow # 2  size:  728  bytes syn_fct:  45  get_fct:  45
Thread-6  switching off for  113  ms
Thread-3  Flow # 2  size:  1135  bytes syn_fct:  45  get_fct:  45
Thread-3  switching off for  26  ms
Thread-3  Flow # 3  size:  480  bytes syn_fct:  46  get_fct:  45
Thread-3  switching off for  379  ms
Thread-0  Flow # 2  size:  791  bytes syn_fct:  45  get_fct:  45
Thread-0  switching off for  60  ms
Thread-9  Flow # 2  size:  425  bytes syn_fct:  45  get_fct:  45
Thread-9  switching off for  117  ms
Thread-6  Flow # 3  size:  991  bytes syn_fct:  44  get_fct:  43
Thread-6  switching off for  507  ms
Thread-5  Flow # 2  size:  153  bytes syn_fct:  46  get_fct:  46
Thread-5  switching off for  65  ms
Thread-0  Flow # 3  size:  87  bytes syn_fct:  43  get_fct:  43
Thread-0  switching off for  31  ms
Thread-4  Flow # 2  size:  285  bytes syn_fct:  45  get_fct:  45
Thread-4  switching off for  138  ms
Thread-1  Flow # 2  size:  729  bytes syn_fct:  44  get_fct:  44
Thread-1  switching off for  102  ms
Thread-0  Flow # 4  size:  4871  bytes syn_fct:  47  get_fct:  47
Thread-0  switching off for  109  ms
Thread-9  Flow # 3  size:  324  bytes syn_fct:  42  get_fct:  42
Thread-9  switching off for  450  ms
Thread-1  Flow # 3  size:  675  bytes syn_fct:  47  get_fct:  47
Thread-1  switching off for  459  ms
Thread-0  Flow # 5  size:  270  bytes syn_fct:  45  get_fct:  45
Thread-0  switching off for  529  ms
Thread-4  Flow # 3  size:  83  bytes syn_fct:  47  get_fct:  47
Thread-4  switching off for  81  ms
Thread-3  Flow # 4  size:  1780  bytes syn_fct:  54  get_fct:  54
Thread-3  switching off for  236  ms
Thread-4  Flow # 4  size:  20316  bytes syn_fct:  122  get_fct:  122
Thread-4  switching off for  872  ms
Thread-6  Flow # 4  size:  795  bytes syn_fct:  46  get_fct:  46
Thread-6  switching off for  54  ms
Thread-6  Flow # 5  size:  398  bytes syn_fct:  51  get_fct:  51
Thread-6  switching off for  7  ms
Thread-6  Flow # 6  size:  4325  bytes syn_fct:  69  get_fct:  69
Thread-6  switching off for  1091  ms
Thread-7  Flow # 2  size:  1450  bytes syn_fct:  79  get_fct:  79
Thread-7  switching off for  891  ms
Thread-1  Flow # 4  size:  4140  bytes syn_fct:  57  get_fct:  56
Thread-1  switching off for  232  ms
Thread-3  Flow # 5  size:  93322  bytes syn_fct:  441  get_fct:  441
Thread-3  switching off for  414  ms
Thread-1  Flow # 5  size:  334  bytes syn_fct:  50  get_fct:  50
Thread-1  switching off for  1099  ms
Thread-4  Flow # 5  size:  357  bytes syn_fct:  44  get_fct:  44
Thread-4  switching off for  64  ms
Thread-3  Flow # 6  size:  38  bytes syn_fct:  48  get_fct:  48
Thread-3  switching off for  188  ms
Thread-4  Flow # 6  size:  185  bytes syn_fct:  47  get_fct:  47
Thread-4  switching off for  813  ms
Thread-0  Flow # 6  size:  204450  bytes syn_fct:  825  get_fct:  825
Thread-0  switching off for  901  ms
Thread-3  Flow # 7  size:  215  bytes syn_fct:  43  get_fct:  43
Thread-3  switching off for  225  ms
Thread-7  Flow # 3  size:  80  bytes syn_fct:  44  get_fct:  44
Thread-7  switching off for  55  ms
Thread-7  Flow # 4  size:  665  bytes syn_fct:  43  get_fct:  43
Thread-7  switching off for  87  ms
Thread-6  Flow # 7  size:  4454  bytes syn_fct:  55  get_fct:  55
Thread-6  switching off for  164  ms
Thread-3  Flow # 8  size:  419  bytes syn_fct:  46  get_fct:  46
Thread-3  switching off for  125  ms
Thread-7  Flow # 5  size:  14218  bytes syn_fct:  102  get_fct:  102
Thread-7  switching off for  668  ms
Thread-6  Flow # 8  size:  4515  bytes syn_fct:  61  get_fct:  61
Thread-6  switching off for  676  ms
Thread-3  Flow # 9  size:  1460  bytes syn_fct:  52  get_fct:  52
Thread-3  switching off for  159  ms
Thread-1  Flow # 6  size:  1527  bytes syn_fct:  58  get_fct:  58
Thread-1  switching off for  531  ms
Thread-3  Flow # 10  size:  978  bytes syn_fct:  47  get_fct:  47
Thread-3  switching off for  104  ms
Thread-4  Flow # 7  size:  245  bytes syn_fct:  58  get_fct:  58
Thread-4  switching off for  158  ms
Thread-3  Flow # 11  size:  2924  bytes syn_fct:  57  get_fct:  57
Thread-3  switching off for  244  ms
Thread-0  Flow # 7  size:  675  bytes syn_fct:  51  get_fct:  50
Thread-0  switching off for  34  ms
Thread-4  Flow # 8  size:  5188  bytes syn_fct:  65  get_fct:  65
Thread-4  switching off for  121  ms
Thread-0  Flow # 8  size:  948  bytes syn_fct:  46  get_fct:  46
Thread-0  switching off for  245  ms
Thread-7  Flow # 6  size:  5703  bytes syn_fct:  55  get_fct:  55
Thread-7  switching off for  85  ms
Thread-1  Flow # 7  size:  52  bytes syn_fct:  47  get_fct:  47
Thread-1  switching off for  80  ms
Thread-6  Flow # 9  size:  700  bytes syn_fct:  48  get_fct:  48
Thread-6  switching off for  190  ms
Thread-3  Flow # 12  size:  660  bytes syn_fct:  48  get_fct:  48
Thread-3  switching off for  179  ms
Thread-7  Flow # 7  size:  700  bytes syn_fct:  51  get_fct:  51
Thread-7  switching off for  380  ms
Thread-0  Flow # 9  size:  357  bytes syn_fct:  55  get_fct:  55
Thread-0  switching off for  461  ms
Thread-4  Flow # 9  size:  45508  bytes syn_fct:  266  get_fct:  266
Thread-4  switching off for  68  ms
Thread-3  Flow # 13  size:  93  bytes syn_fct:  48  get_fct:  48
Thread-3  switching off for  342  ms
Thread-6  Flow # 10  size:  8421  bytes syn_fct:  75  get_fct:  75
Thread-6  switching off for  57  ms
Thread-4  Flow # 10  size:  428  bytes syn_fct:  46  get_fct:  46
Thread-4  switching off for  164  ms
Thread-6  Flow # 11  size:  61  bytes syn_fct:  47  get_fct:  47
Thread-6  switching off for  360  ms
Thread-7  Flow # 8  size:  498  bytes syn_fct:  49  get_fct:  49
Thread-7  switching off for  350  ms
Thread-4  Flow # 11  size:  650  bytes syn_fct:  49  get_fct:  48
Thread-4  switching off for  243  ms
Thread-3  Flow # 14  size:  608  bytes syn_fct:  51  get_fct:  51
Thread-3  switching off for  687  ms
Thread-0  Flow # 10  size:  300  bytes syn_fct:  52  get_fct:  52
Thread-0  switching off for  27  ms
Thread-6  Flow # 12  size:  7992  bytes syn_fct:  84  get_fct:  84
Thread-6  switching off for  450  ms
Thread-0  Flow # 11  size:  9513  bytes syn_fct:  127  get_fct:  127
Thread-0  switching off for  335  ms
Thread-4  Flow # 12  size:  536  bytes syn_fct:  52  get_fct:  51
Thread-4  switching off for  278  ms
Thread-7  Flow # 9  size:  296  bytes syn_fct:  47  get_fct:  47
Thread-7  switching off for  115  ms
Thread-7  Flow # 10  size:  336  bytes syn_fct:  48  get_fct:  48
Thread-7  switching off for  107  ms
Thread-7  Flow # 11  size:  331  bytes syn_fct:  50  get_fct:  50
Thread-7  switching off for  163  ms
Thread-0  Flow # 12  size:  366  bytes syn_fct:  53  get_fct:  53
Thread-0  switching off for  508  ms
Thread-6  Flow # 13  size:  492  bytes syn_fct:  46  get_fct:  46
Thread-6  switching off for  242  ms
Thread-3  Flow # 15  size:  267  bytes syn_fct:  48  get_fct:  48
Thread-3  switching off for  97  ms
Thread-7  Flow # 12  size:  75  bytes syn_fct:  47  get_fct:  46
Thread-7  switching off for  73  ms
Thread-4  Flow # 13  size:  57540  bytes syn_fct:  391  get_fct:  391
Thread-4  switching off for  209  ms
Thread-3  Flow # 16  size:  275  bytes syn_fct:  47  get_fct:  47
Thread-3  switching off for  35  ms
Thread-7  Flow # 13  size:  6940  bytes syn_fct:  64  get_fct:  64
Thread-7  switching off for  38  ms
Thread-3  Flow # 17  size:  452  bytes syn_fct:  48  get_fct:  48
Thread-3  switching off for  586  ms
Thread-6  Flow # 14  size:  706  bytes syn_fct:  47  get_fct:  47
Thread-6  switching off for  90  ms
Thread-7  Flow # 14  size:  417  bytes syn_fct:  49  get_fct:  48
Thread-7  switching off for  570  ms
Thread-6  Flow # 15  size:  259  bytes syn_fct:  42  get_fct:  42
Thread-6  switching off for  13  ms
Thread-0  Flow # 13  size:  957  bytes syn_fct:  50  get_fct:  49
Thread-0  switching off for  96  ms
Thread-6  Flow # 16  size:  4184  bytes syn_fct:  72  get_fct:  72
Thread-6  switching off for  134  ms
Thread-0  Flow # 14  size:  93  bytes syn_fct:  49  get_fct:  49
Thread-0  switching off for  545  ms
Thread-6  Flow # 17  size:  75  bytes syn_fct:  47  get_fct:  46
Thread-6  switching off for  402  ms
Thread-3  Flow # 18  size:  375  bytes syn_fct:  49  get_fct:  49
Thread-3  switching off for  104  ms
Thread-7  Flow # 15  size:  1348  bytes syn_fct:  64  get_fct:  64
Thread-7  switching off for  24  ms
Thread-3  Flow # 19  size:  1076  bytes syn_fct:  53  get_fct:  53
Thread-3  switching off for  55  ms
Thread-7  Flow # 16  size:  18668  bytes syn_fct:  147  get_fct:  147
Thread-7  switching off for  60  ms
Thread-4  Flow # 14  size:  138917  bytes syn_fct:  799  get_fct:  799
Thread-4  switching off for  44  ms
Thread-3  Flow # 20  size:  17346  bytes syn_fct:  111  get_fct:  111
Thread-3  switching off for  394  ms
Thread-7  Flow # 17  size:  872  bytes syn_fct:  53  get_fct:  53
Thread-7  switching off for  370  ms
Thread-4  Flow # 15  size:  468  bytes syn_fct:  49  get_fct:  49
Thread-4  switching off for  253  ms
Thread-4  Flow # 16  size:  2924  bytes syn_fct:  61  get_fct:  61
Thread-4  switching off for  517  ms
Thread-6  Flow # 18  size:  98656  bytes syn_fct:  537  get_fct:  536
Thread-6  switching off for  268  ms
Thread-7  Flow # 18  size:  838  bytes syn_fct:  50  get_fct:  50
Thread-7  switching off for  43  ms
Thread-3  Flow # 21  size:  321  bytes syn_fct:  46  get_fct:  46
Thread-3  switching off for  29  ms
Thread-7  Flow # 19  size:  193  bytes syn_fct:  50  get_fct:  50
Thread-7  switching off for  166  ms
Thread-3  Flow # 22  size:  7295  bytes syn_fct:  77  get_fct:  77
Thread-3  switching off for  114  ms
Thread-6  Flow # 19  size:  910  bytes syn_fct:  53  get_fct:  52
Thread-6  switching off for  171  ms
Thread-3  Flow # 23  size:  635  bytes syn_fct:  54  get_fct:  54
Thread-3  switching off for  134  ms
Thread-7  Flow # 20  size:  7505  bytes syn_fct:  95  get_fct:  95
Thread-7  switching off for  315  ms
Thread-3  Flow # 24  size:  2499  bytes syn_fct:  57  get_fct:  56
Thread-3  switching off for  652  ms
Thread-6  Flow # 20  size:  309  bytes syn_fct:  51  get_fct:  51
Thread-6  switching off for  1195  ms
Thread-4  Flow # 17  size:  23233  bytes syn_fct:  171  get_fct:  171
Thread-4  switching off for  1211  ms
Thread-7  Flow # 21  size:  91  bytes syn_fct:  53  get_fct:  53
Thread-7  switching off for  143  ms
Thread-7  Flow # 22  size:  2952  bytes syn_fct:  65  get_fct:  65
Thread-7  switching off for  533  ms
Thread-7  Flow # 23  size:  375  bytes syn_fct:  48  get_fct:  48
Thread-7  switching off for  386  ms
Thread-6  Flow # 21  size:  2800  bytes syn_fct:  69  get_fct:  69
Thread-6  switching off for  229  ms
Thread-4  Flow # 18  size:  206  bytes syn_fct:  54  get_fct:  54
Thread-4  switching off for  156  ms
Thread-6  Flow # 22  size:  311  bytes syn_fct:  56  get_fct:  56
Thread-6  switching off for  519  ms
Thread-4  Flow # 19  size:  401  bytes syn_fct:  56  get_fct:  56
Thread-4  switching off for  266  ms
Thread-4  Flow # 20  size:  398  bytes syn_fct:  52  get_fct:  51
T