Initializing random seed 23
Thread-4
Thread-4  switching off for  776  ms
Thread-3
Thread-3  switching off for  890  ms
Thread-5
Thread-5  switching off for  668  ms
Thread-2
Thread-2  switching off for  26  ms
Thread-6
Thread-6  switching off for  268  ms
Thread-7
Thread-7  switching off for  165  ms
Thread-1
Thread-1  switching off for  226  ms
Thread-8
Thread-8  switching off for  41  ms
Thread-9
Thread-9  switching off for  63  ms
Thread-0
Thread-0  switching off for  176  ms
Thread-2  Flow # 1  size:  222  bytes syn_fct:  150  get_fct:  44
Thread-2  switching off for  164  ms
Thread-8  Flow # 1  size:  437  bytes syn_fct:  136  get_fct:  47
Thread-8  switching off for  215  ms
Thread-7  Flow # 1  size:  67  bytes syn_fct:  87  get_fct:  44
Thread-7  switching off for  133  ms
Thread-0  Flow # 1  size:  1844  bytes syn_fct:  93  get_fct:  46
Thread-0  switching off for  458  ms
Thread-1  Flow # 1  size:  2232  bytes syn_fct:  91  get_fct:  45
Thread-1  switching off for  266  ms
Thread-2  Flow # 2  size:  1109  bytes syn_fct:  43  get_fct:  43
Thread-2  switching off for  291  ms
Thread-8  Flow # 2  size:  345  bytes syn_fct:  46  get_fct:  45
Thread-8  switching off for  427  ms
Thread-1  Flow # 2  size:  350  bytes syn_fct:  45  get_fct:  45
Thread-1  switching off for  254  ms
Thread-7  Flow # 2  size:  77615  bytes syn_fct:  290  get_fct:  290
Thread-7  switching off for  26  ms
Thread-2  Flow # 3  size:  311  bytes syn_fct:  44  get_fct:  44
Thread-2  switching off for  379  ms
Thread-7  Flow # 3  size:  480  bytes syn_fct:  44  get_fct:  44
Thread-7  switching off for  177  ms
Thread-5  Flow # 1  size:  1135  bytes syn_fct:  91  get_fct:  46
Thread-5  switching off for  308  ms
Thread-0  Flow # 2  size:  791  bytes syn_fct:  60  get_fct:  60
Thread-0  switching off for  59  ms
Thread-4  Flow # 1  size:  162  bytes syn_fct:  94  get_fct:  47
Thread-4  switching off for  65  ms
Thread-0  Flow # 3  size:  318  bytes syn_fct:  45  get_fct:  45
Thread-0  switching off for  11  ms
Thread-8  Flow # 3  size:  4648  bytes syn_fct:  54  get_fct:  54
Thread-8  switching off for  255  ms
Thread-1  Flow # 3  size:  87  bytes syn_fct:  42  get_fct:  42
Thread-1  switching off for  120  ms
Thread-0  Flow # 4  size:  285  bytes syn_fct:  44  get_fct:  44
Thread-0  switching off for  102  ms
Thread-3  Flow # 1  size:  79  bytes syn_fct:  92  get_fct:  46
Thread-3  switching off for  109  ms
Thread-4  Flow # 2  size:  351  bytes syn_fct:  45  get_fct:  44
Thread-4  switching off for  450  ms
Thread-7  Flow # 4  size:  4871  bytes syn_fct:  87  get_fct:  87
Thread-7  switching off for  238  ms
Thread-1  Flow # 4  size:  270  bytes syn_fct:  42  get_fct:  42
Thread-1  switching off for  368  ms
Thread-0  Flow # 5  size:  83  bytes syn_fct:  42  get_fct:  42
Thread-0  switching off for  81  ms
Thread-5  Flow # 2  size:  3300  bytes syn_fct:  47  get_fct:  47
Thread-5  switching off for  753  ms
Thread-2  Flow # 4  size:  670  bytes syn_fct:  47  get_fct:  47
Thread-2  switching off for  269  ms
Thread-3  Flow # 2  size:  5287  bytes syn_fct:  55  get_fct:  55
Thread-3  switching off for  872  ms
Thread-0  Flow # 6  size:  125  bytes syn_fct:  46  get_fct:  46
Thread-0  switching off for  17  ms
Thread-0  Flow # 7  size:  398  bytes syn_fct:  47  get_fct:  46
Thread-0  switching off for  497  ms
Thread-2  Flow # 5  size:  1450  bytes syn_fct:  49  get_fct:  49
Thread-2  switching off for  891  ms
Thread-8  Flow # 4  size:  93322  bytes syn_fct:  321  get_fct:  320
Thread-8  switching off for  232  ms
Thread-1  Flow # 5  size:  4140  bytes syn_fct:  73  get_fct:  73
Thread-1  switching off for  1332  ms
Thread-4  Flow # 3  size:  87654  bytes syn_fct:  306  get_fct:  306
Thread-4  switching off for  127  ms
Thread-8  Flow # 5  size:  2599  bytes syn_fct:  44  get_fct:  44
Thread-8  switching off for  1099  ms
Thread-0  Flow # 8  size:  357  bytes syn_fct:  42  get_fct:  42
Thread-0  switching off for  64  ms
Thread-5  Flow # 3  size:  38  bytes syn_fct:  41  get_fct:  41
Thread-5  switching off for  813  ms
Thread-4  Flow # 4  size:  460  bytes syn_fct:  41  get_fct:  41
Thread-4  switching off for  901  ms
Thread-0  Flow # 9  size:  185  bytes syn_fct:  42  get_fct:  42
Thread-0  switching off for  72  ms
Thread-0  Flow # 10  size:  80  bytes syn_fct:  43  get_fct:  43
Thread-0  switching off for  55  ms
Thread-3  Flow # 3  size:  618  bytes syn_fct:  43  get_fct:  43
Thread-3  switching off for  235  ms
Thread-0  Flow # 11  size:  4454  bytes syn_fct:  46  get_fct:  46
Thread-0  switching off for  87  ms
Thread-0  Flow # 12  size:  398  bytes syn_fct:  42  get_fct:  42
Thread-0  switching off for  693  ms
Thread-3  Flow # 4  size:  419  bytes syn_fct:  42  get_fct:  42
Thread-3  switching off for  125  ms
Thread-2  Flow # 6  size:  12366  bytes syn_fct:  95  get_fct:  95
Thread-2  switching off for  504  ms
Thread-3  Flow # 5  size:  13038  bytes syn_fct:  80  get_fct:  80
Thread-3  switching off for  349  ms
Thread-5  Flow # 4  size:  396  bytes syn_fct:  46  get_fct:  46
Thread-5  switching off for  354  ms
Thread-4  Flow # 5  size:  5372  bytes syn_fct:  61  get_fct:  61
Thread-4  switching off for  104  ms
Thread-1  Flow # 6  size:  978  bytes syn_fct:  47  get_fct:  47
Thread-1  switching off for  443  ms
Thread-8  Flow # 6  size:  245  bytes syn_fct:  44  get_fct:  44
Thread-8  switching off for  244  ms
Thread-3  Flow # 6  size:  392  bytes syn_fct:  44  get_fct:  44
Thread-3  switching off for  239  ms
Thread-0  Flow # 13  size:  83  bytes syn_fct:  45  get_fct:  45
Thread-0  switching off for  121  ms
Thread-2  Flow # 7  size:  5188  bytes syn_fct:  60  get_fct:  60
Thread-2  switching off for  245  ms
Thread-4  Flow # 6  size:  948  bytes syn_fct:  46  get_fct:  46
Thread-4  switching off for  541  ms
Thread-5  Flow # 5  size:  260  bytes syn_fct:  43  get_fct:  42
Thread-5  switching off for  247  ms
Thread-8  Flow # 7  size:  52  bytes syn_fct:  44  get_fct:  44
Thread-8  switching off for  80  ms
Thread-3  Flow # 7  size:  660  bytes syn_fct:  47  get_fct:  46
Thread-3  switching off for  246  ms
Thread-2  Flow # 8  size:  471  bytes syn_fct:  47  get_fct:  47
Thread-2  switching off for  380  ms
Thread-0  Flow # 14  size:  45508  bytes syn_fct:  186  get_fct:  186
Thread-0  switching off for  1  ms
Thread-8  Flow # 8  size:  428  bytes syn_fct:  46  get_fct:  46
Thread-8  switching off for  461  ms
Thread-0  Flow # 15  size:  357  bytes syn_fct:  47  get_fct:  46
Thread-0  switching off for  606  ms
Thread-1  Flow # 7  size:  93  bytes syn_fct:  44  get_fct:  44
Thread-1  switching off for  68  ms
Thread-5  Flow # 6  size:  1370  bytes syn_fct:  47  get_fct:  46
Thread-5  switching off for  57  ms
Thread-1  Flow # 8  size:  428  bytes syn_fct:  42  get_fct:  42
Thread-1  switching off for  25  ms
Thread-3  Flow # 8  size:  398  bytes syn_fct:  45  get_fct:  45
Thread-3  switching off for  196  ms
Thread-5  Flow # 7  size:  1627  bytes syn_fct:  44  get_fct:  44
Thread-5  switching off for  232  ms
Thread-1  Flow # 9  size:  1481  bytes syn_fct:  50  get_fct:  49
Thread-1  switching off for  224  ms
Thread-4  Flow # 7  size:  683  bytes syn_fct:  45  get_fct:  45
Thread-4  switching off for  106  ms
Thread-3  Flow # 9  size:  68  bytes syn_fct:  49  get_fct:  49
Thread-3  switching off for  597  ms
Thread-2  Flow # 9  size:  13896  bytes syn_fct:  78  get_fct:  78
Thread-2  switching off for  206  ms
Thread-4  Flow # 8  size:  9513  bytes syn_fct:  70  get_fct:  70
Thread-4  switching off for  450  ms
Thread-5  Flow # 8  size:  846  bytes syn_fct:  45  get_fct:  45
Thread-5  switching off for  115  ms
Thread-8  Flow # 9  size:  1266  bytes syn_fct:  49  get_fct:  48
Thread-8  switching off for  128  ms
Thread-1  Flow # 10  size:  296  bytes syn_fct:  46  get_fct:  46
Thread-1  switching off for  107  ms
Thread-1  Flow # 11  size:  331  bytes syn_fct:  47  get_fct:  47
Thread-1  switching off for  194  ms
Thread-8  Flow # 10  size:  366  bytes syn_fct:  44  get_fct:  44
Thread-8  switching off for  242  ms
Thread-2  Flow # 10  size:  398  bytes syn_fct:  44  get_fct:  44
Thread-2  switching off for  88  ms
Thread-0  Flow # 16  size:  4679  bytes syn_fct:  58  get_fct:  58
Thread-0  switching off for  97  ms
Thread-2  Flow # 11  size:  75  bytes syn_fct:  48  get_fct:  48
Thread-2  switching off for  91  ms
Thread-0  Flow # 17  size:  215  bytes syn_fct:  48  get_fct:  48
Thread-0  switching off for  573  ms
Thread-5  Flow # 9  size:  57540  bytes syn_fct:  250  get_fct:  250
Thread-5  switching off for  35  ms
Thread-1  Flow # 12  size:  548  bytes syn_fct:  43  get_fct:  43
Thread-1  switching off for  250  ms
Thread-5  Flow # 10  size:  452  bytes syn_fct:  42  get_fct:  42
Thread-5  switching off for  90  ms
Thread-4  Flow # 9  size:  88  bytes syn_fct:  42  get_fct:  42
Thread-4  switching off for  570  ms
Thread-2  Flow # 12  size:  417  bytes syn_fct:  42  get_fct:  42
Thread-2  switching off for  85  ms
Thread-8  Flow # 11  size:  7420  bytes syn_fct:  52  get_fct:  52
Thread-8  switching off for  1215  ms
Thread-3  Flow # 10  size:  957  bytes syn_fct:  43  get_fct:  42
Thread-3  switching off for  96  ms
Thread-2  Flow # 13  size:  4184  bytes syn_fct:  59  get_fct:  59
Thread-2  switching off for  134  ms
Thread-1  Flow # 13  size:  93  bytes syn_fct:  46  get_fct:  46
Thread-1  switching off for  28  ms
Thread-3  Flow # 11  size:  5867  bytes syn_fct:  60  get_fct:  60
Thread-3  switching off for  402  ms
Thread-2  Flow # 14  size:  375  bytes syn_fct:  47  get_fct:  47
Thread-2  switching off for  104  ms
Thread-1  Flow # 14  size:  1348  bytes syn_fct:  53  get_fct:  53
Thread-1  switching off for  24  ms
Thread-2  Flow # 15  size:  1076  bytes syn_fct:  50  get_fct:  50
Thread-2  switching off for  1121  ms
Thread-1  Flow # 15  size:  18668  bytes syn_fct:  125  get_fct:  125
Thread-1  switching off for  728  ms
Thread-0  Flow # 18  size:  133  bytes syn_fct:  51  get_fct:  51
Thread-0  switching off for  60  ms
Thread-0  Flow # 19  size:  872  bytes syn_fct:  51  get_fct:  51
Thread-0  switching off for  44  ms
Thread-3  Flow # 12  size:  468  bytes syn_fct:  51  get_fct:  51
Thread-3  switching off for  370  ms
Thread-0  Flow # 20  size:  2199  bytes syn_fct:  61  get_fct:  60
Thread-0  switching off for  253  ms
Thread-0  Flow # 21  size:  2924  bytes syn_fct:  51  get_fct:  51
Thread-0  switching off for  517  ms
Thread-3  Flow # 13  size:  838  bytes syn_fct:  47  get_fct:  46
Thread-3  switching off for  268  ms
Thread-1  Flow # 16  size:  321  bytes syn_fct:  51  get_fct:  51
Thread-1  switching off for  29  ms
Thread-8  Flow # 12  size:  92  bytes syn_fct:  49  get_fct:  49
Thread-8  switching off for  583  ms
Thread-1  Flow # 17  size:  193  bytes syn_fct:  51  get_fct:  51
Thread-1  switching off for  166  ms
Thread-3  Flow # 14  size:  312  bytes syn_fct:  47  get_fct:  47
Thread-3  switching off for  289  ms
Thread-1  Flow # 18  size:  635  bytes syn_fct:  50  get_fct:  50
Thread-1  switching off for  171  ms
Thread-0  Flow # 22  size:  7505  bytes syn_fct:  81  get_fct:  81
Thread-0  switching off for  315  ms
Thread-2  Flow # 16  size:  345  bytes syn_fct:  50  get_fct:  50
Thread-2  switching off for  409  ms
Thread-3  Flow # 15  size:  309  bytes syn_fct:  49  get_fct:  49
Thread-3  switching off for  652  ms
Thread-1  Flow # 19  size:  23233  bytes syn_fct:  135  get_fct:  135
Thread-1  switching off for  1195  ms
Thread-0  Flow # 23  size:  91  bytes syn_fct:  48  get_fct:  47
Thread-0  switching off for  143  ms
Thread-2  Flow # 17  size:  2952  bytes syn_fct:  63  get_fct:  63
Thread-2  switching off for  533  ms
Thread-3  Flow # 16  size:  375  bytes syn_fct:  54  get_fct:  54
Thread-3  switching off for  386  ms
Thread-8  Flow # 13  size:  136580  bytes syn_fct:  727  get_fct:  727
Thread-8  switching off for  425  ms
Thread-2  Flow # 18  size:  643  bytes syn_fct:  47  get_fct:  47
Thread-2  switching off for  70  ms
Thread-2  Flow # 19  size:  388  bytes syn_fct:  50  get_fct:  50
Thread-2  switching off for  18  ms
Thread-2  Flow # 20  size:  311  bytes syn_fct:  50  get_fct:  50
Thread-2  switching off for  519  ms
Thread-3  Flow # 17  size:  401  bytes syn_fct:  53  get_fct:  53
Thread-3  switching off for  266