Initializing random seed 23
Thread-4
Thread-4  switching off for  776  ms
Thread-3
Thread-3  switching off for  890  ms
Thread-5
Thread-5  switching off for  668  ms
Thread-2
Thread-2  switching off for  26  ms
Thread-6
Thread-6  switching off for  268  ms
Thread-7
Thread-7  switching off for  165  ms
Thread-1
Thread-1  switching off for  226  ms
Thread-8
Thread-8  switching off for  41  ms
Thread-9
Thread-9  switching off for  63  ms
Thread-0
Thread-0  switching off for  176  ms
Thread-2  Flow # 1  size:  222  bytes syn_fct:  1183  get_fct:  58
Thread-2  switching off for  458  ms
Thread-1  Flow # 1  size:  398  bytes syn_fct:  1009  get_fct:  77
Thread-1  switching off for  266  ms
Thread-5  Flow # 1  size:  2232  bytes syn_fct:  567  get_fct:  78
Thread-5  switching off for  321  ms
Thread-8  Flow # 1  size:  437  bytes syn_fct:  1203  get_fct:  87
Thread-8  switching off for  291  ms
Thread-7  Flow # 1  size:  67  bytes syn_fct:  1120  get_fct:  119
Thread-7  switching off for  1059  ms
Thread-6  Flow # 1  size:  564  bytes syn_fct:  1026  get_fct:  136
Thread-6  switching off for  135  ms
Thread-4  Flow # 1  size:  342  bytes syn_fct:  519  get_fct:  130
Thread-4  switching off for  427  ms
Thread-0  Flow # 1  size:  1844  bytes syn_fct:  1157  get_fct:  168
Thread-0  switching off for  137  ms
Thread-6  Flow # 2  size:  728  bytes syn_fct:  84  get_fct:  84
Thread-6  switching off for  26  ms
Thread-0  Flow # 2  size:  1135  bytes syn_fct:  93  get_fct:  93
Thread-0  switching off for  177  ms
Thread-1  Flow # 2  size:  311  bytes syn_fct:  72  get_fct:  72
Thread-1  switching off for  308  ms
Thread-8  Flow # 2  size:  480  bytes syn_fct:  68  get_fct:  68
Thread-8  switching off for  60  ms
Thread-5  Flow # 2  size:  791  bytes syn_fct:  68  get_fct:  67
Thread-5  switching off for  59  ms
Thread-6  Flow # 3  size:  2019  bytes syn_fct:  93  get_fct:  93
Thread-6  switching off for  117  ms
Thread-2  Flow # 2  size:  185  bytes syn_fct:  61  get_fct:  61
Thread-2  switching off for  11  ms
Thread-5  Flow # 3  size:  87  bytes syn_fct:  81  get_fct:  81
Thread-5  switching off for  120  ms
Thread-4  Flow # 2  size:  79  bytes syn_fct:  91  get_fct:  91
Thread-4  switching off for  138  ms
Thread-0  Flow # 3  size:  285  bytes syn_fct:  82  get_fct:  82
Thread-0  switching off for  102  ms
Thread-8  Flow # 3  size:  4648  bytes syn_fct:  159  get_fct:  159
Thread-8  switching off for  109  ms
Thread-2  Flow # 3  size:  729  bytes syn_fct:  98  get_fct:  98
Thread-2  switching off for  450  ms
Thread-6  Flow # 4  size:  4871  bytes syn_fct:  202  get_fct:  202
Thread-6  switching off for  529  ms
Thread-1  Flow # 3  size:  675  bytes syn_fct:  82  get_fct:  82
Thread-1  switching off for  81  ms
Thread-5  Flow # 4  size:  270  bytes syn_fct:  109  get_fct:  109
Thread-5  switching off for  236  ms
Thread-0  Flow # 4  size:  83  bytes syn_fct:  97  get_fct:  97
Thread-0  switching off for  753  ms
Thread-4  Flow # 3  size:  1780  bytes syn_fct:  149  get_fct:  149
Thread-4  switching off for  872  ms
Thread-8  Flow # 4  size:  3300  bytes syn_fct:  170  get_fct:  169
Thread-8  switching off for  54  ms
Thread-1  Flow # 4  size:  795  bytes syn_fct:  78  get_fct:  78
Thread-1  switching off for  1106  ms
Thread-5  Flow # 5  size:  398  bytes syn_fct:  102  get_fct:  102
Thread-5  switching off for  497  ms
Thread-7  Flow # 2  size:  1450  bytes syn_fct:  212  get_fct:  212
Thread-7  switching off for  490  ms
Thread-5  Flow # 6  size:  650  bytes syn_fct:  143  get_fct:  143
Thread-5  switching off for  1332  ms
Thread-7  Flow # 3  size:  334  bytes syn_fct:  146  get_fct:  146
Thread-7  switching off for  1099  ms
Thread-4  Flow # 4  size:  2599  bytes syn_fct:  266  get_fct:  266
Thread-4  switching off for  64  ms
Thread-1  Flow # 5  size:  357  bytes syn_fct:  152  get_fct:  152
Thread-1  switching off for  188  ms
Thread-4  Flow # 5  size:  38  bytes syn_fct:  117  get_fct:  117
Thread-4  switching off for  65  ms
Thread-7  Flow # 4  size:  215  bytes syn_fct:  130  get_fct:  129
Thread-7  switching off for  225  ms
Thread-5  Flow # 7  size:  80  bytes syn_fct:  125  get_fct:  125
Thread-5  switching off for  55  ms
Thread-5  Flow # 8  size:  665  bytes syn_fct:  125  get_fct:  125
Thread-5  switching off for  502  ms
Thread-7  Flow # 5  size:  264  bytes syn_fct:  174  get_fct:  174
Thread-7  switching off for  164  ms
Thread-4  Flow # 6  size:  28633  bytes syn_fct:  1654  get_fct:  1654
Thread-4  switching off for  125  ms
Thread-5  Flow # 9  size:  419  bytes syn_fct:  167  get_fct:  166
Thread-5  switching off for  504  ms
Thread-0  Flow # 5  size:  42143  bytes syn_fct:  3144  get_fct:  3144
Thread-0  switching off for  349  ms
Thread-7  Flow # 6  size:  14218  bytes syn_fct:  945  get_fct:  945
Thread-7  switching off for  159  ms
Thread-4  Flow # 7  size:  12366  bytes syn_fct:  784  get_fct:  783
Thread-4  switching off for  354  ms
Thread-0  Flow # 6  size:  978  bytes syn_fct:  131  get_fct:  131
Thread-0  switching off for  81  ms
Thread-4  Flow # 8  size:  299  bytes syn_fct:  106  get_fct:  106
Thread-4  switching off for  443  ms
Thread-7  Flow # 7  size:  5372  bytes syn_fct:  450  get_fct:  450
Thread-7  switching off for  244  ms
Thread-0  Flow # 7  size:  392  bytes syn_fct:  109  get_fct:  109
Thread-0  switching off for  239  ms
Thread-1  Flow # 6  size:  44135  bytes syn_fct:  3250  get_fct:  3250
Thread-1  switching off for  34  ms
Thread-5  Flow # 10  size:  13038  bytes syn_fct:  1063  get_fct:  1063
Thread-5  switching off for  121  ms
Thread-0  Flow # 8  size:  948  bytes syn_fct:  140  get_fct:  140
Thread-0  switching off for  85  ms
Thread-1  Flow # 7  size:  695  bytes syn_fct:  166  get_fct:  166
Thread-1  switching off for  24  ms
Thread-1  Flow # 8  size:  700  bytes syn_fct:  186  get_fct:  186
Thread-1  switching off for  80  ms
Thread-0  Flow # 9  size:  660  bytes syn_fct:  195  get_fct:  195
Thread-0  switching off for  246  ms
Thread-7  Flow # 8  size:  5188  bytes syn_fct:  475  get_fct:  475
Thread-7  switching off for  190  ms
Thread-1  Flow # 9  size:  428  bytes syn_fct:  119  get_fct:  119
Thread-1  switching off for  380  ms
Thread-4  Flow # 9  size:  5703  bytes syn_fct:  495  get_fct:  495
Thread-4  switching off for  1  ms
Thread-7  Flow # 9  size:  357  bytes syn_fct:  101  get_fct:  100
Thread-7  switching off for  606  ms
Thread-0  Flow # 10  size:  93  bytes syn_fct:  92  get_fct:  92
Thread-0  switching off for  68  ms
Thread-6  Flow # 5  size:  87654  bytes syn_fct:  5229  get_fct:  5229
Thread-6  switching off for  57  ms
Thread-4  Flow # 10  size:  3365  bytes syn_fct:  268  get_fct:  268
Thread-4  switching off for  178  ms
Thread-0  Flow # 11  size:  1370  bytes syn_fct:  182  get_fct:  181
Thread-0  switching off for  360  ms
Thread-6  Flow # 6  size:  398  bytes syn_fct:  93  get_fct:  93
Thread-6  switching off for  196  ms
Thread-1  Flow # 10  size:  61  bytes syn_fct:  139  get_fct:  139
Thread-1  switching off for  232  ms
Thread-4  Flow # 11  size:  1481  bytes syn_fct:  191  get_fct:  191
Thread-4  switching off for  224  ms
Thread-6  Flow # 7  size:  683  bytes syn_fct:  113  get_fct:  113
Thread-6  switching off for  687  ms
Thread-7  Flow # 10  size:  300  bytes syn_fct:  93  get_fct:  92
Thread-7  switching off for  597  ms
Thread-1  Flow # 11  size:  68  bytes syn_fct:  88  get_fct:  88
Thread-1  switching off for  206  ms
Thread-4  Flow # 12  size:  3060  bytes syn_fct:  285  get_fct:  285
Thread-4  switching off for  278  ms
Thread-1  Flow # 12  size:  1266  bytes syn_fct:  222  get_fct:  221
Thread-1  switching off for  103  ms
Thread-0  Flow # 12  size:  9513  bytes syn_fct:  518  get_fct:  518
Thread-0  switching off for  115  ms
Thread-1  Flow # 13  size:  336  bytes syn_fct:  167  get_fct:  167
Thread-1  switching off for  163  ms
Thread-0  Flow # 13  size:  304  bytes syn_fct:  136  get_fct:  136
Thread-0  switching off for  508  ms
Thread-6  Flow # 8  size:  331  bytes syn_fct:  131  get_fct:  131
Thread-6  switching off for  194  ms
Thread-4  Flow # 13  size:  366  bytes syn_fct:  153  get_fct:  153
Thread-4  switching off for  242  ms
Thread-1  Flow # 14  size:  267  bytes syn_fct:  117  get_fct:  117
Thread-1  switching off for  27  ms
Thread-6  Flow # 9  size:  285  bytes syn_fct:  85  get_fct:  85
Thread-6  switching off for  73  ms
Thread-4  Flow # 14  size:  275  bytes syn_fct:  126  get_fct:  126
Thread-4  switching off for  35  ms
Thread-6  Flow # 10  size:  548  bytes syn_fct:  127  get_fct:  127
Thread-6  switching off for  38  ms
Thread-5  Flow # 11  size:  45508  bytes syn_fct:  2559  get_fct:  2559
Thread-5  switching off for  586  ms
Thread-4  Flow # 15  size:  452  bytes syn_fct:  135  get_fct:  134
Thread-4  switching off for  90  ms
Thread-0  Flow # 14  size:  706  bytes syn_fct:  160  get_fct:  160
Thread-0  switching off for  570  ms
Thread-6  Flow # 11  size:  417  bytes syn_fct:  182  get_fct:  181
Thread-6  switching off for  1215  ms
Thread-1  Flow # 15  size:  6940  bytes syn_fct:  471  get_fct:  471
Thread-1  switching off for  301  ms
Thread-4  Flow # 16  size:  259  bytes syn_fct:  99  get_fct:  99
Thread-4  switching off for  13  ms
Thread-4  Flow # 17  size:  4184  bytes syn_fct:  265  get_fct:  265
Thread-4  switching off for  96  ms
Thread-1  Flow # 16  size:  345  bytes syn_fct:  119  get_fct:  119
Thread-1  switching off for  28  ms
Thread-5  Flow # 12  size:  93  bytes syn_fct:  83  get_fct:  83
Thread-5  switching off for  151  ms
Thread-1  Flow # 17  size:  2361  bytes syn_fct:  270  get_fct:  270
Thread-1  switching off for  24  ms
Thread-0  Flow # 15  size:  1348  bytes syn_fct:  259  get_fct:  259
Thread-0  switching off for  740  ms
Thread-5  Flow # 13  size:  297  bytes syn_fct:  138  get_fct:  138
Thread-5  switching off for  319  ms
Thread-4  Flow # 18  size:  5867  bytes syn_fct:  454  get_fct:  454
Thread-4  switching off for  1121  ms
Thread-1  Flow # 18  size:  133  bytes syn_fct:  126  get_fct:  126
Thread-1  switching off for  728  ms
Thread-5  Flow # 14  size:  163  bytes syn_fct:  110  get_fct:  110
Thread-5  switching off for  283  ms
Thread-5  Flow # 15  size:  93  bytes syn_fct:  176  get_fct:  176
Thread-5  switching off for  370  ms
Thread-7  Flow # 11  size:  57540  bytes syn_fct:  2550  get_fct:  2550
Thread-7  switching off for  253  ms
Thread-0  Flow # 16  size:  2199  bytes syn_fct:  258  get_fct:  258
Thread-0  switching off for  441  ms
Thread-1  Flow # 19  size:  468  bytes syn_fct:  131  get_fct:  130
Thread-1  switching off for  517  ms
Thread-7  Flow # 12  size:  838  bytes syn_fct:  127  get_fct:  127
Thread-7  switching off for  43  ms
Thread-4  Flow # 19  size:  794  bytes syn_fct:  159  get_fct:  159
Thread-4  switching off for  583  ms
Thread-5  Flow # 16  size:  321  bytes syn_fct:  160  get_fct:  160
Thread-5  switching off for  166  ms
Thread-7  Flow # 13  size:  76  bytes syn_fct:  106  get_fct:  106
Thread-7  switching off for  114  ms
Thread-0  Flow # 17  size:  193  bytes syn_fct:  169  get_fct:  169
Thread-0  switching off for  171  ms
Thread-1  Flow # 20  size:  910  bytes syn_fct:  102  get_fct:  102
Thread-1  switching off for  134  ms
Thread-7  Flow # 14  size:  635  bytes syn_fct:  86  get_fct:  86
Thread-7  switching off for  315  ms
Thread-1  Flow # 21  size:  2499  bytes syn_fct:  254  get_fct:  254
Thread-1  switching off for  1195  ms
Thread-5  Flow # 17  size:  7505  bytes syn_fct:  421  get_fct:  421
Thread-5  switching off for  1211  ms
Thread-7  Flow # 15  size:  309  bytes syn_fct:  123  get_fct:  123
Thread-7  switching off for  41  ms
Thread-7  Flow # 16  size:  360  bytes syn_fct:  139  get_fct:  139
Thread-7  switching off for  446  ms
Thread-4  Flow # 20  size:  11239  bytes syn_fct:  734  get_fct:  734
Thread-4  switching off for  533  ms
Thread-0  Flow # 18  size:  23233  bytes syn_fct:  1458  get_fct:  1458
Thread-0  switching off for  386  ms
Thread-1  Flow # 22  size:  375  bytes syn_fct:  114  get_fct:  114
Thread-1  switching off for  70  ms
Thread-4  Flow # 21  size:  643  bytes syn_fct:  107  get_fct:  107
Thread-4  switching off for  156  ms
Thread-5  Flow # 18  size:  2800  bytes syn_fct:  177  get_fct:  177
Thread-5  switching off for  113  ms
Thread-4 