Initializing random seed 23
Thread-4
Thread-4  switching off for  776  ms
Thread-3
Thread-3  switching off for  890  ms
Thread-5
Thread-5  switching off for  668  ms
Thread-6
Thread-6  switching off for  26  ms
Thread-2
Thread-2  switching off for  268  ms
Thread-7
Thread-7  switching off for  165  ms
Thread-1
Thread-1  switching off for  226  ms
Thread-8
Thread-8  switching off for  41  ms
Thread-9
Thread-9  switching off for  63  ms
Thread-0
Thread-0  switching off for  176  ms
Thread-8  Flow # 1  size:  437  bytes syn_fct:  1163  get_fct:  54
Thread-8  switching off for  458  ms
Thread-2  Flow # 1  size:  564  bytes syn_fct:  947  get_fct:  68
Thread-2  switching off for  266  ms
Thread-7  Flow # 1  size:  67  bytes syn_fct:  1070  get_fct:  88
Thread-7  switching off for  321  ms
Thread-6  Flow # 1  size:  222  bytes syn_fct:  1211  get_fct:  86
Thread-6  switching off for  291  ms
Thread-5  Flow # 1  size:  2232  bytes syn_fct:  606  get_fct:  128
Thread-5  switching off for  1059  ms
Thread-4  Flow # 1  size:  342  bytes syn_fct:  530  get_fct:  156
Thread-4  switching off for  135  ms
Thread-1  Flow # 1  size:  398  bytes syn_fct:  1080  get_fct:  159
Thread-1  switching off for  427  ms
Thread-0  Flow # 1  size:  1844  bytes syn_fct:  1148  get_fct:  176
Thread-0  switching off for  137  ms
Thread-4  Flow # 2  size:  728  bytes syn_fct:  83  get_fct:  83
Thread-4  switching off for  26  ms
Thread-0  Flow # 2  size:  1135  bytes syn_fct:  95  get_fct:  94
Thread-0  switching off for  267  ms
Thread-2  Flow # 2  size:  311  bytes syn_fct:  103  get_fct:  103
Thread-2  switching off for  308  ms
Thread-6  Flow # 2  size:  480  bytes syn_fct:  56  get_fct:  56
Thread-6  switching off for  60  ms
Thread-7  Flow # 2  size:  425  bytes syn_fct:  98  get_fct:  98
Thread-7  switching off for  117  ms
Thread-4  Flow # 3  size:  2019  bytes syn_fct:  162  get_fct:  162
Thread-4  switching off for  65  ms
Thread-6  Flow # 3  size:  153  bytes syn_fct:  97  get_fct:  97
Thread-6  switching off for  31  ms
Thread-1  Flow # 2  size:  87  bytes syn_fct:  72  get_fct:  72
Thread-1  switching off for  515  ms
Thread-8  Flow # 2  size:  4648  bytes syn_fct:  170  get_fct:  170
Thread-8  switching off for  138  ms
Thread-4  Flow # 4  size:  729  bytes syn_fct:  85  get_fct:  85
Thread-4  switching off for  102  ms
Thread-6  Flow # 4  size:  285  bytes syn_fct:  90  get_fct:  90
Thread-6  switching off for  109  ms
Thread-0  Flow # 3  size:  324  bytes syn_fct:  121  get_fct:  121
Thread-0  switching off for  238  ms
Thread-8  Flow # 3  size:  83  bytes syn_fct:  92  get_fct:  92
Thread-8  switching off for  368  ms
Thread-4  Flow # 5  size:  270  bytes syn_fct:  98  get_fct:  98
Thread-4  switching off for  529  ms
Thread-2  Flow # 3  size:  3084  bytes syn_fct:  191  get_fct:  190
Thread-2  switching off for  81  ms
Thread-6  Flow # 5  size:  3300  bytes syn_fct:  178  get_fct:  178
Thread-6  switching off for  236  ms
Thread-0  Flow # 4  size:  795  bytes syn_fct:  78  get_fct:  78
Thread-0  switching off for  872  ms
Thread-1  Flow # 3  size:  125  bytes syn_fct:  133  get_fct:  133
Thread-1  switching off for  7  ms
Thread-8  Flow # 4  size:  398  bytes syn_fct:  151  get_fct:  150
Thread-8  switching off for  348  ms
Thread-1  Flow # 4  size:  4325  bytes syn_fct:  501  get_fct:  501
Thread-1  switching off for  891  ms
Thread-0  Flow # 5  size:  650  bytes syn_fct:  157  get_fct:  157
Thread-0  switching off for  1332  ms
Thread-8  Flow # 5  size:  4140  bytes syn_fct:  470  get_fct:  470
Thread-8  switching off for  414  ms
Thread-2  Flow # 4  size:  20316  bytes syn_fct:  1327  get_fct:  1326
Thread-2  switching off for  127  ms
Thread-8  Flow # 6  size:  357  bytes syn_fct:  147  get_fct:  147
Thread-8  switching off for  23  ms
Thread-1  Flow # 5  size:  181  bytes syn_fct:  139  get_fct:  139
Thread-1  switching off for  65  ms
Thread-8  Flow # 7  size:  460  bytes syn_fct:  135  get_fct:  135
Thread-8  switching off for  901  ms
Thread-0  Flow # 6  size:  215  bytes syn_fct:  128  get_fct:  127
Thread-0  switching off for  32  ms
Thread-0  Flow # 7  size:  618  bytes syn_fct:  124  get_fct:  124
Thread-0  switching off for  55  ms
Thread-0  Flow # 8  size:  665  bytes syn_fct:  186  get_fct:  186
Thread-0  switching off for  87  ms
Thread-0  Flow # 9  size:  398  bytes syn_fct:  151  get_fct:  151
Thread-0  switching off for  693  ms
Thread-8  Flow # 8  size:  4454  bytes syn_fct:  457  get_fct:  457
Thread-8  switching off for  176  ms
Thread-8  Flow # 9  size:  332  bytes syn_fct:  124  get_fct:  124
Thread-8  switching off for  668  ms
Thread-1  Flow # 6  size:  28633  bytes syn_fct:  2293  get_fct:  2292
Thread-1  switching off for  676  ms
Thread-0  Flow # 10  size:  4515  bytes syn_fct:  445  get_fct:  445
Thread-0  switching off for  159  ms
Thread-8  Flow # 10  size:  1460  bytes syn_fct:  250  get_fct:  250
Thread-8  switching off for  531  ms
Thread-0  Flow # 11  size:  1527  bytes syn_fct:  161  get_fct:  161
Thread-0  switching off for  306  ms
Thread-1  Flow # 7  size:  245  bytes syn_fct:  104  get_fct:  104
Thread-1  switching off for  104  ms
Thread-0  Flow # 12  size:  392  bytes syn_fct:  133  get_fct:  133
Thread-0  switching off for  239  ms
Thread-1  Flow # 8  size:  688  bytes syn_fct:  115  get_fct:  115
Thread-1  switching off for  525  ms
Thread-8  Flow # 11  size:  2924  bytes syn_fct:  417  get_fct:  417
Thread-8  switching off for  299  ms
Thread-0  Flow # 13  size:  83  bytes syn_fct:  161  get_fct:  160
Thread-0  switching off for  121  ms
Thread-0  Flow # 14  size:  695  bytes syn_fct:  149  get_fct:  149
Thread-0  switching off for  907  ms
Thread-8  Flow # 12  size:  260  bytes syn_fct:  102  get_fct:  102
Thread-8  switching off for  24  ms
Thread-8  Flow # 13  size:  700  bytes syn_fct:  225  get_fct:  224
Thread-8  switching off for  234  ms
Thread-1  Flow # 9  size:  5703  bytes syn_fct:  533  get_fct:  533
Thread-1  switching off for  80  ms
Thread-5  Flow # 2  size:  93322  bytes syn_fct:  6220  get_fct:  6219
Thread-5  switching off for  179  ms
Thread-1  Flow # 10  size:  700  bytes syn_fct:  170  get_fct:  170
Thread-1  switching off for  380  ms
Thread-4  Flow # 6  size:  87654  bytes syn_fct:  6069  get_fct:  6069
Thread-4  switching off for  1  ms
Thread-8  Flow # 14  size:  471  bytes syn_fct:  154  get_fct:  154
Thread-8  switching off for  461  ms
Thread-4  Flow # 7  size:  357  bytes syn_fct:  128  get_fct:  101
Thread-4  switching off for  606  ms
Thread-5  Flow # 3  size:  93  bytes syn_fct:  91  get_fct:  91
Thread-5  switching off for  68  ms
Thread-2  Flow # 5  size:  90487  bytes syn_fct:  5303  get_fct:  5303
Thread-2  switching off for  178  ms
Thread-5  Flow # 4  size:  142  bytes syn_fct:  101  get_fct:  100
Thread-5  switching off for  164  ms
Thread-0  Flow # 15  size:  1370  bytes syn_fct:  152  get_fct:  151
Thread-0  switching off for  25  ms
Thread-0  Flow # 16  size:  498  bytes syn_fct:  125  get_fct:  125
Thread-0  switching off for  224  ms
Thread-1  Flow # 11  size:  1627  bytes syn_fct:  179  get_fct:  179
Thread-1  switching off for  106  ms
Thread-8  Flow # 15  size:  650  bytes syn_fct:  110  get_fct:  109
Thread-8  switching off for  687  ms
Thread-5  Flow # 5  size:  683  bytes syn_fct:  106  get_fct:  106
Thread-5  switching off for  27  ms
Thread-2  Flow # 6  size:  1481  bytes syn_fct:  201  get_fct:  201
Thread-2  switching off for  597  ms
Thread-1  Flow # 12  size:  536  bytes syn_fct:  73  get_fct:  73
Thread-1  switching off for  278  ms
Thread-4  Flow # 8  size:  1266  bytes syn_fct:  262  get_fct:  262
Thread-4  switching off for  103  ms
Thread-1  Flow # 13  size:  315  bytes syn_fct:  112  get_fct:  112
Thread-1  switching off for  107  ms
Thread-0  Flow # 17  size:  3060  bytes syn_fct:  422  get_fct:  421
Thread-0  switching off for  963  ms
Thread-5  Flow # 6  size:  9513  bytes syn_fct:  550  get_fct:  549
Thread-5  switching off for  125  ms
Thread-4  Flow # 9  size:  336  bytes syn_fct:  87  get_fct:  87
Thread-4  switching off for  147  ms
Thread-2  Flow # 7  size:  398  bytes syn_fct:  132  get_fct:  132
Thread-2  switching off for  97  ms
Thread-8  Flow # 16  size:  492  bytes syn_fct:  122  get_fct:  122
Thread-8  switching off for  27  ms
Thread-5  Flow # 7  size:  678  bytes syn_fct:  145  get_fct:  145
Thread-5  switching off for  91  ms
Thread-4  Flow # 10  size:  267  bytes syn_fct:  142  get_fct:  142
Thread-4  switching off for  209  ms
Thread-1  Flow # 14  size:  4679  bytes syn_fct:  290  get_fct:  290
Thread-1  switching off for  35  ms
Thread-8  Flow # 17  size:  215  bytes syn_fct:  92  get_fct:  92
Thread-8  switching off for  186  ms
Thread-5  Flow # 8  size:  88  bytes syn_fct:  88  get_fct:  88
Thread-5  switching off for  175  ms
Thread-1  Flow # 15  size:  706  bytes syn_fct:  106  get_fct:  106
Thread-1  switching off for  586  ms
Thread-4  Flow # 11  size:  271  bytes syn_fct:  170  get_fct:  169
Thread-4  switching off for  1215  ms
Thread-2  Flow # 8  size:  6940  bytes syn_fct:  421  get_fct:  421
Thread-2  switching off for  301  ms
Thread-5  Flow # 9  size:  259  bytes syn_fct:  93  get_fct:  93
Thread-5  switching off for  13  ms
Thread-8  Flow # 18  size:  6881  bytes syn_fct:  463  get_fct:  462
Thread-8  switching off for  134  ms
Thread-5  Flow # 10  size:  4184  bytes syn_fct:  266  get_fct:  266
Thread-5  switching off for  47  ms
Thread-0  Flow # 18  size:  285  bytes syn_fct:  147  get_fct:  147
Thread-0  switching off for  151  ms
Thread-5  Flow # 11  size:  75  bytes syn_fct:  123  get_fct:  123
Thread-5  switching off for  104  ms
Thread-1  Flow # 16  size:  2361  bytes syn_fct:  201  get_fct:  201
Thread-1  switching off for  319  ms
Thread-8  Flow # 19  size:  1348  bytes syn_fct:  205  get_fct:  204
Thread-8  switching off for  55  ms
Thread-0  Flow # 19  size:  51  bytes syn_fct:  109  get_fct:  108
Thread-0  switching off for  1121  ms
Thread-2  Flow # 9  size:  5867  bytes syn_fct:  349  get_fct:  348
Thread-2  switching off for  728  ms
Thread-8  Flow # 20  size:  163  bytes syn_fct:  185  get_fct:  185
Thread-8  switching off for  5  ms
Thread-8  Flow # 21  size:  872  bytes syn_fct:  105  get_fct:  104
Thread-8  switching off for  394  ms
Thread-1  Flow # 17  size:  93  bytes syn_fct:  140  get_fct:  140
Thread-1  switching off for  189  ms
Thread-1  Flow # 18  size:  721  bytes syn_fct:  121  get_fct:  121
Thread-1  switching off for  441  ms
Thread-4  Flow # 12  size:  1819  bytes syn_fct:  193  get_fct:  193
Thread-4  switching off for  268  ms
Thread-2  Flow # 10  size:  838  bytes syn_fct:  131  get_fct:  131
Thread-2  switching off for  118  ms
Thread-5  Flow # 12  size:  18668  bytes syn_fct:  1005  get_fct:  1005
Thread-5  switching off for  43  ms
Thread-8  Flow # 22  size:  4921  bytes syn_fct:  265  get_fct:  264
Thread-8  switching off for  69  ms
Thread-5  Flow # 13  size:  76  bytes syn_fct:  168  get_fct:  167
Thread-5  switching off for  228  ms
Thread-4  Flow # 13  size:  401  bytes syn_fct:  144  get_fct:  144
Thread-4  switching off for  171  ms
Thread-8  Flow # 23  size:  312  bytes syn_fct:  111  get_fct:  111
Thread-8  switching off for  134  ms
Thread-0  Flow # 20  size:  910  bytes syn_fct:  148  get_fct:  147
Thread-0  switching off for  315  ms
Thread-2  Flow # 11  size:  7295  bytes syn_fct:  561  get_fct:  561
Thread-2  switching off for  652  ms
Thread-5  Flow # 14  size:  309  bytes syn_fct:  182  get_fct:  182
Thread-5  switching off for  1195  ms
Thread-8  Flow # 24  size:  2499  bytes syn_fct:  244  get_fct:  244
Thread-8  switching off for  1211  ms
Thread-1  Flow # 19  size:  7505  bytes syn_fct:  526  get_fct:  526
Thread-1  switching off for  143  ms
Thread-0  Flow # 21  size:  91  bytes syn_fct:  133  get_fct:  133
Thread-0  switching off for  446  ms
Thread-1  Flow # 20  size:  5445  bytes syn_fct:  387  get_fct:  386
Thread-1  switching off for  150  ms
Thread-2  Flow # 12  size:  2169  bytes syn_fct:  206  get_fct:  206
Thread-2  switching off for  229  ms
Thread-4  Flow # 14  size:  23233  bytes syn_fct:  1315  get_fct:  1315
Thread-4  switching off for  156  ms
Thread-2  Flow # 13  size:  206  bytes syn_fct:  122  get_fct:  121
Thread-2  switching off for  113  ms
Thre