Initializing random seed 23
Thread-3
Thread-3  switching off for  776  ms
Thread-4
Thread-4  switching off for  890  ms
Thread-2
Thread-2  switching off for  668  ms
Thread-5
Thread-5  switching off for  26  ms
Thread-6
Thread-6  switching off for  268  ms
Thread-7
Thread-7  switching off for  165  ms
Thread-1
Thread-1  switching off for  226  ms
Thread-8
Thread-8  switching off for  41  ms
Thread-9
Thread-9  switching off for  63  ms
Thread-0
Thread-0  switching off for  176  ms
Thread-6  Flow # 1  size:  564  bytes syn_fct:  908  get_fct:  43
Thread-6  switching off for  458  ms
Thread-0  Flow # 1  size:  1844  bytes syn_fct:  1014  get_fct:  50
Thread-0  switching off for  266  ms
Thread-5  Flow # 1  size:  222  bytes syn_fct:  1151  get_fct:  50
Thread-5  switching off for  321  ms
Thread-3  Flow # 1  size:  342  bytes syn_fct:  420  get_fct:  52
Thread-3  switching off for  291  ms
Thread-8  Flow # 1  size:  437  bytes syn_fct:  1157  get_fct:  57
Thread-8  switching off for  1059  ms
Thread-7  Flow # 1  size:  67  bytes syn_fct:  1036  get_fct:  55
Thread-7  switching off for  135  ms
Thread-1  Flow # 1  size:  398  bytes syn_fct:  976  get_fct:  57
Thread-1  switching off for  427  ms
Thread-2  Flow # 1  size:  2232  bytes syn_fct:  535  get_fct:  57
Thread-2  switching off for  137  ms
Thread-7  Flow # 2  size:  728  bytes syn_fct:  45  get_fct:  45
Thread-7  switching off for  113  ms
Thread-2  Flow # 2  size:  1135  bytes syn_fct:  46  get_fct:  45
Thread-2  switching off for  26  ms
Thread-2  Flow # 3  size:  480  bytes syn_fct:  45  get_fct:  45
Thread-2  switching off for  267  ms
Thread-0  Flow # 2  size:  2019  bytes syn_fct:  49  get_fct:  49
Thread-0  switching off for  60  ms
Thread-3  Flow # 2  size:  425  bytes syn_fct:  44  get_fct:  44
Thread-3  switching off for  117  ms
Thread-7  Flow # 3  size:  991  bytes syn_fct:  44  get_fct:  44
Thread-7  switching off for  507  ms
Thread-5  Flow # 2  size:  153  bytes syn_fct:  41  get_fct:  41
Thread-5  switching off for  65  ms
Thread-0  Flow # 3  size:  87  bytes syn_fct:  44  get_fct:  44
Thread-0  switching off for  31  ms
Thread-1  Flow # 2  size:  285  bytes syn_fct:  47  get_fct:  47
Thread-1  switching off for  138  ms
Thread-6  Flow # 2  size:  729  bytes syn_fct:  48  get_fct:  48
Thread-6  switching off for  102  ms
Thread-3  Flow # 3  size:  324  bytes syn_fct:  47  get_fct:  47
Thread-3  switching off for  109  ms
Thread-0  Flow # 4  size:  4871  bytes syn_fct:  57  get_fct:  57
Thread-0  switching off for  450  ms
Thread-2  Flow # 4  size:  675  bytes syn_fct:  46  get_fct:  46
Thread-2  switching off for  89  ms
Thread-6  Flow # 3  size:  83  bytes syn_fct:  43  get_fct:  43
Thread-6  switching off for  529  ms
Thread-3  Flow # 4  size:  3300  bytes syn_fct:  51  get_fct:  51
Thread-3  switching off for  81  ms
Thread-1  Flow # 3  size:  1780  bytes syn_fct:  54  get_fct:  54
Thread-1  switching off for  753  ms
Thread-2  Flow # 5  size:  670  bytes syn_fct:  45  get_fct:  45
Thread-2  switching off for  269  ms
Thread-7  Flow # 4  size:  125  bytes syn_fct:  47  get_fct:  47
Thread-7  switching off for  1106  ms
Thread-3  Flow # 5  size:  38798  bytes syn_fct:  170  get_fct:  170
Thread-3  switching off for  17  ms
Thread-3  Flow # 6  size:  398  bytes syn_fct:  47  get_fct:  47
Thread-3  switching off for  497  ms
Thread-2  Flow # 6  size:  1450  bytes syn_fct:  54  get_fct:  54
Thread-2  switching off for  1091  ms
Thread-8  Flow # 2  size:  4140  bytes syn_fct:  60  get_fct:  60
Thread-8  switching off for  891  ms
Thread-6  Flow # 4  size:  650  bytes syn_fct:  49  get_fct:  49
Thread-6  switching off for  1332  ms
Thread-1  Flow # 4  size:  2599  bytes syn_fct:  56  get_fct:  56
Thread-1  switching off for  1099  ms
Thread-3  Flow # 7  size:  334  bytes syn_fct:  48  get_fct:  47
Thread-3  switching off for  141  ms
Thread-3  Flow # 8  size:  181  bytes syn_fct:  49  get_fct:  49
Thread-3  switching off for  23  ms
Thread-3  Flow # 9  size:  460  bytes syn_fct:  46  get_fct:  46
Thread-3  switching off for  65  ms
Thread-3  Flow # 10  size:  28633  bytes syn_fct:  149  get_fct:  148
Thread-3  switching off for  901  ms
Thread-7  Flow # 5  size:  215  bytes syn_fct:  47  get_fct:  47
Thread-7  switching off for  225  ms
Thread-8  Flow # 3  size:  80  bytes syn_fct:  47  get_fct:  47
Thread-8  switching off for  55  ms
Thread-8  Flow # 4  size:  665  bytes syn_fct:  46  get_fct:  46
Thread-8  switching off for  87  ms
Thread-2  Flow # 7  size:  4454  bytes syn_fct:  61  get_fct:  61
Thread-2  switching off for  164  ms
Thread-7  Flow # 6  size:  419  bytes syn_fct:  48  get_fct:  48
Thread-7  switching off for  125  ms
Thread-8  Flow # 5  size:  14218  bytes syn_fct:  92  get_fct:  92
Thread-8  switching off for  668  ms
Thread-2  Flow # 8  size:  4515  bytes syn_fct:  64  get_fct:  64
Thread-2  switching off for  676  ms
Thread-7  Flow # 7  size:  1460  bytes syn_fct:  54  get_fct:  53
Thread-7  switching off for  159  ms
Thread-6  Flow # 5  size:  1527  bytes syn_fct:  53  get_fct:  53
Thread-6  switching off for  306  ms
Thread-1  Flow # 5  size:  5372  bytes syn_fct:  65  get_fct:  65
Thread-1  switching off for  81  ms
Thread-7  Flow # 8  size:  299  bytes syn_fct:  48  get_fct:  48
Thread-7  switching off for  158  ms
Thread-1  Flow # 6  size:  2924  bytes syn_fct:  59  get_fct:  59
Thread-1  switching off for  244  ms
Thread-7  Flow # 9  size:  675  bytes syn_fct:  49  get_fct:  49
Thread-7  switching off for  299  ms
Thread-6  Flow # 6  size:  83  bytes syn_fct:  48  get_fct:  48
Thread-6  switching off for  121  ms
Thread-3  Flow # 11  size:  5188  bytes syn_fct:  65  get_fct:  65
Thread-3  switching off for  245  ms
Thread-8  Flow # 6  size:  5703  bytes syn_fct:  68  get_fct:  68
Thread-8  switching off for  24  ms
Thread-1  Flow # 7  size:  260  bytes syn_fct:  49  get_fct:  49
Thread-1  switching off for  247  ms
Thread-2  Flow # 9  size:  660  bytes syn_fct:  49  get_fct:  49
Thread-2  switching off for  246  ms
Thread-8  Flow # 7  size:  240  bytes syn_fct:  47  get_fct:  46
Thread-8  switching off for  190  ms
Thread-3  Flow # 12  size:  428  bytes syn_fct:  50  get_fct:  50
Thread-3  switching off for  1  ms
Thread-7  Flow # 10  size:  2033  bytes syn_fct:  60  get_fct:  60
Thread-7  switching off for  461  ms
Thread-6  Flow # 7  size:  45508  bytes syn_fct:  213  get_fct:  213
Thread-6  switching off for  45  ms
Thread-3  Flow # 13  size:  357  bytes syn_fct:  48  get_fct:  48
Thread-3  switching off for  606  ms
Thread-1  Flow # 8  size:  187  bytes syn_fct:  45  get_fct:  45
Thread-1  switching off for  178  ms
Thread-6  Flow # 8  size:  1370  bytes syn_fct:  46  get_fct:  45
Thread-6  switching off for  164  ms
Thread-8  Flow # 8  size:  142  bytes syn_fct:  44  get_fct:  44
Thread-8  switching off for  25  ms
Thread-2  Flow # 10  size:  1627  bytes syn_fct:  43  get_fct:  43
Thread-2  switching off for  350  ms
Thread-8  Flow # 9  size:  498  bytes syn_fct:  44  get_fct:  44
Thread-8  switching off for  232  ms
Thread-6  Flow # 9  size:  683  bytes syn_fct:  45  get_fct:  45
Thread-6  switching off for  106  ms
Thread-1  Flow # 9  size:  608  bytes syn_fct:  46  get_fct:  45
Thread-1  switching off for  687  ms
Thread-8  Flow # 10  size:  68  bytes syn_fct:  50  get_fct:  50
Thread-8  switching off for  597  ms
Thread-6  Flow # 10  size:  9513  bytes syn_fct:  80  get_fct:  80
Thread-6  switching off for  450  ms
Thread-7  Flow # 11  size:  536  bytes syn_fct:  47  get_fct:  47
Thread-7  switching off for  278  ms
Thread-2  Flow # 11  size:  1266  bytes syn_fct:  57  get_fct:  57
Thread-2  switching off for  103  ms
Thread-3  Flow # 14  size:  315  bytes syn_fct:  44  get_fct:  43
Thread-3  switching off for  107  ms
Thread-2  Flow # 12  size:  336  bytes syn_fct:  43  get_fct:  43
Thread-2  switching off for  963  ms
Thread-7  Flow # 12  size:  331  bytes syn_fct:  44  get_fct:  44
Thread-7  switching off for  163  ms
Thread-3  Flow # 15  size:  366  bytes syn_fct:  44  get_fct:  44
Thread-3  switching off for  508  ms
Thread-6  Flow # 11  size:  492  bytes syn_fct:  44  get_fct:  44
Thread-6  switching off for  242  ms
Thread-7  Flow # 13  size:  267  bytes syn_fct:  45  get_fct:  45
Thread-7  switching off for  27  ms
Thread-1  Flow # 10  size:  285  bytes syn_fct:  44  get_fct:  44
Thread-1  switching off for  73  ms
Thread-8  Flow # 11  size:  275  bytes syn_fct:  44  get_fct:  43
Thread-8  switching off for  209  ms
Thread-7  Flow # 14  size:  6940  bytes syn_fct:  59  get_fct:  58
Thread-7  switching off for  186  ms
Thread-1  Flow # 11  size:  85  bytes syn_fct:  45  get_fct:  45
Thread-1  switching off for  38  ms
Thread-1  Flow # 12  size:  706  bytes syn_fct:  48  get_fct:  48
Thread-1  switching off for  586  ms
Thread-6  Flow # 12  size:  417  bytes syn_fct:  48  get_fct:  48
Thread-6  switching off for  90  ms
Thread-7  Flow # 15  size:  259  bytes syn_fct:  51  get_fct:  51
Thread-7  switching off for  301  ms
Thread-8  Flow # 12  size:  6881  bytes syn_fct:  69  get_fct:  69
Thread-8  switching off for  493  ms
Thread-7  Flow # 16  size:  285  bytes syn_fct:  50  get_fct:  49
Thread-7  switching off for  47  ms
Thread-2  Flow # 13  size:  345  bytes syn_fct:  53  get_fct:  53
Thread-2  switching off for  545  ms
Thread-7  Flow # 17  size:  75  bytes syn_fct:  52  get_fct:  52
Thread-7  switching off for  402  ms
Thread-1  Flow # 13  size:  375  bytes syn_fct:  48  get_fct:  48
Thread-1  switching off for  104  ms
Thread-8  Flow # 13  size:  1348  bytes syn_fct:  53  get_fct:  53
Thread-8  switching off for  24  ms
Thread-3  Flow # 16  size:  138917  bytes syn_fct:  614  get_fct:  614
Thread-3  switching off for  319  ms
Thread-1  Flow # 14  size:  133  bytes syn_fct:  52  get_fct:  52
Thread-1  switching off for  1121  ms
Thread-8  Flow # 14  size:  18668  bytes syn_fct:  129  get_fct:  129
Thread-8  switching off for  728  ms
Thread-7  Flow # 18  size:  163  bytes syn_fct:  46  get_fct:  45
Thread-7  switching off for  5  ms
Thread-2  Flow # 14  size:  872  bytes syn_fct:  49  get_fct:  49
Thread-2  switching off for  189  ms
Thread-7  Flow # 19  size:  93  bytes syn_fct:  48  get_fct:  48
Thread-7  switching off for  370  ms
Thread-3  Flow # 17  size:  2199  bytes syn_fct:  59  get_fct:  58
Thread-3  switching off for  253  ms
Thread-2  Flow # 15  size:  2924  bytes syn_fct:  55  get_fct:  54
Thread-2  switching off for  517  ms
Thread-3  Flow # 18  size:  838  bytes syn_fct:  49  get_fct:  49
Thread-3  switching off for  268  ms
Thread-7  Flow # 20  size:  321  bytes syn_fct:  47  get_fct:  47
Thread-7  switching off for  43  ms
Thread-7  Flow # 21  size:  76  bytes syn_fct:  48  get_fct:  48
Thread-7  switching off for  69  ms
Thread-8  Flow # 15  size:  7295  bytes syn_fct:  81  get_fct:  81
Thread-8  switching off for  166  ms
Thread-7  Flow # 22  size:  312  bytes syn_fct:  51  get_fct:  50
Thread-7  switching off for  228  ms
Thread-3  Flow # 19  size:  910  bytes syn_fct:  51  get_fct:  51
Thread-3  switching off for  587  ms
Thread-8  Flow # 16  size:  409  bytes syn_fct:  44  get_fct:  44
Thread-8  switching off for  315  ms
Thread-2  Flow # 16  size:  345  bytes syn_fct:  48  get_fct:  47
Thread-2  switching off for  409  ms
Thread-7  Flow # 23  size:  309  bytes syn_fct:  64  get_fct:  64
Thread-7  switching off for  652  ms
Thread-1  Flow # 15  size:  23233  bytes syn_fct:  157  get_fct:  157
Thread-1  switching off for  1195  ms
Thread-2  Flow # 17  size:  91  bytes syn_fct:  50  get_fct:  50
Thread-2  switching off for  446  ms
Thread-3  Flow # 20  size:  360  bytes syn_fct:  52  get_fct:  52
Thread-3  switching off for  533  ms
Thread-8  Flow # 17  size:  136580  bytes syn_fct:  631  get_fct:  631
Thread-8  switching off for  386  ms
Thread-2  Flow # 18  size:  375  bytes syn_fct:  49  get_fct:  49
Thread-2  switching off for  425  ms
Thread-3  Flow # 21  size:  643  bytes syn_fct:  44  get_fct:  44
Thread-3  switching off for  70  ms
Thread-3  Flow # 22  size:  388  bytes syn_fct:  54  get_fct:  54
Thread-3  switching off for  18  ms
Thread-3  Flow # 23  size:  311  bytes syn_fct:  51  get_fct:  51
Thread-3  switching off for  167  ms
Thread-8  Flow # 18  size:  4994  bytes syn_fct:  78  get_fct:  78
Thread-8  swit